
ROM used:   324/8192 (4%)
            324/8192 (4%) including unused fragments

            0.4 Average locations per line
            3.5 Average locations per statement

RAM used:   18/368 (5%) at main() level
            19/368 (5%) worst case

Stack used: 1 worst case (0 in main + 1 for interrupts)
Stack size: 8

Lines Stmts  %   Files
----- ----- ---  -----
  130    93 100  INT_PORTB.c
  671     0   0  D:\Program File\PICC\Devices\16F877a.h
----- -----
  801    93 Total

Page ROM  %  RAM   Vol Diff  Functions:
---- --- --- ---   --- ----  ----------
0    114  35    1   837  2.9  ngat_uart
0    161  50    1  1327  3.9  MAIN
 Inline         0             @cinit1

Program metrics:
    Functions               2
    Statements              93
    Comments                121
    Volume (V)              2500
    Difficulty (D)          6.8
    Effort to implement (E) 16904
    Time to implement (T)   16 minutes
    Est Delivered Bugs (B)  0
    Cyclomatic Complexity   19
    Maintainability (MI)    45

 Segment     Used  Free
-----------  ----  ----
00000-00003     4  0  
00004-00030    45  0  
00031-007FF   275  1724  
00800-00FFF     0  2048  
01000-017FF     0  2048  
01800-01FFF     0  2048  



