
ROM used:   296/8192 (4%)
            296/8192 (4%) including unused fragments

            0.4 Average locations per line
            6.2 Average locations per statement

RAM used:   16/368 (4%) at main() level
            18/368 (5%) worst case

Stack used: 3 worst case (1 in main + 2 for interrupts)
Stack size: 8

Lines Stmts  %   Files
----- ----- ---  -----
   99    48 100  main.c
  671     0   0  D:\Program File\PICC\Devices\16f877a.h
----- -----
  770    48 Total

Page ROM  %  RAM   Vol Diff  Functions:
---- --- --- ---   --- ----  ----------
0    170  57    1   925  4.4  ngatadc
0      5   2    0    12  0.8  intad
0     72  24    0   263  2.3  MAIN
 Inline         0             @cinit1

Program metrics:
    Functions               3
    Statements              48
    Comments                128
    Volume (V)              1405
    Difficulty (D)          8.0
    Effort to implement (E) 11196
    Time to implement (T)   10 minutes
    Est Delivered Bugs (B)  0
    Cyclomatic Complexity   5
    Maintainability (MI)    62

 Segment     Used  Free
-----------  ----  ----
00000-00003     4  0  
00004-00030    45  0  
00031-007FF   247  1752  
00800-00FFF     0  2048  
01000-017FF     0  2048  
01800-01FFF     0  2048  



