

HI-TECH Software PIC LITE Macro Assembler V9.81 build 7503 
                                                                                               Sat Sep 19 08:35:10 2020

HI-TECH Software Omniscient Code Generator (Lite mode) build 7503
     1  0000                     opt subtitle "HI-TECH Software Omniscient Code Generator (Lite mode) build 7503"
     2                           
     3                           opt pagewidth 120
     4                           
     5                           	opt lm
     6                           
     7                           	processor	16F877
     8                           clrc	macro
     9                           	bcf	3,0
    10  0000                     	endm
    11                           clrz	macro
    12                           	bcf	3,2
    13  0000                     	endm
    14                           setc	macro
    15                           	bsf	3,0
    16  0000                     	endm
    17                           setz	macro
    18                           	bsf	3,2
    19  0000                     	endm
    20                           skipc	macro
    21                           	btfss	3,0
    22  0000                     	endm
    23                           skipz	macro
    24                           	btfss	3,2
    25  0000                     	endm
    26                           skipnc	macro
    27                           	btfsc	3,0
    28  0000                     	endm
    29                           skipnz	macro
    30                           	btfsc	3,2
    31  0000                     	endm
    32  0000                     indf	equ	0
    33  0000                     indf0	equ	0
    34  0002                     pc	equ	2
    35  0002                     pcl	equ	2
    36  0003                     status	equ	3
    37  0004                     fsr	equ	4
    38  0004                     fsr0	equ	4
    39  0001                     c	equ	1
    40  0000                     z	equ	0
    41  000A                     pclath	equ	10
    42                           # 3 "newmain.c"
    43                           	psect config,class=CONFIG,delta=2 ;#
    44                           # 3 "newmain.c"
    45  2007  FD7A               	dw 0xFFFE & 0xFFFB & 0xFFFF & 0xFFFF & 0xFFFF & 0xFF7F & 0xFFFF & 0xFDFF & 0xFFFF ;#
    46                           	FNCALL	_main,_lcd_init
    47                           	FNCALL	_main,_cmd
    48                           	FNCALL	_main,_show
    49                           	FNCALL	_show,_dat
    50                           	FNCALL	_lcd_init,_cmd
    51                           	FNCALL	_dat,_lcd_delay
    52                           	FNCALL	_cmd,_lcd_delay
    53                           	FNROOT	_main
    54                           	global	_PORTB
    55                           psect	text90,local,class=CODE,delta=2
    56                           global __ptext90
    57  0000                     __ptext90:
    58  0006                     _PORTB	set	6
    59                           	global	_RD2
    60  0042                     _RD2	set	66
    61                           	global	_RD3
    62  0043                     _RD3	set	67
    63                           	global	_TRISB
    64  0086                     _TRISB	set	134
    65                           	global	_TRISD2
    66  0442                     _TRISD2	set	1090
    67                           	global	_TRISD3
    68  0443                     _TRISD3	set	1091
    69                           psect	strings,class=STRING,delta=2
    70                           global __pstrings
    71  0003                     __pstrings:
    72                           ;	global	stringdir,stringtab,__stringbase
    73  0003                     stringtab:
    74                           ;	String table - string pointers are 1 byte each
    75  0003                     stringcode:stringdir:
      + 0003                     stringdir:	
    76  0003  3000               movlw high(stringdir)
    77  0004  008A               movwf pclath
    78  0005  0804               movf fsr,w
    79  0006  0A84               incf fsr
    80  0007  0782               	addwf pc
    81  0008                     __stringbase:
    82  0008  3400               	retlw	0
    83                           psect	strings
    84                           	
    85  0009                     STR_1:	
    86  0009  3442               	retlw	66	;'B'
    87  000A  3469               	retlw	105	;'i'
    88  000B  346E               	retlw	110	;'n'
    89  000C  3468               	retlw	104	;'h'
    90  000D  3420               	retlw	32	;' '
    91  000E  344E               	retlw	78	;'N'
    92  000F  3447               	retlw	71	;'G'
    93  0010  344F               	retlw	79	;'O'
    94  0011  342C               	retlw	44	;','
    95  0012  3420               	retlw	32	;' '
    96  0013  3457               	retlw	87	;'W'
    97  0014  3445               	retlw	69	;'E'
    98  0015  344C               	retlw	76	;'L'
    99  0016  3443               	retlw	67	;'C'
   100  0017  344F               	retlw	79	;'O'
   101  0018  344D               	retlw	77	;'M'
   102  0019  3445               	retlw	69	;'E'
   103  001A  3420               	retlw	32	;' '
   104  001B  343A               	retlw	58	;':'
   105  001C  3429               	retlw	41	;')'
   106  001D  3400               	retlw	0
   107                           psect	strings
   108                           	file	"C:\Users\BinhNGO\AppData\Local\Temp\shfo."
   109                           	line	#
   110                           psect cinit,class=CODE,delta=2
   111                           global start_initialization
   112  06C3                     start_initialization:
   113                           
   114                           psect cinit,class=CODE,delta=2
   115                           global end_of_initialization
   116                           
   117                           ;End of C runtime variable initialization code
   118                           
   119  06C3                     end_of_initialization:
   120  06C3  0183               clrf status
   121  06C4  120A  118A  2FA1   ljmp _main	;jump to C main() function
   122                           psect	cstackCOMMON,class=COMMON,space=1
   123                           global __pcstackCOMMON
   124  0070                     __pcstackCOMMON:
   125                           	global	?_lcd_init
   126  0070                     ?_lcd_init:	; 0 bytes @ 0x0
   127                           	global	?_cmd
   128  0070                     ?_cmd:	; 0 bytes @ 0x0
   129                           	global	?_show
   130  0070                     ?_show:	; 0 bytes @ 0x0
   131                           	global	?_lcd_delay
   132  0070                     ?_lcd_delay:	; 0 bytes @ 0x0
   133                           	global	??_lcd_delay
   134  0070                     ??_lcd_delay:	; 0 bytes @ 0x0
   135                           	global	?_main
   136  0070                     ?_main:	; 0 bytes @ 0x0
   137                           	global	?_dat
   138  0070                     ?_dat:	; 0 bytes @ 0x0
   139                           	global	lcd_delay@lcd_delay
   140  0070                     lcd_delay@lcd_delay:	; 2 bytes @ 0x0
   141  0070                     	ds	2
   142                           	global	??_cmd
   143  0072                     ??_cmd:	; 0 bytes @ 0x2
   144                           	global	??_dat
   145  0072                     ??_dat:	; 0 bytes @ 0x2
   146  0072                     	ds	2
   147                           	global	cmd@a
   148  0074                     cmd@a:	; 1 bytes @ 0x4
   149                           	global	dat@b
   150  0074                     dat@b:	; 1 bytes @ 0x4
   151  0074                     	ds	1
   152                           	global	??_lcd_init
   153  0075                     ??_lcd_init:	; 0 bytes @ 0x5
   154                           	global	??_show
   155  0075                     ??_show:	; 0 bytes @ 0x5
   156  0075                     	ds	1
   157                           	global	show@s
   158  0076                     show@s:	; 1 bytes @ 0x6
   159  0076                     	ds	1
   160                           	global	??_main
   161  0077                     ??_main:	; 0 bytes @ 0x7
   162                           	global	main@i
   163  0077                     main@i:	; 2 bytes @ 0x7
   164  0077                     	ds	2
   165 ;;Data sizes: Strings 21, constant 0, data 0, bss 0, persistent 0 stack 0
   166 ;;Auto spaces:   Size  Autos    Used
   167 ;; COMMON          14      9       9
   168 ;; BANK0           80      0       0
   169 ;; BANK1           80      0       0
   170 ;; BANK3           96      0       0
   171 ;; BANK2           96      0       0
   172                           
   173 ;;
   174 ;; Pointer list with targets:
   175                           
   176 ;; show@s	PTR unsigned char  size(1) Largest target is 21
   177 ;;		 -> STR_1(CODE[21]), 
   178 ;;
   179                           
   180                           
   181 ;;
   182 ;; Critical Paths under _main in COMMON
   183 ;;
   184 ;;   _main->_show
   185 ;;   _show->_dat
   186 ;;   _lcd_init->_cmd
   187 ;;   _dat->_lcd_delay
   188 ;;   _cmd->_lcd_delay
   189 ;;
   190 ;; Critical Paths under _main in BANK0
   191 ;;
   192 ;;   None.
   193 ;;
   194 ;; Critical Paths under _main in BANK1
   195 ;;
   196 ;;   None.
   197 ;;
   198 ;; Critical Paths under _main in BANK3
   199 ;;
   200 ;;   None.
   201 ;;
   202 ;; Critical Paths under _main in BANK2
   203 ;;
   204 ;;   None.
   205                           
   206 ;;
   207 ;;Main: autosize = 0, tempsize = 0, incstack = 0, save=0
   208 ;;
   209                           
   210 ;;
   211 ;;Call Graph Tables:
   212 ;;
   213 ;; ---------------------------------------------------------------------------------
   214 ;; (Depth) Function   	        Calls       Base Space   Used Autos Params    Refs
   215 ;; ---------------------------------------------------------------------------------
   216 ;; (0) _main                                                 2     2      0     270
   217 ;;                                              7 COMMON     2     2      0
   218 ;;                           _lcd_init
   219 ;;                                _cmd
   220 ;;                               _show
   221 ;; ---------------------------------------------------------------------------------
   222 ;; (1) _show                                                 2     2      0      90
   223 ;;                                              5 COMMON     2     2      0
   224 ;;                                _dat
   225 ;; ---------------------------------------------------------------------------------
   226 ;; (1) _lcd_init                                             0     0      0      60
   227 ;;                                _cmd
   228 ;; ---------------------------------------------------------------------------------
   229 ;; (2) _dat                                                  3     3      0      60
   230 ;;                                              2 COMMON     3     3      0
   231 ;;                          _lcd_delay
   232 ;; ---------------------------------------------------------------------------------
   233 ;; (1) _cmd                                                  3     3      0      60
   234 ;;                                              2 COMMON     3     3      0
   235 ;;                          _lcd_delay
   236 ;; ---------------------------------------------------------------------------------
   237 ;; (3) _lcd_delay                                            2     2      0      30
   238 ;;                                              0 COMMON     2     2      0
   239 ;; ---------------------------------------------------------------------------------
   240 ;; Estimated maximum stack depth 3
   241 ;; ---------------------------------------------------------------------------------
   242                           
   243 ;; Call Graph Graphs:
   244                           
   245 ;; _main (ROOT)
   246 ;;   _lcd_init
   247 ;;     _cmd
   248 ;;       _lcd_delay
   249 ;;   _cmd
   250 ;;     _lcd_delay
   251 ;;   _show
   252 ;;     _dat
   253 ;;       _lcd_delay
   254 ;;
   255                           
   256 ;; Address spaces:
   257                           
   258 ;;Name               Size   Autos  Total    Cost      Usage
   259 ;;BITCOMMON            E      0       0       0        0.0%
   260 ;;EEDATA             100      0       0       0        0.0%
   261 ;;NULL                 0      0       0       0        0.0%
   262 ;;CODE                 0      0       0       0        0.0%
   263 ;;COMMON               E      9       9       1       64.3%
   264 ;;BITSFR0              0      0       0       1        0.0%
   265 ;;SFR0                 0      0       0       1        0.0%
   266 ;;BITSFR1              0      0       0       2        0.0%
   267 ;;SFR1                 0      0       0       2        0.0%
   268 ;;STACK                0      0       3       2        0.0%
   269 ;;ABS                  0      0       0       3        0.0%
   270 ;;BITBANK0            50      0       0       4        0.0%
   271 ;;BITSFR3              0      0       0       4        0.0%
   272 ;;SFR3                 0      0       0       4        0.0%
   273 ;;BANK0               50      0       0       5        0.0%
   274 ;;BITSFR2              0      0       0       5        0.0%
   275 ;;SFR2                 0      0       0       5        0.0%
   276 ;;BITBANK1            50      0       0       6        0.0%
   277 ;;BANK1               50      0       0       7        0.0%
   278 ;;BITBANK3            60      0       0       8        0.0%
   279 ;;BANK3               60      0       0       9        0.0%
   280 ;;BITBANK2            60      0       0      10        0.0%
   281 ;;BANK2               60      0       0      11        0.0%
   282 ;;DATA                 0      0       0      12        0.0%
   283                           
   284                           	global	_main
   285                           psect	maintext,global,class=CODE,delta=2
   286                           global __pmaintext
   287  07A1                     __pmaintext:
   288                           
   289 ;; *************** function _main *****************
   290 ;; Defined at:
   291 ;;		line 16 in file "newmain.c"
   292 ;; Parameters:    Size  Location     Type
   293 ;;		None
   294 ;; Auto vars:     Size  Location     Type
   295 ;;  i               2    7[COMMON] unsigned int 
   296 ;; Return value:  Size  Location     Type
   297 ;;		None               void
   298 ;; Registers used:
   299 ;;		wreg, fsr0l, fsr0h, status,2, status,0, pclath, cstack
   300 ;; Tracked objects:
   301 ;;		On entry : 17F/0
   302 ;;		On exit  : 0/0
   303 ;;		Unchanged: 0/0
   304 ;; Data sizes:     COMMON   BANK0   BANK1   BANK3   BANK2
   305 ;;      Params:         0       0       0       0       0
   306 ;;      Locals:         2       0       0       0       0
   307 ;;      Temps:          0       0       0       0       0
   308 ;;      Totals:         2       0       0       0       0
   309 ;;Total ram usage:        2 bytes
   310 ;; Hardware stack levels required when called:    3
   311 ;; This function calls:
   312 ;;		_lcd_init
   313 ;;		_cmd
   314 ;;		_show
   315 ;; This function is called by:
   316 ;;		Startup code after reset
   317 ;; This function uses a non-reentrant model
   318 ;;
   319                           psect	maintext
   320                           	file	"newmain.c"
   321                           	line	16
   322                           	global	__size_of_main
   323  005F                     	__size_of_main	equ	__end_of_main-_main
   324                           	
   325  07A1                     _main:	
   326                           	opt	stack 5
   327                           ; Regs used in _main: [wreg-fsr0h+status,2+status,0+pclath+cstack]
   328                           	line	18
   329                           	
   330  07A1                     l1873:	
   331                           ;newmain.c: 17: unsigned int i;
   332                           ;newmain.c: 18: TRISB=TRISD2=TRISD3=0;
   333  07A1  1683               	bsf	status, 5	;RP0=1, select bank1
   334  07A2  1303               	bcf	status, 6	;RP1=0, select bank1
   335  07A3  1188               	bcf	(1091/8)^080h,(1091)&7
   336  07A4  1108               	bcf	(1090/8)^080h,(1090)&7
   337  07A5  3000               	movlw	0
   338  07A6  1908               	btfsc	(1090/8)^080h,(1090)&7
   339  07A7  3001               	movlw	1
   340  07A8  0086               	movwf	(134)^080h	;volatile
   341                           	line	19
   342                           	
   343  07A9                     l1875:	
   344                           ;newmain.c: 19: lcd_init();
   345  07A9  120A  118A  26E5   	fcall	_lcd_init
              120A  118A         
   346                           	line	20
   347                           	
   348  07AE                     l1877:	
   349                           ;newmain.c: 20: cmd(0x90);
   350  07AE  3090               	movlw	(090h)
   351  07AF  120A  118A  2725   	fcall	_cmd
              120A  118A         
   352                           	line	22
   353                           	
   354  07B4                     l1879:	
   355                           ;newmain.c: 22: show("Binh NGO, WELCOME :)");
   356  07B4  3001               	movlw	((STR_1-__stringbase))&0ffh
   357  07B5  120A  118A  2704   	fcall	_show
              120A  118A         
   358  07BA  2FBB               	goto	l1881
   359                           	line	24
   360                           ;newmain.c: 24: while(1)
   361                           	
   362  07BB                     l649:	
   363                           	line	26
   364                           	
   365  07BB                     l1881:	
   366                           ;newmain.c: 25: {
   367                           ;newmain.c: 26: for(i=0;i<15000;i++);
   368  07BB  01F7               	clrf	(main@i)
   369  07BC  01F8               	clrf	(main@i+1)
   370                           	
   371  07BD                     l1883:	
   372  07BD  303A               	movlw	high(03A98h)
   373  07BE  0278               	subwf	(main@i+1),w
   374  07BF  3098               	movlw	low(03A98h)
   375  07C0  1903               	skipnz
   376  07C1  0277               	subwf	(main@i),w
   377  07C2  1C03               	skipc
   378  07C3  2FC5               	goto	u2191
   379  07C4  2FC6               	goto	u2190
   380  07C5                     u2191:
   381  07C5  2FC8               	goto	l1887
   382  07C6                     u2190:
   383  07C6  2FD8               	goto	l1889
   384                           	
   385  07C7                     l1885:	
   386  07C7  2FD8               	goto	l1889
   387                           	
   388  07C8                     l650:	
   389                           	
   390  07C8                     l1887:	
   391  07C8  3001               	movlw	low(01h)
   392  07C9  07F7               	addwf	(main@i),f
   393  07CA  1803               	skipnc
   394  07CB  0AF8               	incf	(main@i+1),f
   395  07CC  3000               	movlw	high(01h)
   396  07CD  07F8               	addwf	(main@i+1),f
   397  07CE  303A               	movlw	high(03A98h)
   398  07CF  0278               	subwf	(main@i+1),w
   399  07D0  3098               	movlw	low(03A98h)
   400  07D1  1903               	skipnz
   401  07D2  0277               	subwf	(main@i),w
   402  07D3  1C03               	skipc
   403  07D4  2FD6               	goto	u2201
   404  07D5  2FD7               	goto	u2200
   405  07D6                     u2201:
   406  07D6  2FC8               	goto	l1887
   407  07D7                     u2200:
   408  07D7  2FD8               	goto	l1889
   409                           	
   410  07D8                     l651:	
   411                           	line	27
   412                           	
   413  07D8                     l1889:	
   414                           ;newmain.c: 27: cmd(0x18);
   415  07D8  3018               	movlw	(018h)
   416  07D9  120A  118A  2725   	fcall	_cmd
              120A  118A         
   417                           	line	28
   418                           	
   419  07DE                     l1891:	
   420                           ;newmain.c: 28: for(i=0;i<15000;i++);
   421  07DE  01F7               	clrf	(main@i)
   422  07DF  01F8               	clrf	(main@i+1)
   423                           	
   424  07E0                     l1893:	
   425  07E0  303A               	movlw	high(03A98h)
   426  07E1  0278               	subwf	(main@i+1),w
   427  07E2  3098               	movlw	low(03A98h)
   428  07E3  1903               	skipnz
   429  07E4  0277               	subwf	(main@i),w
   430  07E5  1C03               	skipc
   431  07E6  2FE8               	goto	u2211
   432  07E7  2FE9               	goto	u2210
   433  07E8                     u2211:
   434  07E8  2FEB               	goto	l1897
   435  07E9                     u2210:
   436  07E9  2FBB               	goto	l1881
   437                           	
   438  07EA                     l1895:	
   439  07EA  2FBB               	goto	l1881
   440                           	
   441  07EB                     l652:	
   442                           	
   443  07EB                     l1897:	
   444  07EB  3001               	movlw	low(01h)
   445  07EC  07F7               	addwf	(main@i),f
   446  07ED  1803               	skipnc
   447  07EE  0AF8               	incf	(main@i+1),f
   448  07EF  3000               	movlw	high(01h)
   449  07F0  07F8               	addwf	(main@i+1),f
   450  07F1  303A               	movlw	high(03A98h)
   451  07F2  0278               	subwf	(main@i+1),w
   452  07F3  3098               	movlw	low(03A98h)
   453  07F4  1903               	skipnz
   454  07F5  0277               	subwf	(main@i),w
   455  07F6  1C03               	skipc
   456  07F7  2FF9               	goto	u2221
   457  07F8  2FFA               	goto	u2220
   458  07F9                     u2221:
   459  07F9  2FEB               	goto	l1897
   460  07FA                     u2220:
   461  07FA  2FBB               	goto	l1881
   462                           	
   463  07FB                     l653:	
   464  07FB  2FBB               	goto	l1881
   465                           	line	30
   466                           	
   467  07FC                     l654:	
   468                           	line	24
   469  07FC  2FBB               	goto	l1881
   470                           	
   471  07FD                     l655:	
   472                           	line	31
   473                           	
   474  07FD                     l656:	
   475                           	global	start
   476  07FD  120A  118A  2800   	ljmp	start
   477                           	opt stack 0
   478                           GLOBAL	__end_of_main
   479  0800                     	__end_of_main:
   480 ;; =============== function _main ends ============
   481                           
   482                           	signat	_main,88
   483                           	global	_show
   484                           psect	text91,local,class=CODE,delta=2
   485                           global __ptext91
   486  0704                     __ptext91:
   487                           
   488 ;; *************** function _show *****************
   489 ;; Defined at:
   490 ;;		line 77 in file "newmain.c"
   491 ;; Parameters:    Size  Location     Type
   492 ;;  s               1    wreg     PTR unsigned char 
   493 ;;		 -> STR_1(21), 
   494 ;; Auto vars:     Size  Location     Type
   495 ;;  s               1    6[COMMON] PTR unsigned char 
   496 ;;		 -> STR_1(21), 
   497 ;; Return value:  Size  Location     Type
   498 ;;		None               void
   499 ;; Registers used:
   500 ;;		wreg, fsr0l, fsr0h, status,2, status,0, pclath, cstack
   501 ;; Tracked objects:
   502 ;;		On entry : 0/0
   503 ;;		On exit  : 0/0
   504 ;;		Unchanged: 0/0
   505 ;; Data sizes:     COMMON   BANK0   BANK1   BANK3   BANK2
   506 ;;      Params:         0       0       0       0       0
   507 ;;      Locals:         1       0       0       0       0
   508 ;;      Temps:          1       0       0       0       0
   509 ;;      Totals:         2       0       0       0       0
   510 ;;Total ram usage:        2 bytes
   511 ;; Hardware stack levels used:    1
   512 ;; Hardware stack levels required when called:    2
   513 ;; This function calls:
   514 ;;		_dat
   515 ;; This function is called by:
   516 ;;		_main
   517 ;; This function uses a non-reentrant model
   518 ;;
   519                           psect	text91
   520                           	file	"newmain.c"
   521                           	line	77
   522                           	global	__size_of_show
   523  0021                     	__size_of_show	equ	__end_of_show-_show
   524                           	
   525  0704                     _show:	
   526                           	opt	stack 5
   527                           ; Regs used in _show: [wreg-fsr0h+status,2+status,0+pclath+cstack]
   528                           ;show@s stored from wreg
   529  0704  00F6               	movwf	(show@s)
   530                           	line	78
   531                           	
   532  0705                     l1865:	
   533                           ;newmain.c: 78: while(*s) {
   534  0705  2F17               	goto	l1871
   535                           	
   536  0706                     l669:	
   537                           	line	79
   538                           	
   539  0706                     l1867:	
   540                           ;newmain.c: 79: dat(*s++);
   541  0706  0876               	movf	(show@s),w
   542  0707  0084               	movwf	fsr0
   543  0708  120A  118A  2003   	fcall	stringdir
              120A  118A         
   544  070D  120A  118A  2763   	fcall	_dat
              120A  118A         
   545                           	
   546  0712                     l1869:	
   547  0712  3001               	movlw	(01h)
   548  0713  00F5               	movwf	(??_show+0)+0
   549  0714  0875               	movf	(??_show+0)+0,w
   550  0715  07F6               	addwf	(show@s),f
   551  0716  2F17               	goto	l1871
   552                           	line	80
   553                           	
   554  0717                     l668:	
   555                           	line	78
   556                           	
   557  0717                     l1871:	
   558  0717  0876               	movf	(show@s),w
   559  0718  0084               	movwf	fsr0
   560  0719  120A  118A  2003   	fcall	stringdir
              120A  118A         
   561  071E  3800               	iorlw	0
   562  071F  1D03               	skipz
   563  0720  2F22               	goto	u2181
   564  0721  2F23               	goto	u2180
   565  0722                     u2181:
   566  0722  2F06               	goto	l1867
   567  0723                     u2180:
   568  0723  2F24               	goto	l671
   569                           	
   570  0724                     l670:	
   571                           	line	81
   572                           	
   573  0724                     l671:	
   574  0724  0008               	return
   575                           	opt stack 0
   576                           GLOBAL	__end_of_show
   577  0725                     	__end_of_show:
   578 ;; =============== function _show ends ============
   579                           
   580                           	signat	_show,4216
   581                           	global	_lcd_init
   582                           psect	text92,local,class=CODE,delta=2
   583                           global __ptext92
   584  06E5                     __ptext92:
   585                           
   586 ;; *************** function _lcd_init *****************
   587 ;; Defined at:
   588 ;;		line 34 in file "newmain.c"
   589 ;; Parameters:    Size  Location     Type
   590 ;;		None
   591 ;; Auto vars:     Size  Location     Type
   592 ;;		None
   593 ;; Return value:  Size  Location     Type
   594 ;;		None               void
   595 ;; Registers used:
   596 ;;		wreg, status,2, status,0, pclath, cstack
   597 ;; Tracked objects:
   598 ;;		On entry : 0/0
   599 ;;		On exit  : 0/0
   600 ;;		Unchanged: 0/0
   601 ;; Data sizes:     COMMON   BANK0   BANK1   BANK3   BANK2
   602 ;;      Params:         0       0       0       0       0
   603 ;;      Locals:         0       0       0       0       0
   604 ;;      Temps:          0       0       0       0       0
   605 ;;      Totals:         0       0       0       0       0
   606 ;;Total ram usage:        0 bytes
   607 ;; Hardware stack levels used:    1
   608 ;; Hardware stack levels required when called:    2
   609 ;; This function calls:
   610 ;;		_cmd
   611 ;; This function is called by:
   612 ;;		_main
   613 ;; This function uses a non-reentrant model
   614 ;;
   615                           psect	text92
   616                           	file	"newmain.c"
   617                           	line	34
   618                           	global	__size_of_lcd_init
   619  001F                     	__size_of_lcd_init	equ	__end_of_lcd_init-_lcd_init
   620                           	
   621  06E5                     _lcd_init:	
   622                           	opt	stack 5
   623                           ; Regs used in _lcd_init: [wreg+status,2+status,0+pclath+cstack]
   624                           	line	35
   625                           	
   626  06E5                     l1863:	
   627                           ;newmain.c: 35: cmd(0x02);
   628  06E5  3002               	movlw	(02h)
   629  06E6  120A  118A  2725   	fcall	_cmd
              120A  118A         
   630                           	line	36
   631                           ;newmain.c: 36: cmd(0x28);
   632  06EB  3028               	movlw	(028h)
   633  06EC  120A  118A  2725   	fcall	_cmd
              120A  118A         
   634                           	line	37
   635                           ;newmain.c: 37: cmd(0x0e);
   636  06F1  300E               	movlw	(0Eh)
   637  06F2  120A  118A  2725   	fcall	_cmd
              120A  118A         
   638                           	line	38
   639                           ;newmain.c: 38: cmd(0x06);
   640  06F7  3006               	movlw	(06h)
   641  06F8  120A  118A  2725   	fcall	_cmd
              120A  118A         
   642                           	line	39
   643                           ;newmain.c: 39: cmd(0x80);
   644  06FD  3080               	movlw	(080h)
   645  06FE  120A  118A  2725   	fcall	_cmd
              120A  118A         
   646                           	line	40
   647                           	
   648  0703                     l659:	
   649  0703  0008               	return
   650                           	opt stack 0
   651                           GLOBAL	__end_of_lcd_init
   652  0704                     	__end_of_lcd_init:
   653 ;; =============== function _lcd_init ends ============
   654                           
   655                           	signat	_lcd_init,88
   656                           	global	_dat
   657                           psect	text93,local,class=CODE,delta=2
   658                           global __ptext93
   659  0763                     __ptext93:
   660                           
   661 ;; *************** function _dat *****************
   662 ;; Defined at:
   663 ;;		line 60 in file "newmain.c"
   664 ;; Parameters:    Size  Location     Type
   665 ;;  b               1    wreg     unsigned char 
   666 ;; Auto vars:     Size  Location     Type
   667 ;;  b               1    4[COMMON] unsigned char 
   668 ;; Return value:  Size  Location     Type
   669 ;;		None               void
   670 ;; Registers used:
   671 ;;		wreg, status,2, status,0, pclath, cstack
   672 ;; Tracked objects:
   673 ;;		On entry : 0/0
   674 ;;		On exit  : 0/0
   675 ;;		Unchanged: 0/0
   676 ;; Data sizes:     COMMON   BANK0   BANK1   BANK3   BANK2
   677 ;;      Params:         0       0       0       0       0
   678 ;;      Locals:         1       0       0       0       0
   679 ;;      Temps:          2       0       0       0       0
   680 ;;      Totals:         3       0       0       0       0
   681 ;;Total ram usage:        3 bytes
   682 ;; Hardware stack levels used:    1
   683 ;; Hardware stack levels required when called:    1
   684 ;; This function calls:
   685 ;;		_lcd_delay
   686 ;; This function is called by:
   687 ;;		_show
   688 ;; This function uses a non-reentrant model
   689 ;;
   690                           psect	text93
   691                           	file	"newmain.c"
   692                           	line	60
   693                           	global	__size_of_dat
   694  003E                     	__size_of_dat	equ	__end_of_dat-_dat
   695                           	
   696  0763                     _dat:	
   697                           	opt	stack 5
   698                           ; Regs used in _dat: [wreg+status,2+status,0+pclath+cstack]
   699                           ;dat@b stored from wreg
   700  0763  00F4               	movwf	(dat@b)
   701                           	line	61
   702                           	
   703  0764                     l1843:	
   704                           ;newmain.c: 61: RD2=1;
   705  0764  1283               	bcf	status, 5	;RP0=0, select bank0
   706  0765  1303               	bcf	status, 6	;RP1=0, select bank0
   707  0766  1508               	bsf	(66/8),(66)&7
   708                           	line	62
   709                           	
   710  0767                     l1845:	
   711                           ;newmain.c: 62: PORTB&=0x0F;
   712  0767  300F               	movlw	(0Fh)
   713  0768  00F2               	movwf	(??_dat+0)+0
   714  0769  0872               	movf	(??_dat+0)+0,w
   715  076A  0586               	andwf	(6),f	;volatile
   716                           	line	63
   717                           ;newmain.c: 63: PORTB|=(b&0xf0);
   718  076B  0874               	movf	(dat@b),w
   719  076C  39F0               	andlw	0F0h
   720  076D  00F2               	movwf	(??_dat+0)+0
   721  076E  0872               	movf	(??_dat+0)+0,w
   722  076F  0486               	iorwf	(6),f	;volatile
   723                           	line	64
   724                           	
   725  0770                     l1847:	
   726                           ;newmain.c: 64: RD3=1;
   727  0770  1588               	bsf	(67/8),(67)&7
   728                           	line	65
   729                           	
   730  0771                     l1849:	
   731                           ;newmain.c: 65: lcd_delay();
   732  0771  120A  118A  26C7   	fcall	_lcd_delay
              120A  118A         
   733                           	line	66
   734                           	
   735  0776                     l1851:	
   736                           ;newmain.c: 66: RD3=0;
   737  0776  1283               	bcf	status, 5	;RP0=0, select bank0
   738  0777  1303               	bcf	status, 6	;RP1=0, select bank0
   739  0778  1188               	bcf	(67/8),(67)&7
   740                           	line	67
   741                           	
   742  0779                     l1853:	
   743                           ;newmain.c: 67: lcd_delay();
   744  0779  120A  118A  26C7   	fcall	_lcd_delay
              120A  118A         
   745                           	line	68
   746                           ;newmain.c: 68: PORTB&=0x0f;
   747  077E  300F               	movlw	(0Fh)
   748  077F  00F2               	movwf	(??_dat+0)+0
   749  0780  0872               	movf	(??_dat+0)+0,w
   750  0781  1283               	bcf	status, 5	;RP0=0, select bank0
   751  0782  1303               	bcf	status, 6	;RP1=0, select bank0
   752  0783  0586               	andwf	(6),f	;volatile
   753                           	line	69
   754                           ;newmain.c: 69: PORTB|=(b<<4&0xf0);
   755  0784  0874               	movf	(dat@b),w
   756  0785  00F2               	movwf	(??_dat+0)+0
   757  0786  3003               	movlw	(04h)-1
   758  0787                     u2175:
   759  0787  1003               	clrc
   760  0788  0DF2               	rlf	(??_dat+0)+0,f
   761  0789  3EFF               	addlw	-1
   762  078A  1D03               	skipz
   763  078B  2F87               	goto	u2175
   764  078C  1003               	clrc
   765  078D  0D72               	rlf	(??_dat+0)+0,w
   766  078E  39F0               	andlw	0F0h
   767  078F  00F3               	movwf	(??_dat+1)+0
   768  0790  0873               	movf	(??_dat+1)+0,w
   769  0791  0486               	iorwf	(6),f	;volatile
   770                           	line	70
   771                           	
   772  0792                     l1855:	
   773                           ;newmain.c: 70: RD3=1;
   774  0792  1588               	bsf	(67/8),(67)&7
   775                           	line	71
   776                           	
   777  0793                     l1857:	
   778                           ;newmain.c: 71: lcd_delay();
   779  0793  120A  118A  26C7   	fcall	_lcd_delay
              120A  118A         
   780                           	line	72
   781                           	
   782  0798                     l1859:	
   783                           ;newmain.c: 72: RD3=0;
   784  0798  1283               	bcf	status, 5	;RP0=0, select bank0
   785  0799  1303               	bcf	status, 6	;RP1=0, select bank0
   786  079A  1188               	bcf	(67/8),(67)&7
   787                           	line	73
   788                           	
   789  079B                     l1861:	
   790                           ;newmain.c: 73: lcd_delay();
   791  079B  120A  118A  26C7   	fcall	_lcd_delay
              120A  118A         
   792                           	line	74
   793                           	
   794  07A0                     l665:	
   795  07A0  0008               	return
   796                           	opt stack 0
   797                           GLOBAL	__end_of_dat
   798  07A1                     	__end_of_dat:
   799 ;; =============== function _dat ends ============
   800                           
   801                           	signat	_dat,4216
   802                           	global	_cmd
   803                           psect	text94,local,class=CODE,delta=2
   804                           global __ptext94
   805  0725                     __ptext94:
   806                           
   807 ;; *************** function _cmd *****************
   808 ;; Defined at:
   809 ;;		line 43 in file "newmain.c"
   810 ;; Parameters:    Size  Location     Type
   811 ;;  a               1    wreg     unsigned char 
   812 ;; Auto vars:     Size  Location     Type
   813 ;;  a               1    4[COMMON] unsigned char 
   814 ;; Return value:  Size  Location     Type
   815 ;;		None               void
   816 ;; Registers used:
   817 ;;		wreg, status,2, status,0, pclath, cstack
   818 ;; Tracked objects:
   819 ;;		On entry : 0/0
   820 ;;		On exit  : 0/0
   821 ;;		Unchanged: 0/0
   822 ;; Data sizes:     COMMON   BANK0   BANK1   BANK3   BANK2
   823 ;;      Params:         0       0       0       0       0
   824 ;;      Locals:         1       0       0       0       0
   825 ;;      Temps:          2       0       0       0       0
   826 ;;      Totals:         3       0       0       0       0
   827 ;;Total ram usage:        3 bytes
   828 ;; Hardware stack levels used:    1
   829 ;; Hardware stack levels required when called:    1
   830 ;; This function calls:
   831 ;;		_lcd_delay
   832 ;; This function is called by:
   833 ;;		_main
   834 ;;		_lcd_init
   835 ;; This function uses a non-reentrant model
   836 ;;
   837                           psect	text94
   838                           	file	"newmain.c"
   839                           	line	43
   840                           	global	__size_of_cmd
   841  003E                     	__size_of_cmd	equ	__end_of_cmd-_cmd
   842                           	
   843  0725                     _cmd:	
   844                           	opt	stack 6
   845                           ; Regs used in _cmd: [wreg+status,2+status,0+pclath+cstack]
   846                           ;cmd@a stored from wreg
   847  0725  00F4               	movwf	(cmd@a)
   848                           	line	44
   849                           	
   850  0726                     l1823:	
   851                           ;newmain.c: 44: RD2=0;
   852  0726  1283               	bcf	status, 5	;RP0=0, select bank0
   853  0727  1303               	bcf	status, 6	;RP1=0, select bank0
   854  0728  1108               	bcf	(66/8),(66)&7
   855                           	line	45
   856                           	
   857  0729                     l1825:	
   858                           ;newmain.c: 45: PORTB&=0x0F;
   859  0729  300F               	movlw	(0Fh)
   860  072A  00F2               	movwf	(??_cmd+0)+0
   861  072B  0872               	movf	(??_cmd+0)+0,w
   862  072C  0586               	andwf	(6),f	;volatile
   863                           	line	46
   864                           ;newmain.c: 46: PORTB|=(a&0xf0);
   865  072D  0874               	movf	(cmd@a),w
   866  072E  39F0               	andlw	0F0h
   867  072F  00F2               	movwf	(??_cmd+0)+0
   868  0730  0872               	movf	(??_cmd+0)+0,w
   869  0731  0486               	iorwf	(6),f	;volatile
   870                           	line	47
   871                           	
   872  0732                     l1827:	
   873                           ;newmain.c: 47: RD3=1;
   874  0732  1588               	bsf	(67/8),(67)&7
   875                           	line	48
   876                           	
   877  0733                     l1829:	
   878                           ;newmain.c: 48: lcd_delay();
   879  0733  120A  118A  26C7   	fcall	_lcd_delay
              120A  118A         
   880                           	line	49
   881                           	
   882  0738                     l1831:	
   883                           ;newmain.c: 49: RD3=0;
   884  0738  1283               	bcf	status, 5	;RP0=0, select bank0
   885  0739  1303               	bcf	status, 6	;RP1=0, select bank0
   886  073A  1188               	bcf	(67/8),(67)&7
   887                           	line	50
   888                           	
   889  073B                     l1833:	
   890                           ;newmain.c: 50: lcd_delay();
   891  073B  120A  118A  26C7   	fcall	_lcd_delay
              120A  118A         
   892                           	line	51
   893                           ;newmain.c: 51: PORTB&=0x0f;
   894  0740  300F               	movlw	(0Fh)
   895  0741  00F2               	movwf	(??_cmd+0)+0
   896  0742  0872               	movf	(??_cmd+0)+0,w
   897  0743  1283               	bcf	status, 5	;RP0=0, select bank0
   898  0744  1303               	bcf	status, 6	;RP1=0, select bank0
   899  0745  0586               	andwf	(6),f	;volatile
   900                           	line	52
   901                           ;newmain.c: 52: PORTB|=(a<<4&0xf0);
   902  0746  0874               	movf	(cmd@a),w
   903  0747  00F2               	movwf	(??_cmd+0)+0
   904  0748  3003               	movlw	(04h)-1
   905  0749                     u2165:
   906  0749  1003               	clrc
   907  074A  0DF2               	rlf	(??_cmd+0)+0,f
   908  074B  3EFF               	addlw	-1
   909  074C  1D03               	skipz
   910  074D  2F49               	goto	u2165
   911  074E  1003               	clrc
   912  074F  0D72               	rlf	(??_cmd+0)+0,w
   913  0750  39F0               	andlw	0F0h
   914  0751  00F3               	movwf	(??_cmd+1)+0
   915  0752  0873               	movf	(??_cmd+1)+0,w
   916  0753  0486               	iorwf	(6),f	;volatile
   917                           	line	53
   918                           	
   919  0754                     l1835:	
   920                           ;newmain.c: 53: RD3=1;
   921  0754  1588               	bsf	(67/8),(67)&7
   922                           	line	54
   923                           	
   924  0755                     l1837:	
   925                           ;newmain.c: 54: lcd_delay();
   926  0755  120A  118A  26C7   	fcall	_lcd_delay
              120A  118A         
   927                           	line	55
   928                           	
   929  075A                     l1839:	
   930                           ;newmain.c: 55: RD3=0;
   931  075A  1283               	bcf	status, 5	;RP0=0, select bank0
   932  075B  1303               	bcf	status, 6	;RP1=0, select bank0
   933  075C  1188               	bcf	(67/8),(67)&7
   934                           	line	56
   935                           	
   936  075D                     l1841:	
   937                           ;newmain.c: 56: lcd_delay();
   938  075D  120A  118A  26C7   	fcall	_lcd_delay
              120A  118A         
   939                           	line	57
   940                           	
   941  0762                     l662:	
   942  0762  0008               	return
   943                           	opt stack 0
   944                           GLOBAL	__end_of_cmd
   945  0763                     	__end_of_cmd:
   946 ;; =============== function _cmd ends ============
   947                           
   948                           	signat	_cmd,4216
   949                           	global	_lcd_delay
   950                           psect	text95,local,class=CODE,delta=2
   951                           global __ptext95
   952  06C7                     __ptext95:
   953                           
   954 ;; *************** function _lcd_delay *****************
   955 ;; Defined at:
   956 ;;		line 84 in file "newmain.c"
   957 ;; Parameters:    Size  Location     Type
   958 ;;		None
   959 ;; Auto vars:     Size  Location     Type
   960 ;;  lcd_delay       2    0[COMMON] unsigned int 
   961 ;; Return value:  Size  Location     Type
   962 ;;		None               void
   963 ;; Registers used:
   964 ;;		wreg, status,2
   965 ;; Tracked objects:
   966 ;;		On entry : 0/0
   967 ;;		On exit  : 0/0
   968 ;;		Unchanged: 0/0
   969 ;; Data sizes:     COMMON   BANK0   BANK1   BANK3   BANK2
   970 ;;      Params:         0       0       0       0       0
   971 ;;      Locals:         2       0       0       0       0
   972 ;;      Temps:          0       0       0       0       0
   973 ;;      Totals:         2       0       0       0       0
   974 ;;Total ram usage:        2 bytes
   975 ;; Hardware stack levels used:    1
   976 ;; This function calls:
   977 ;;		Nothing
   978 ;; This function is called by:
   979 ;;		_cmd
   980 ;;		_dat
   981 ;; This function uses a non-reentrant model
   982 ;;
   983                           psect	text95
   984                           	file	"newmain.c"
   985                           	line	84
   986                           	global	__size_of_lcd_delay
   987  001E                     	__size_of_lcd_delay	equ	__end_of_lcd_delay-_lcd_delay
   988                           	
   989  06C7                     _lcd_delay:	
   990                           	opt	stack 5
   991                           ; Regs used in _lcd_delay: [wreg+status,2]
   992                           	line	86
   993                           	
   994  06C7                     l1049:	
   995                           ;newmain.c: 85: unsigned int lcd_delay;
   996                           ;newmain.c: 86: for(lcd_delay=0;lcd_delay<=1000;lcd_delay++);
   997  06C7  01F0               	clrf	(lcd_delay@lcd_delay)
   998  06C8  01F1               	clrf	(lcd_delay@lcd_delay+1)
   999                           	
  1000  06C9                     l1051:	
  1001  06C9  3003               	movlw	high(03E9h)
  1002  06CA  0271               	subwf	(lcd_delay@lcd_delay+1),w
  1003  06CB  30E9               	movlw	low(03E9h)
  1004  06CC  1903               	skipnz
  1005  06CD  0270               	subwf	(lcd_delay@lcd_delay),w
  1006  06CE  1C03               	skipc
  1007  06CF  2ED1               	goto	u11
  1008  06D0  2ED2               	goto	u10
  1009  06D1                     u11:
  1010  06D1  2ED4               	goto	l1055
  1011  06D2                     u10:
  1012  06D2  2EE4               	goto	l676
  1013                           	
  1014  06D3                     l1053:	
  1015  06D3  2EE4               	goto	l676
  1016                           	
  1017  06D4                     l674:	
  1018                           	
  1019  06D4                     l1055:	
  1020  06D4  3001               	movlw	low(01h)
  1021  06D5  07F0               	addwf	(lcd_delay@lcd_delay),f
  1022  06D6  1803               	skipnc
  1023  06D7  0AF1               	incf	(lcd_delay@lcd_delay+1),f
  1024  06D8  3000               	movlw	high(01h)
  1025  06D9  07F1               	addwf	(lcd_delay@lcd_delay+1),f
  1026  06DA  3003               	movlw	high(03E9h)
  1027  06DB  0271               	subwf	(lcd_delay@lcd_delay+1),w
  1028  06DC  30E9               	movlw	low(03E9h)
  1029  06DD  1903               	skipnz
  1030  06DE  0270               	subwf	(lcd_delay@lcd_delay),w
  1031  06DF  1C03               	skipc
  1032  06E0  2EE2               	goto	u21
  1033  06E1  2EE3               	goto	u20
  1034  06E2                     u21:
  1035  06E2  2ED4               	goto	l1055
  1036  06E3                     u20:
  1037  06E3  2EE4               	goto	l676
  1038                           	
  1039  06E4                     l675:	
  1040                           	line	87
  1041                           	
  1042  06E4                     l676:	
  1043  06E4  0008               	return
  1044                           	opt stack 0
  1045                           GLOBAL	__end_of_lcd_delay
  1046  06E5                     	__end_of_lcd_delay:
  1047 ;; =============== function _lcd_delay ends ============
  1048                           
  1049                           	signat	_lcd_delay,88
  1050                           psect	text96,local,class=CODE,delta=2
  1051                           global __ptext96
  1052  0000                     __ptext96:
  1053                           	global	btemp
  1054  007E                     	btemp set 07Eh
  1055                           
  1056                           	DABS	1,126,2	;btemp
  1057                           	global	wtemp0
  1058  007E                     	wtemp0 set btemp


HI-TECH Software PICC Macro Assembler V9.81 build 7503 
Symbol Table                                                                                   Sat Sep 19 08:35:10 2020

                   pc 0002                    u10 06D2                    u11 06D1                    u20 06E3  
                  u21 06E2                    fsr 0004                   l650 07C8                   l651 07D8  
                 l652 07EB                   l653 07FB                   l662 0762                   l670 0724  
                 l654 07FC                   l671 0724                   l655 07FD                   l656 07FD  
                 l665 07A0                   l649 07BB                   l674 06D4                   l675 06E4  
                 l659 0703                   l676 06E4                   l668 0717                   l669 0706  
                 _RD2 0042                   _RD3 0043                   _dat 0763                   _cmd 0725  
                 fsr0 0004                  l1051 06C9                  l1053 06D3                  l1055 06D4  
                l1049 06C7                  ?_dat 0070                  ?_cmd 0070                  l1831 0738  
                l1823 0726                  l1841 075D                  l1833 073B                  l1825 0729  
                l1835 0754                  l1827 0732                  l1851 0776                  l1843 0764  
                l1837 0755                  l1829 0733                  l1861 079B                  l1853 0779  
                l1845 0767                  l1839 075A                  l1855 0792                  l1847 0770  
                l1863 06E5                  l1871 0717                  l1857 0793                  l1849 0771  
                l1865 0705                  l1881 07BB                  l1873 07A1                  l1859 0798  
                l1867 0706                  l1891 07DE                  l1883 07BD                  l1875 07A9  
                l1869 0712                  l1893 07E0                  l1885 07C7                  l1877 07AE  
                l1895 07EA                  l1887 07C8                  l1879 07B4                  l1897 07EB  
                l1889 07D8                  STR_1 0009                  u2200 07D7                  u2201 07D6  
                u2210 07E9                  u2211 07E8                  u2220 07FA                  u2221 07F9  
                u2180 0723                  u2165 0749                  u2181 0722                  u2190 07C6  
                u2175 0787                  u2191 07C5                  dat@b 0074                  cmd@a 0074  
                _main 07A1                  _show 0704                  btemp 007E                  start 0000  
               ??_dat 0072                 ??_cmd 0072                 ?_main 0070                 ?_show 0070  
               _PORTB 0006                 _TRISB 0086                 main@i 0077                 pclath 000A  
               show@s 0076                 status 0003                 wtemp0 007E          __end_of_main 0800  
        __end_of_show 0725    lcd_delay@lcd_delay 0070                ??_main 0077                ??_show 0075  
              _TRISD2 0442                _TRISD3 0443      __end_of_lcd_init 0704        __pcstackCOMMON 0070  
  __size_of_lcd_delay 001E            __pmaintext 07A1             ?_lcd_init 0070     __end_of_lcd_delay 06E5  
        __size_of_dat 003E          __size_of_cmd 003E            ??_lcd_init 0075  end_of_initialization 06C3  
 start_initialization 06C3           __end_of_dat 07A1           __end_of_cmd 0763     __size_of_lcd_init 001F  
           _lcd_delay 06C7             __pstrings 0003            ?_lcd_delay 0070           __stringbase 0008  
            __ptext90 0000              __ptext91 0704              __ptext92 06E5              __ptext93 0763  
            __ptext94 0725              __ptext95 06C7              __ptext96 0000              _lcd_init 06E5  
       __size_of_main 005F         __size_of_show 0021           ??_lcd_delay 0070             stringcode 0003  
            stringdir 0003              stringtab 0003  
