
ROM used:   96/8192 (1%)
            96/8192 (1%) including unused fragments

            0.1 Average locations per line
            6.9 Average locations per statement

RAM used:   15/368 (4%) at main() level
            15/368 (4%) worst case

Stack used: 1 worst case (0 in main + 1 for interrupts)
Stack size: 8

Lines Stmts  %   Files
----- ----- ---  -----
   36    14 100  main.c
  671     0   0  D:\Program File\PICC\Devices\16F877A.h
----- -----
  707    14 Total

Page ROM  %  RAM   Vol Diff  Functions:
---- --- --- ---   --- ----  ----------
0     21  22    0   114  3.8  timer0
0     28  29    0   143  2.6  MAIN
 Inline         0             @cinit1

Program metrics:
    Functions               2
    Statements              14
    Comments                125
    Volume (V)              317
    Difficulty (D)          6.2
    Effort to implement (E) 1965
    Time to implement (T)   2 minutes
    Est Delivered Bugs (B)  0
    Cyclomatic Complexity   1
    Maintainability (MI)    97

 Segment     Used  Free
-----------  ----  ----
00000-00003     4  0  
00004-0002E    43  0  
0002F-007FF    49  1952  
00800-00FFF     0  2048  
01000-017FF     0  2048  
01800-01FFF     0  2048  



