
ROM used:   461/8192 (6%)
            461/8192 (6%) including unused fragments

            0.6 Average locations per line
            7.4 Average locations per statement

RAM used:   8/368 (2%) at main() level
            23/368 (6%) worst case

Stack used: 2 worst case (2 in main + 0 for interrupts)
Stack size: 8

Lines Stmts  %   Files
----- ----- ---  -----
  151    62 100  main.c
  671     0   0  D:\Program File\PICC\Devices\16f877a.h
----- -----
  822    62 Total

Page ROM  %  RAM   Vol Diff  Functions:
---- --- --- ---   --- ----  ----------
0     20   4    1             @delay_ms1
0     14   3    0             @const621
0     65  14    0   441  5.2  main
0     37   8    5             @DIV1616
 Inline         0   344  1.4  hienthiall
0    111  24    5   382  3.8  hienthisl
0    113  25    8   409  3.8  hienthi
0     97  21    3   129  3.8  ledblynk
 Inline         0             @cinit1

Program metrics:
    Functions               5
    Statements              62
    Comments                144
    Volume (V)              2433
    Difficulty (D)          17.8
    Effort to implement (E) 43344
    Time to implement (T)   40 minutes
    Est Delivered Bugs (B)  0
    Cyclomatic Complexity   2
    Maintainability (MI)    143

 Segment     Used  Free
-----------  ----  ----
00000-00003     4  0  
00004-007FF   457  1587  
00800-00FFF     0  2048  
01000-017FF     0  2048  
01800-01FFF     0  2048  



