
ROM used:   135/8192 (2%)
            135/8192 (2%) including unused fragments

            0.2 Average locations per line
            4.0 Average locations per statement

RAM used:   14/368 (4%) at main() level
            16/368 (4%) worst case

Stack used: 2 worst case (1 in main + 1 for interrupts)
Stack size: 8

Lines Stmts  %   Files
----- ----- ---  -----
   71    34 100  main.c
  671     0   0  D:\Program File\PICC\Devices\16F877A.h
----- -----
  742    34 Total

Page ROM  %  RAM   Vol Diff  Functions:
---- --- --- ---   --- ----  ----------
0     21  16    1             @delay_ms1
0     33  24    1   385  3.3  ngat_RB
0     34  25    0   197  2.3  MAIN
 Inline         0   399  2.4  @cinit1

Program metrics:
    Functions               3
    Statements              34
    Comments                131
    Volume (V)              1277
    Difficulty (D)          7.8
    Effort to implement (E) 10017
    Time to implement (T)   9 minutes
    Est Delivered Bugs (B)  0
    Cyclomatic Complexity   5
    Maintainability (MI)    64

 Segment     Used  Free
-----------  ----  ----
00000-00003     4  0  
00004-0002E    43  0  
0002F-007FF    88  1913  
00800-00FFF     0  2048  
01000-017FF     0  2048  
01800-01FFF     0  2048  



