
ROM used:   57/8192 (1%)
            57/8192 (1%) including unused fragments

            0.1 Average locations per line
            4.1 Average locations per statement

RAM used:   5/368 (1%) at main() level
            8/368 (2%) worst case

Stack used: 1 worst case (1 in main + 0 for interrupts)
Stack size: 8

Lines Stmts  %   Files
----- ----- ---  -----
   29    14 100  main.c
  671     0   0  D:\Program File\PICC\Devices\16f877a.h
----- -----
  700    14 Total

Page ROM  %  RAM   Vol Diff  Functions:
---- --- --- ---   --- ----  ----------
0     31  54    0   127  2.1  main
0     22  39    3   147  3.9  tre1s
 Inline         0             @cinit1

Program metrics:
    Functions               2
    Statements              14
    Comments                126
    Volume (V)              338
    Difficulty (D)          5.8
    Effort to implement (E) 1974
    Time to implement (T)   2 minutes
    Est Delivered Bugs (B)  0
    Cyclomatic Complexity   1
    Maintainability (MI)    99

 Segment     Used  Free
-----------  ----  ----
00000-00003     4  0  
00004-007FF    53  1991  
00800-00FFF     0  2048  
01000-017FF     0  2048  
01800-01FFF     0  2048  



