
ROM used:   41/8192 (1%)
            41/8192 (1%) including unused fragments

            0.1 Average locations per line
            5.1 Average locations per statement

RAM used:   6/368 (2%) at main() level
            6/368 (2%) worst case

Stack used: 0 worst case (0 in main + 0 for interrupts)
Stack size: 8

Lines Stmts  %   Files
----- ----- ---  -----
   19     8 100  main.c
  671     0   0  D:\Program File\PICC\Devices\16F877a.h
----- -----
  690     8 Total

Page ROM  %  RAM   Vol Diff  Functions:
---- --- --- ---   --- ----  ----------
0     37  90    0   117  2.5  main
 Inline         0             @cinit1

Program metrics:
    Functions               1
    Statements              8
    Comments                121
    Volume (V)              119
    Difficulty (D)          2.3
    Effort to implement (E) 274
    Time to implement (T)   0 minutes
    Est Delivered Bugs (B)  0
    Cyclomatic Complexity   1
    Maintainability (MI)    64

 Segment     Used  Free
-----------  ----  ----
00000-00003     4  0  
00004-007FF    37  2007  
00800-00FFF     0  2048  
01000-017FF     0  2048  
01800-01FFF     0  2048  



