
ROM used: 175 (2%)
          175 (2%) including unused fragments

          0 Average locations per line
          7 Average locations per statement

RAM used: 10 (3%) at main() level
          11 (3%) worst case

Stack used: 1 worst case (out of 8 total available)

Lines Stmts  %   Files
----- ----- ---  -----
   48    24 100  pwm_motor.c
  309     0   0  C:\Program Files (x86)\PICC\devices\16f877a.h
----- -----
  357    24 Total

Page ROM  %  RAM   Vol Diff  Functions:
---- --- --- ---   --- ----  ----------
0     23  13   1             @delay_ms1
0    148  85   1   584  4.8  main

Program metrics:
    Functions               1
    Statements              24
    Comments                91
    Volume (V)              587
    Difficilty (D)          4.7
    Effort to implement (E) 2741
    Time to implement (T)   3 minutes
    Est Delivered Bugs (B)  0
    Cyclomatic Complexity   3
    Maintainability (MI)    126

 Segment     Used  Free
-----------  ----  ----
00000-00003     4  0  
00004-007FF   171  1873  
00800-00FFF     0  2048  
01000-017FF     0  2048  
01800-01FFF     0  2048  



