
ROM used: 1077 (13%)
          1077 (13%) including unused fragments

          1 Average locations per line
          17 Average locations per statement

RAM used: 25 (7%) at main() level
          41 (11%) worst case

Stack used: 4 worst case (out of 8 total available)

Lines Stmts  %   Files
----- ----- ---  -----
   64    33  51  main.c
  326     0   0  C:\Program Files (x86)\PICC\devices\16f877a.h
  319     0   0  C:\Program Files (x86)\PICC\devices\def_877a.h
   86    32  49  C:\Program Files (x86)\PICC\devices\lcd_lib_4bit.c
   28     0   0  C:\Program Files (x86)\PICC\drivers\stddef.h
----- -----
  823    65 Total

Page ROM  %  RAM   Vol Diff  Functions:
---- --- --- ---   --- ----  ----------
0     21   2   1             @delay_ms1
0     34   3   0   245  1.4  LCD_Init
0     11   1   1    90  1.4  LCD_PutCmd
0     14   1   0    72  1.2  LCD_PulseEnable
0     33   3   1   174  2.3  LCD_SetData
0    148  14   4   255  3.5  MAIN
0     33   3   4             @SFTOI
0     31   3   2             @ITOF
0    119  11  13             @MULFF
0    204  19  14             @DIVFF
0    323  30  16    67  1.2  @ADDFF
0     28   3   0    67  1.2  docADC
0     53   5   1   485  3.3  hienthi
0     21   2   3             @DIV88

Program metrics:
    Functions               8
    Statements              65
    Comments                134
    Volume (V)              2306
    Difficilty (D)          15.2
    Effort to implement (E) 34945
    Time to implement (T)   32 minutes
    Est Delivered Bugs (B)  0
    Cyclomatic Complexity   1
    Maintainability (MI)    110

 Segment     Used  Free
-----------  ----  ----
00000-00003     4  0  
00004-007FF  1073  971  
00800-00FFF     0  2048  
01000-017FF     0  2048  
01800-01FFF     0  2048  



