
ROM used:   135/8192 (2%)
            135/8192 (2%) including unused fragments

            0.2 Average locations per line
            3.8 Average locations per statement

RAM used:   6/368 (2%) at main() level
            10/368 (3%) worst case

Stack used: 2 worst case (2 in main + 0 for interrupts)
Stack size: 8

Lines Stmts  %   Files
----- ----- ---  -----
   78    36 100  main.c
  671     0   0  D:\Program File\PICC\Devices\16f877A.h
----- -----
  749    36 Total

Page ROM  %  RAM   Vol Diff  Functions:
---- --- --- ---   --- ----  ----------
0     20  15    1    14  0.8  @delay_ms1
0     33  24    0   183  2.2  main
0     15  11    0    48  1.1  setup
 Inline         3   345  5.8  thaydoi
0     50  37    1    59  1.2  writebye
0     13  10    0   138  3.9  OnLow2High
 Inline         0             @cinit1

Program metrics:
    Functions               6
    Statements              36
    Comments                123
    Volume (V)              1174
    Difficulty (D)          15.2
    Effort to implement (E) 17889
    Time to implement (T)   17 minutes
    Est Delivered Bugs (B)  0
    Cyclomatic Complexity   3
    Maintainability (MI)    148

 Segment     Used  Free
-----------  ----  ----
00000-00003     4  0  
00004-007FF   131  1913  
00800-00FFF     0  2048  
01000-017FF     0  2048  
01800-01FFF     0  2048  



