
ROM used:   555/8192 (7%)
            555/8192 (7%) including unused fragments

            0.7 Average locations per line
            13.2 Average locations per statement

RAM used:   8/368 (2%) at main() level
            23/368 (6%) worst case

Stack used: 2 worst case (2 in main + 0 for interrupts)
Stack size: 8

Lines Stmts  %   Files
----- ----- ---  -----
   83    42 100  main.c
  671     0   0  D:\Program File\PICC\Devices\16f877a.h
----- -----
  754    42 Total

Page ROM  %  RAM   Vol Diff  Functions:
---- --- --- ---   --- ----  ----------
0     14   3    0             @const621
0    102  18    0   452  4.6  main
0     31   6    2             @ITOF
0    204  37   14             @DIVFF
0     33   6    4             @SFTOI
0    101  18    7   562  3.8  hienthi
0     37   7    5             @DIV1616
0     29   5    0    67  1.2  docADC
 Inline         0             @cinit1

Program metrics:
    Functions               3
    Statements              42
    Comments                127
    Volume (V)              1358
    Difficulty (D)          9.2
    Effort to implement (E) 12480
    Time to implement (T)   12 minutes
    Est Delivered Bugs (B)  0
    Cyclomatic Complexity   2
    Maintainability (MI)    66

 Segment     Used  Free
-----------  ----  ----
00000-00003     4  0  
00004-007FF   551  1493  
00800-00FFF     0  2048  
01000-017FF     0  2048  
01800-01FFF     0  2048  



