
ROM used:   446/8192 (5%)
            446/8192 (5%) including unused fragments

            0.6 Average locations per line
            34.3 Average locations per statement

RAM used:   36/368 (10%) at main() level
            41/368 (11%) worst case

Stack used: 2 worst case (2 in main + 0 for interrupts)
Stack size: 8

Lines Stmts  %   Files
----- ----- ---  -----
   30    13 100  main.c
  671     0   0  D:\Program File\PICC\Devices\16F877a.h
----- -----
  701    13 Total

Page ROM  %  RAM   Vol Diff  Functions:
---- --- --- ---   --- ----  ----------
0    196  44   31   870  5.9  main
0      7   2    0             @const648
0     89  20    5             @PSTRINGCN7_9600_62_63
0     21   5    3             @DIV88
0     56  13    2             @PRINTF_U_9600_62_63
0      8   2    0             @const657
0      7   2    0             @const658
0     35   8    2             @PRINTF_X_9600_62_63
0      7   2    0             @const662
0      8   2    0             @const663
0      8   2    0             @const664
 Inline         0             @cinit1

Program metrics:
    Functions               1
    Statements              13
    Comments                122
    Volume (V)              896
    Difficulty (D)          5.1
    Effort to implement (E) 4548
    Time to implement (T)   4 minutes
    Est Delivered Bugs (B)  0
    Cyclomatic Complexity   1
    Maintainability (MI)    45

 Segment     Used  Free
-----------  ----  ----
00000-00003     4  0  
00004-007FF   442  1602  
00800-00FFF     0  2048  
01000-017FF     0  2048  
01800-01FFF     0  2048  



