
ROM used:   1660/8192 (20%)
            1660/8192 (20%) including unused fragments

            1.7 Average locations per line
            9.7 Average locations per statement

RAM used:   35/368 (10%) at main() level
            54/368 (15%) worst case

Stack used: 5 worst case (2 in main + 3 for interrupts)
Stack size: 8

Lines Stmts  %   Files
----- ----- ---  -----
  143    77  45  main.c
  671     0   0  D:\Program File\PICC\Devices\16F877a.h
  133    78  45  ds1307.c
   46    17  10  74hc595.c
----- -----
  993   172 Total

Page ROM  %  RAM   Vol Diff  Functions:
---- --- --- ---   --- ----  ----------
0     84   5    3   240  3.8  @I2C_READ_1
0     92   6    1   475  2.7  @I2C_WRITE_1
0     14   1    0   242  5.7  @const629
0    538  32    8  1291  2.6  ds1307_init
 Inline         5   383  3.1  ds1307_get_date
 Inline         4   315  3.0  ds1307_get_time
0     19   1    3   240  6.0  bin2bcd
0     19   1    3   160  3.9  bcd2bin
0     21   1    0    54  1.2  khoitao
 Inline         3   334  5.8  dich_byte
0     64   4    1    71  0.6  ghi_byte
0    424  26    1  1030  4.4  EXT_isr
0     21   1    3  1226  4.7  @DIV88
0    178  11    1  1028  3.4  MAIN
0    137   8    2   631  7.3  send
 Inline         2   631  7.3  @MUL88
 Inline         0    30  1.7  @cinit1

Program metrics:
    Functions               17
    Statements              172
    Comments                182
    Volume (V)              13682
    Difficulty (D)          68.2
    Effort to implement (E) 933093
    Time to implement (T)   14 hours, 24 minutes
    Est Delivered Bugs (B)  3
    Cyclomatic Complexity   12
    Maintainability (MI)    52

 Segment     Used  Free
-----------  ----  ----
00000-00003     4  0  
00004-00030    45  0  
00031-007FF  1611  388  
00800-00FFF     0  2048  
01000-017FF     0  2048  
01800-01FFF     0  2048  



