
ROM used:   187/8192 (2%)
            187/8192 (2%) including unused fragments

            0.2 Average locations per line
            4.6 Average locations per statement

RAM used:   15/368 (4%) at main() level
            18/368 (5%) worst case

Stack used: 2 worst case (1 in main + 1 for interrupts)
Stack size: 8

Lines Stmts  %   Files
----- ----- ---  -----
  106    41 100  main.c
  671     0   0  D:\Program File\PICC\Devices\16F877A.h
----- -----
  777    41 Total

Page ROM  %  RAM   Vol Diff  Functions:
---- --- --- ---   --- ----  ----------
0     49  26    1   439  3.3  ngat_RB
0     29  16    0    67  1.2  docADC
0     62  33    0   303  2.8  MAIN
 Inline         0             @cinit1

Program metrics:
    Functions               3
    Statements              41
    Comments                140
    Volume (V)              1032
    Difficulty (D)          7.2
    Effort to implement (E) 7477
    Time to implement (T)   7 minutes
    Est Delivered Bugs (B)  0
    Cyclomatic Complexity   5
    Maintainability (MI)    52

 Segment     Used  Free
-----------  ----  ----
00000-00003     4  0  
00004-0002E    43  0  
0002F-007FF   140  1861  
00800-00FFF     0  2048  
01000-017FF     0  2048  
01800-01FFF     0  2048  



