
ROM used:   251/8192 (3%)
            251/8192 (3%) including unused fragments

            0.3 Average locations per line
            4.9 Average locations per statement

RAM used:   15/368 (4%) at main() level
            18/368 (5%) worst case

Stack used: 3 worst case (1 in main + 2 for interrupts)
Stack size: 8

Lines Stmts  %   Files
----- ----- ---  -----
  116    51 100  TA_VAN_MINH_ITS.c
  671     0   0  D:\Program File\PICC\Devices\16F877A.h
----- -----
  787    51 Total

Page ROM  %  RAM   Vol Diff  Functions:
---- --- --- ---   --- ----  ----------
0     20   8    1             @delay_ms1
0     73  29    1   550  3.3  ngat_RB
0     29  12    0    67  1.2  docADC
0     82  33    0   453  3.3  MAIN
 Inline         0             @cinit1

Program metrics:
    Functions               3
    Statements              51
    Comments                145
    Volume (V)              1343
    Difficulty (D)          7.8
    Effort to implement (E) 10431
    Time to implement (T)   10 minutes
    Est Delivered Bugs (B)  0
    Cyclomatic Complexity   6
    Maintainability (MI)    44

 Segment     Used  Free
-----------  ----  ----
00000-00003     4  0  
00004-0002E    43  0  
0002F-007FF   204  1797  
00800-00FFF     0  2048  
01000-017FF     0  2048  
01800-01FFF     0  2048  



