
ROM used:   583/8192 (7%)
            583/8192 (7%) including unused fragments

            0.5 Average locations per line
            2.9 Average locations per statement

RAM used:   21/368 (6%) at main() level
            30/368 (8%) worst case

Stack used: 5 worst case (3 in main + 2 for interrupts)
Stack size: 8

Lines Stmts  %   Files
----- ----- ---  -----
  423   200 100  main.c
  671     0   0  D:\Program File\PICC\Devices\16F877a.h
----- -----
 1094   200 Total

Page ROM  %  RAM   Vol Diff  Functions:
---- --- --- ---   --- ----  ----------
0     20   3    1             @delay_ms1
0     14   2    0             @const627
0     27   5    1   402  4.2  ngat_RB
0     32   5    0   493  4.2  ngat_uart
0     14   2    0   415  3.8  @goto10636
0     29   5    0    67  1.2  docADC
0     69  12    0   550  3.3  MAIN
 Inline         0    48  1.1  red1
 Inline         0    48  1.1  yl1
 Inline         0    48  1.1  gr1
 Inline         2   353  7.0  delay_r
0     21   4    3   415  3.8  @DIV88
 Inline         2   353  7.0  delay_g
 Inline         2   353  7.0  delay_y
0    187  32    0    88  1.2  traffic
0     15   3    0    54  1.2  khoitao
 Inline         3   334  5.8  dich_byte
0     50   9    1    59  1.2  ghi_byte
0     49   8    2   415  3.8  autoo
 Inline         0             @cinit1

Program metrics:
    Functions               17
    Statements              200
    Comments                152
    Volume (V)              7796
    Difficulty (D)          57.4
    Effort to implement (E) 447092
    Time to implement (T)   6 hours, 54 minutes
    Est Delivered Bugs (B)  2
    Cyclomatic Complexity   25
    Maintainability (MI)    49

 Segment     Used  Free
-----------  ----  ----
00000-00003     4  0  
00004-00037    52  0  
00038-007FF   527  1465  
00800-00FFF     0  2048  
01000-017FF     0  2048  
01800-01FFF     0  2048  



