

Microchip MPLAB XC8 Assembler V2.31 build 20201012212115 
                                                                                               Wed Nov 11 15:17:18 2020

Microchip MPLAB XC8 C Compiler v2.31 (Free license) build 20201012212115 Og9 
     1                           	processor	MCP19110
     2                           	pagewidth 120
     3                           	opt	flic
     4                           	psect	cinit,global,class=CODE,merge=1,delta=2
     5                           	psect	cstackCOMMON,global,class=COMMON,space=1,delta=1,noexec
     6                           	psect	maintext,global,class=CODE,split=1,delta=2
     7                           	psect	text1,local,class=CODE,merge=1,delta=2
     8                           	dabs	1,0x7E,2
     9  0000                     
    10                           ; Version 2.31
    11                           ; Generated 13/10/2020 GMT
    12                           ; 
    13                           ; Copyright © 2020, Microchip Technology Inc. and its subsidiaries ("Microchip")
    14                           ; All rights reserved.
    15                           ; 
    16                           ; This software is developed by Microchip Technology Inc. and its subsidiaries ("Microch
      +                          ip").
    17                           ; 
    18                           ; Redistribution and use in source and binary forms, with or without modification, are
    19                           ; permitted provided that the following conditions are met:
    20                           ; 
    21                           ;     1. Redistributions of source code must retain the above copyright notice, this lis
      +                          t of
    22                           ;        conditions and the following disclaimer.
    23                           ; 
    24                           ;     2. Redistributions in binary form must reproduce the above copyright notice, this 
      +                          list
    25                           ;        of conditions and the following disclaimer in the documentation and/or other
    26                           ;        materials provided with the distribution. Publication is not required when
    27                           ;        this file is used in an embedded application.
    28                           ; 
    29                           ;     3. Microchip's name may not be used to endorse or promote products derived from th
      +                          is
    30                           ;        software without specific prior written permission.
    31                           ; 
    32                           ; THIS SOFTWARE IS PROVIDED BY MICROCHIP "AS IS" AND ANY EXPRESS OR IMPLIED WARRANTIES,
    33                           ; INCLUDING, BUT NOT LIMITED TO, THE IMPLIED WARRANTIES OF MERCHANTABILITY AND FITNESS F
      +                          OR
    34                           ; PURPOSE ARE DISCLAIMED.  IN NO EVENT SHALL MICROCHIP BE LIABLE FOR ANY DIRECT, INDIREC
      +                          T,
    35                           ; INCIDENTAL, SPECIAL, EXEMPLARY, OR CONSEQUENTIAL DAMAGES (INCLUDING BUT NOT LIMITED TO
    36                           ; PROCUREMENT OF SUBSTITUTE GOODS OR SERVICES; LOSS OF USE, DATA OR PROFITS; OR BUSINESS
    37                           ; INTERRUPTION) HOWSOEVER CAUSED AND ON ANY THEORY OF LIABILITY, WHETHER IN CONTRACT, ST
      +                          RICT
    38                           ; LIABILITY, OR TORT (INCLUDING NEGLIGENCE OR OTHERWISE) ARISING IN ANY WAY OUT OF THE U
      +                          SE OF
    39                           ; THIS SOFTWARE, EVEN IF ADVISED OF THE POSSIBILITY OF SUCH DAMAGE.
    40                           ; 
    41                           ; 
    42                           ; Code-generator required, MCP19110 Definitions
    43                           ; 
    44                           ; SFR Addresses
    45  0000                     	;# 
    46  0001                     	;# 
    47  0002                     	;# 
    48  0003                     	;# 
    49  0004                     	;# 
    50  0005                     	;# 
    51  0005                     	;# 
    52  0006                     	;# 
    53  0006                     	;# 
    54  0007                     	;# 
    55  0008                     	;# 
    56  0009                     	;# 
    57  000A                     	;# 
    58  000B                     	;# 
    59  000C                     	;# 
    60  000C                     	;# 
    61  000D                     	;# 
    62  000E                     	;# 
    63  000F                     	;# 
    64  0010                     	;# 
    65  0011                     	;# 
    66  0013                     	;# 
    67  0014                     	;# 
    68  0015                     	;# 
    69  0016                     	;# 
    70  0019                     	;# 
    71  001A                     	;# 
    72  001B                     	;# 
    73  001C                     	;# 
    74  001C                     	;# 
    75  001D                     	;# 
    76  001E                     	;# 
    77  001F                     	;# 
    78  0081                     	;# 
    79  0085                     	;# 
    80  0085                     	;# 
    81  0086                     	;# 
    82  0086                     	;# 
    83  0087                     	;# 
    84  0088                     	;# 
    85  0089                     	;# 
    86  0090                     	;# 
    87  0091                     	;# 
    88  0093                     	;# 
    89  0095                     	;# 
    90  0097                     	;# 
    91  0098                     	;# 
    92  0099                     	;# 
    93  009A                     	;# 
    94  009B                     	;# 
    95  009C                     	;# 
    96  009D                     	;# 
    97  009E                     	;# 
    98  0105                     	;# 
    99  0106                     	;# 
   100  0107                     	;# 
   101  0108                     	;# 
   102  0109                     	;# 
   103  0110                     	;# 
   104  0111                     	;# 
   105  0112                     	;# 
   106  0113                     	;# 
   107  0114                     	;# 
   108  0115                     	;# 
   109  0116                     	;# 
   110  0117                     	;# 
   111  0118                     	;# 
   112  0185                     	;# 
   113  0186                     	;# 
   114  0187                     	;# 
   115  0188                     	;# 
   116  0190                     	;# 
   117  0191                     	;# 
   118  0192                     	;# 
   119  0192                     	;# 
   120  0193                     	;# 
   121  0194                     	;# 
   122  0194                     	;# 
   123  0195                     	;# 
   124  0198                     	;# 
   125  0199                     	;# 
   126  019A                     	;# 
   127  019B                     	;# 
   128  019C                     	;# 
   129  019D                     	;# 
   130  019F                     	;# 
   131  000C                     _TMR1L	set	12
   132  000D                     _TMR1H	set	13
   133  0006                     _PORTB	set	6
   134  000E                     _T1CON	set	14
   135  0038                     _TMR1IF	set	56
   136  0086                     _TRISB	set	134
   137                           
   138                           	psect	cinit
   139  07FD                     start_initialization:	
   140                           ; #config settings
   141                           
   142  07FD                     __initialization:
   143  07FD                     end_of_initialization:	
   144                           ;End of C runtime variable initialization code
   145                           
   146  07FD                     __end_of__initialization:
   147  07FD  0183               	clrf	3
   148  07FE  118A  2FCF         	ljmp	_main	;jump to C main() function
   149                           
   150                           	psect	cstackCOMMON
   151  0070                     __pcstackCOMMON:
   152  0070                     ?_t1delay:
   153  0070                     ??_t1delay:	
   154                           ; 1 bytes @ 0x0
   155                           
   156  0070                     ?_main:	
   157                           ; 1 bytes @ 0x0
   158                           
   159  0070                     t1delay@i:	
   160                           ; 1 bytes @ 0x0
   161                           
   162                           
   163                           ; 2 bytes @ 0x0
   164  0070                     	ds	2
   165  0072                     ??_main:
   166                           
   167                           	psect	maintext
   168  07CF                     __pmaintext:	
   169                           ; 1 bytes @ 0x2
   170 ;;
   171 ;;Main: autosize = 0, tempsize = 0, incstack = 0, save=0
   172 ;;
   173 ;; *************** function _main *****************
   174 ;; Defined at:
   175 ;;		line 14 in file "newmain.c"
   176 ;; Parameters:    Size  Location     Type
   177 ;;		None
   178 ;; Auto vars:     Size  Location     Type
   179 ;;		None
   180 ;; Return value:  Size  Location     Type
   181 ;;                  1    wreg      void 
   182 ;; Registers used:
   183 ;;		wreg, status,2, status,0, btemp+1, pclath, cstack
   184 ;; Tracked objects:
   185 ;;		On entry : B00/0
   186 ;;		On exit  : 0/0
   187 ;;		Unchanged: 0/0
   188 ;; Data sizes:     COMMON   BANK0   BANK1   BANK2
   189 ;;      Params:         0       0       0       0
   190 ;;      Locals:         0       0       0       0
   191 ;;      Temps:          0       0       0       0
   192 ;;      Totals:         0       0       0       0
   193 ;;Total ram usage:        0 bytes
   194 ;; Hardware stack levels required when called:    1
   195 ;; This function calls:
   196 ;;		_t1delay
   197 ;; This function is called by:
   198 ;;		Startup code after reset
   199 ;; This function uses a non-reentrant model
   200 ;;
   201                           
   202                           
   203                           ;psect for function _main
   204  07CF                     _main:
   205                           
   206                           ;newmain.c: 17: TRISB = 0;
   207                           
   208                           ;incstack = 0
   209                           ; Regs used in _main: [wreg+status,2+status,0+btemp+1+pclath+cstack]
   210  07CF  1683               	bsf	3,5	;RP0=1, select bank1
   211  07D0  0186               	clrf	6	;volatile
   212                           
   213                           ;newmain.c: 19: T1CON = 0x01;
   214  07D1  3001               	movlw	1
   215  07D2  1283               	bcf	3,5	;RP0=0, select bank0
   216  07D3  008E               	movwf	14	;volatile
   217  07D4                     l491:
   218                           
   219                           ;newmain.c: 23: PORTB = 0xff;
   220  07D4  30FF               	movlw	255
   221  07D5  1283               	bcf	3,5	;RP0=0, select bank0
   222  07D6  1303               	bcf	3,6	;RP1=0, select bank0
   223  07D7  0086               	movwf	6	;volatile
   224                           
   225                           ;newmain.c: 25: t1delay();
   226  07D8  118A  27E2  118A   	fcall	_t1delay
   227                           
   228                           ;newmain.c: 27: PORTB = 0;
   229  07DB  1283               	bcf	3,5	;RP0=0, select bank0
   230  07DC  1303               	bcf	3,6	;RP1=0, select bank0
   231  07DD  0186               	clrf	6	;volatile
   232                           
   233                           ;newmain.c: 29: t1delay();
   234  07DE  118A  27E2  118A   	fcall	_t1delay
   235  07E1  2FD4               	goto	l491
   236  07E2                     __end_of_main:
   237                           
   238                           	psect	text1
   239  07E2                     __ptext1:	
   240 ;; *************** function _t1delay *****************
   241 ;; Defined at:
   242 ;;		line 35 in file "newmain.c"
   243 ;; Parameters:    Size  Location     Type
   244 ;;		None
   245 ;; Auto vars:     Size  Location     Type
   246 ;;  i               2    0[COMMON] int 
   247 ;; Return value:  Size  Location     Type
   248 ;;                  1    wreg      void 
   249 ;; Registers used:
   250 ;;		wreg, status,2, btemp+1
   251 ;; Tracked objects:
   252 ;;		On entry : 300/0
   253 ;;		On exit  : 0/0
   254 ;;		Unchanged: 0/0
   255 ;; Data sizes:     COMMON   BANK0   BANK1   BANK2
   256 ;;      Params:         0       0       0       0
   257 ;;      Locals:         2       0       0       0
   258 ;;      Temps:          0       0       0       0
   259 ;;      Totals:         2       0       0       0
   260 ;;Total ram usage:        2 bytes
   261 ;; Hardware stack levels used:    1
   262 ;; This function calls:
   263 ;;		Nothing
   264 ;; This function is called by:
   265 ;;		_main
   266 ;; This function uses a non-reentrant model
   267 ;;
   268                           
   269                           
   270                           ;psect for function _t1delay
   271  07E2                     _t1delay:
   272                           
   273                           ;newmain.c: 38: int i;;newmain.c: 40: for (i = 0; i < 42; i++) {
   274                           
   275                           ;incstack = 0
   276                           ; Regs used in _t1delay: [wreg+status,2+btemp+1]
   277  07E2  01F0               	clrf	t1delay@i
   278  07E3  01F1               	clrf	t1delay@i+1
   279  07E4                     l481:
   280                           
   281                           ;newmain.c: 42: TMR1H = TMR1L = 0;
   282  07E4  1283               	bcf	3,5	;RP0=0, select bank0
   283  07E5  1303               	bcf	3,6	;RP1=0, select bank0
   284  07E6  018C               	clrf	12	;volatile
   285  07E7  018D               	clrf	13	;volatile
   286  07E8                     l27:	
   287                           ;newmain.c: 44: while (!TMR1IF);
   288                           
   289  07E8  1C07               	btfss	7,0	;volatile
   290  07E9  2FE8               	goto	l27
   291                           
   292                           ;newmain.c: 46: TMR1IF = 0;
   293  07EA  1007               	bcf	7,0	;volatile
   294  07EB  3001               	movlw	1
   295  07EC  07F0               	addwf	t1delay@i,f
   296  07ED  1803               	skipnc
   297  07EE  0AF1               	incf	t1delay@i+1,f
   298  07EF  3000               	movlw	0
   299  07F0  07F1               	addwf	t1delay@i+1,f
   300  07F1  0871               	movf	t1delay@i+1,w
   301  07F2  3A80               	xorlw	128
   302  07F3  00FF               	movwf	127
   303  07F4  3080               	movlw	128
   304  07F5  027F               	subwf	127,w
   305  07F6  1D03               	skipz
   306  07F7  2FFA               	goto	u25
   307  07F8  302A               	movlw	42
   308  07F9  0270               	subwf	t1delay@i,w
   309  07FA                     u25:
   310  07FA  1803               	btfsc	3,0
   311  07FB  0008               	return
   312  07FC  2FE4               	goto	l481
   313  07FD                     __end_of_t1delay:
   314  007E                     btemp	set	126	;btemp
   315  007E                     wtemp0	set	126

Data Sizes:
    Strings     0
    Constant    0
    Data        0
    BSS         0
    Persistent  0
    Stack       0

Auto Spaces:
    Space          Size  Autos    Used
    COMMON           14      2       2
    BANK0            80      0       0
    BANK1            80      0       0
    BANK2            80      0       0

Pointer List with Targets:

    None.

Critical Paths under _main in COMMON

    _main->_t1delay

Critical Paths under _main in BANK0

    None.

Critical Paths under _main in BANK1

    None.

Critical Paths under _main in BANK2

    None.

Call Graph Tables:

 ---------------------------------------------------------------------------------
 (Depth) Function   	        Calls       Base Space   Used Autos Params    Refs
 ---------------------------------------------------------------------------------
 (0) _main                                                 0     0      0      30
                            _t1delay
 ---------------------------------------------------------------------------------
 (1) _t1delay                                              2     2      0      30
                                              0 COMMON     2     2      0
 ---------------------------------------------------------------------------------
 Estimated maximum stack depth 1
 ---------------------------------------------------------------------------------

 Call Graph Graphs:

 _main (ROOT)
   _t1delay

 Address spaces:
Name               Size   Autos  Total    Cost      Usage
BITCOMMON            E      0       0       0        0.0%
NULL                 0      0       0       0        0.0%
CODE                 0      0       0       0        0.0%
COMMON               E      2       2       1       14.3%
BITSFR0              0      0       0       1        0.0%
SFR0                 0      0       0       1        0.0%
BITSFR1              0      0       0       2        0.0%
SFR1                 0      0       0       2        0.0%
STACK                0      0       0       2        0.0%
BITBANK0            50      0       0       3        0.0%
BANK0               50      0       0       4        0.0%
BITSFR3              0      0       0       4        0.0%
SFR3                 0      0       0       4        0.0%
BITBANK1            50      0       0       5        0.0%
BITSFR2              0      0       0       5        0.0%
SFR2                 0      0       0       5        0.0%
BANK1               50      0       0       6        0.0%
BANK2               50      0       0       7        0.0%
ABS                  0      0       0       8        0.0%
DATA                 0      0       0       9        0.0%
BITBANK2            50      0       0      10        0.0%


Microchip Technology PIC Macro Assembler V2.31 build 20201012212115 
Symbol Table                                                                                   Wed Nov 11 15:17:18 2020

                     l27 07E8                       u25 07FA                      l481 07E4  
                    l491 07D4                     _main 07CF                     btemp 007E  
                   start 0000          __end_of_t1delay 07FD                    ?_main 0070  
                  _T1CON 000E                    _TMR1H 000D                    _TMR1L 000C  
                  _PORTB 0006                    _TRISB 0086                    status 0003  
                  wtemp0 007E          __initialization 07FD             __end_of_main 07E2  
                 ??_main 0072                   _TMR1IF 0038                ??_t1delay 0070  
__end_of__initialization 07FD           __pcstackCOMMON 0070               __pmaintext 07CF  
                _t1delay 07E2                  __ptext1 07E2     end_of_initialization 07FD  
    start_initialization 07FD                ___latbits 0001                 ?_t1delay 0070  
       __size_of_t1delay 001B                 t1delay@i 0070            __size_of_main 0013  
