
ROM used:   457/8192 (6%)
            457/8192 (6%) including unused fragments

            0.5 Average locations per line
            5.1 Average locations per statement

RAM used:   32/368 (9%) at main() level
            38/368 (10%) worst case

Stack used: 3 worst case (1 in main + 2 for interrupts)
Stack size: 8

Lines Stmts  %   Files
----- ----- ---  -----
  180    90 100  main.c
  671     0   0  D:\Program File\PICC\Devices\16F877A.h
----- -----
  851    90 Total

Page ROM  %  RAM   Vol Diff  Functions:
---- --- --- ---   --- ----  ----------
0     20   4    1             @delay_ms1
0     66  14    1   527  4.7  task_B0
0     14   3    0    17  0.8  @goto10585
0    136  30    1  1170  3.9  task_B1
0     65  14    1    88  1.2  task_B2
0    142  31    0   100  1.3  MAIN
0     10   2    0    48  1.1  @const644
 Inline         0    48  1.1  red1
 Inline         0    48  1.1  yl1
 Inline         0    48  1.1  gr1
 Inline         0             @cinit1

Program metrics:
    Functions               9
    Statements              90
    Comments                128
    Volume (V)              3004
    Difficulty (D)          17.3
    Effort to implement (E) 51878
    Time to implement (T)   48 minutes
    Est Delivered Bugs (B)  0
    Cyclomatic Complexity   17
    Maintainability (MI)    82

 Segment     Used  Free
-----------  ----  ----
00000-00003     4  0  
00004-007FF   453  1591  
00800-00FFF     0  2048  
01000-017FF     0  2048  
01800-01FFF     0  2048  



