

HI-TECH Software PIC LITE Macro Assembler V9.81 build 7503 
                                                                                               Mon Sep 14 10:22:08 2020

HI-TECH Software Omniscient Code Generator (Lite mode) build 7503
     1  0000                     opt subtitle "HI-TECH Software Omniscient Code Generator (Lite mode) build 7503"
     2                           
     3                           opt pagewidth 120
     4                           
     5                           	opt lm
     6                           
     7                           	processor	16F877A
     8                           clrc	macro
     9                           	bcf	3,0
    10  0000                     	endm
    11                           clrz	macro
    12                           	bcf	3,2
    13  0000                     	endm
    14                           setc	macro
    15                           	bsf	3,0
    16  0000                     	endm
    17                           setz	macro
    18                           	bsf	3,2
    19  0000                     	endm
    20                           skipc	macro
    21                           	btfss	3,0
    22  0000                     	endm
    23                           skipz	macro
    24                           	btfss	3,2
    25  0000                     	endm
    26                           skipnc	macro
    27                           	btfsc	3,0
    28  0000                     	endm
    29                           skipnz	macro
    30                           	btfsc	3,2
    31  0000                     	endm
    32  0000                     indf	equ	0
    33  0000                     indf0	equ	0
    34  0002                     pc	equ	2
    35  0002                     pcl	equ	2
    36  0003                     status	equ	3
    37  0004                     fsr	equ	4
    38  0004                     fsr0	equ	4
    39  0001                     c	equ	1
    40  0000                     z	equ	0
    41  000A                     pclath	equ	10
    42                           	FNCALL	_main,_t1delay
    43                           	FNROOT	_main
    44                           	global	_PORTB
    45                           psect	text60,local,class=CODE,delta=2
    46                           global __ptext60
    47  0000                     __ptext60:
    48  0006                     _PORTB	set	6
    49                           	global	_T1CON
    50  0010                     _T1CON	set	16
    51                           	global	_TMR1H
    52  000F                     _TMR1H	set	15
    53                           	global	_TMR1L
    54  000E                     _TMR1L	set	14
    55                           	global	_TMR1IF
    56  0060                     _TMR1IF	set	96
    57                           	global	_TRISB
    58  0086                     _TRISB	set	134
    59                           	file	"C:\Users\BinhNGO\AppData\Local\Temp\s9tg."
    60                           	line	#
    61                           psect cinit,class=CODE,delta=2
    62                           global start_initialization
    63  07AE                     start_initialization:
    64                           
    65                           psect cinit,class=CODE,delta=2
    66                           global end_of_initialization
    67                           
    68                           ;End of C runtime variable initialization code
    69                           
    70  07AE                     end_of_initialization:
    71  07AE  0183               clrf status
    72  07AF  120A  118A  2FB2   ljmp _main	;jump to C main() function
    73                           psect	cstackCOMMON,class=COMMON,space=1
    74                           global __pcstackCOMMON
    75  0070                     __pcstackCOMMON:
    76                           	global	?_t1delay
    77  0070                     ?_t1delay:	; 0 bytes @ 0x0
    78                           	global	??_t1delay
    79  0070                     ??_t1delay:	; 0 bytes @ 0x0
    80                           	global	?_main
    81  0070                     ?_main:	; 0 bytes @ 0x0
    82                           	global	t1delay@i
    83  0070                     t1delay@i:	; 2 bytes @ 0x0
    84  0070                     	ds	2
    85                           	global	??_main
    86  0072                     ??_main:	; 0 bytes @ 0x2
    87 ;;Data sizes: Strings 0, constant 0, data 0, bss 0, persistent 0 stack 0
    88 ;;Auto spaces:   Size  Autos    Used
    89 ;; COMMON          14      2       2
    90 ;; BANK0           80      0       0
    91 ;; BANK1           80      0       0
    92 ;; BANK3           96      0       0
    93 ;; BANK2           96      0       0
    94                           
    95 ;;
    96 ;; Pointer list with targets:
    97                           
    98                           
    99                           
   100 ;;
   101 ;; Critical Paths under _main in COMMON
   102 ;;
   103 ;;   _main->_t1delay
   104 ;;
   105 ;; Critical Paths under _main in BANK0
   106 ;;
   107 ;;   None.
   108 ;;
   109 ;; Critical Paths under _main in BANK1
   110 ;;
   111 ;;   None.
   112 ;;
   113 ;; Critical Paths under _main in BANK3
   114 ;;
   115 ;;   None.
   116 ;;
   117 ;; Critical Paths under _main in BANK2
   118 ;;
   119 ;;   None.
   120                           
   121 ;;
   122 ;;Main: autosize = 0, tempsize = 0, incstack = 0, save=0
   123 ;;
   124                           
   125 ;;
   126 ;;Call Graph Tables:
   127 ;;
   128 ;; ---------------------------------------------------------------------------------
   129 ;; (Depth) Function   	        Calls       Base Space   Used Autos Params    Refs
   130 ;; ---------------------------------------------------------------------------------
   131 ;; (0) _main                                                 0     0      0      30
   132 ;;                            _t1delay
   133 ;; ---------------------------------------------------------------------------------
   134 ;; (1) _t1delay                                              2     2      0      30
   135 ;;                                              0 COMMON     2     2      0
   136 ;; ---------------------------------------------------------------------------------
   137 ;; Estimated maximum stack depth 1
   138 ;; ---------------------------------------------------------------------------------
   139                           
   140 ;; Call Graph Graphs:
   141                           
   142 ;; _main (ROOT)
   143 ;;   _t1delay
   144 ;;
   145                           
   146 ;; Address spaces:
   147                           
   148 ;;Name               Size   Autos  Total    Cost      Usage
   149 ;;BITCOMMON            E      0       0       0        0.0%
   150 ;;EEDATA             100      0       0       0        0.0%
   151 ;;NULL                 0      0       0       0        0.0%
   152 ;;CODE                 0      0       0       0        0.0%
   153 ;;COMMON               E      2       2       1       14.3%
   154 ;;BITSFR0              0      0       0       1        0.0%
   155 ;;SFR0                 0      0       0       1        0.0%
   156 ;;BITSFR1              0      0       0       2        0.0%
   157 ;;SFR1                 0      0       0       2        0.0%
   158 ;;STACK                0      0       1       2        0.0%
   159 ;;ABS                  0      0       0       3        0.0%
   160 ;;BITBANK0            50      0       0       4        0.0%
   161 ;;BITSFR3              0      0       0       4        0.0%
   162 ;;SFR3                 0      0       0       4        0.0%
   163 ;;BANK0               50      0       0       5        0.0%
   164 ;;BITSFR2              0      0       0       5        0.0%
   165 ;;SFR2                 0      0       0       5        0.0%
   166 ;;BITBANK1            50      0       0       6        0.0%
   167 ;;BANK1               50      0       0       7        0.0%
   168 ;;BITBANK3            60      0       0       8        0.0%
   169 ;;BANK3               60      0       0       9        0.0%
   170 ;;BITBANK2            60      0       0      10        0.0%
   171 ;;BANK2               60      0       0      11        0.0%
   172 ;;DATA                 0      0       0      12        0.0%
   173                           
   174                           	global	_main
   175                           psect	maintext,global,class=CODE,delta=2
   176                           global __pmaintext
   177  07B2                     __pmaintext:
   178                           
   179 ;; *************** function _main *****************
   180 ;; Defined at:
   181 ;;		line 13 in file "newmain.c"
   182 ;; Parameters:    Size  Location     Type
   183 ;;		None
   184 ;; Auto vars:     Size  Location     Type
   185 ;;		None
   186 ;; Return value:  Size  Location     Type
   187 ;;		None               void
   188 ;; Registers used:
   189 ;;		wreg, status,2, status,0, btemp+1, pclath, cstack
   190 ;; Tracked objects:
   191 ;;		On entry : 17F/0
   192 ;;		On exit  : 0/0
   193 ;;		Unchanged: 0/0
   194 ;; Data sizes:     COMMON   BANK0   BANK1   BANK3   BANK2
   195 ;;      Params:         0       0       0       0       0
   196 ;;      Locals:         0       0       0       0       0
   197 ;;      Temps:          0       0       0       0       0
   198 ;;      Totals:         0       0       0       0       0
   199 ;;Total ram usage:        0 bytes
   200 ;; Hardware stack levels required when called:    1
   201 ;; This function calls:
   202 ;;		_t1delay
   203 ;; This function is called by:
   204 ;;		Startup code after reset
   205 ;; This function uses a non-reentrant model
   206 ;;
   207                           psect	maintext
   208                           	file	"newmain.c"
   209                           	line	13
   210                           	global	__size_of_main
   211  001E                     	__size_of_main	equ	__end_of_main-_main
   212                           	
   213  07B2                     _main:	
   214                           	opt	stack 7
   215                           ; Regs used in _main: [wreg+status,2+status,0+btemp+1+pclath+cstack]
   216                           	line	14
   217                           	
   218  07B2                     l1845:	
   219                           ;newmain.c: 14: TRISB=0;
   220  07B2  1683               	bsf	status, 5	;RP0=1, select bank1
   221  07B3  1303               	bcf	status, 6	;RP1=0, select bank1
   222  07B4  0186               	clrf	(134)^080h	;volatile
   223                           	line	15
   224                           	
   225  07B5                     l1847:	
   226                           ;newmain.c: 15: T1CON=0x01;
   227  07B5  3001               	movlw	(01h)
   228  07B6  1283               	bcf	status, 5	;RP0=0, select bank0
   229  07B7  1303               	bcf	status, 6	;RP1=0, select bank0
   230  07B8  0090               	movwf	(16)	;volatile
   231  07B9  2FBA               	goto	l1849
   232                           	line	16
   233                           ;newmain.c: 16: while(1) {
   234                           	
   235  07BA                     l687:	
   236                           	line	17
   237                           	
   238  07BA                     l1849:	
   239                           ;newmain.c: 17: PORTB=0xff;
   240  07BA  30FF               	movlw	(0FFh)
   241  07BB  1283               	bcf	status, 5	;RP0=0, select bank0
   242  07BC  1303               	bcf	status, 6	;RP1=0, select bank0
   243  07BD  0086               	movwf	(6)	;volatile
   244                           	line	18
   245                           	
   246  07BE                     l1851:	
   247                           ;newmain.c: 18: t1delay();
   248  07BE  120A  118A  27D0   	fcall	_t1delay
              120A  118A         
   249                           	line	19
   250                           	
   251  07C3                     l1853:	
   252                           ;newmain.c: 19: PORTB=0;
   253  07C3  1283               	bcf	status, 5	;RP0=0, select bank0
   254  07C4  1303               	bcf	status, 6	;RP1=0, select bank0
   255  07C5  0186               	clrf	(6)	;volatile
   256                           	line	20
   257                           ;newmain.c: 20: t1delay();
   258  07C6  120A  118A  27D0   	fcall	_t1delay
              120A  118A         
   259  07CB  2FBA               	goto	l1849
   260                           	line	21
   261                           	
   262  07CC                     l688:	
   263                           	line	16
   264  07CC  2FBA               	goto	l1849
   265                           	
   266  07CD                     l689:	
   267                           	line	22
   268                           	
   269  07CD                     l690:	
   270                           	global	start
   271  07CD  120A  118A  2800   	ljmp	start
   272                           	opt stack 0
   273                           GLOBAL	__end_of_main
   274  07D0                     	__end_of_main:
   275 ;; =============== function _main ends ============
   276                           
   277                           	signat	_main,88
   278                           	global	_t1delay
   279                           psect	text61,local,class=CODE,delta=2
   280                           global __ptext61
   281  07D0                     __ptext61:
   282                           
   283 ;; *************** function _t1delay *****************
   284 ;; Defined at:
   285 ;;		line 25 in file "newmain.c"
   286 ;; Parameters:    Size  Location     Type
   287 ;;		None
   288 ;; Auto vars:     Size  Location     Type
   289 ;;  i               2    0[COMMON] int 
   290 ;; Return value:  Size  Location     Type
   291 ;;		None               void
   292 ;; Registers used:
   293 ;;		wreg, status,2, btemp+1
   294 ;; Tracked objects:
   295 ;;		On entry : 0/0
   296 ;;		On exit  : 0/0
   297 ;;		Unchanged: 0/0
   298 ;; Data sizes:     COMMON   BANK0   BANK1   BANK3   BANK2
   299 ;;      Params:         0       0       0       0       0
   300 ;;      Locals:         2       0       0       0       0
   301 ;;      Temps:          0       0       0       0       0
   302 ;;      Totals:         2       0       0       0       0
   303 ;;Total ram usage:        2 bytes
   304 ;; Hardware stack levels used:    1
   305 ;; This function calls:
   306 ;;		Nothing
   307 ;; This function is called by:
   308 ;;		_main
   309 ;; This function uses a non-reentrant model
   310 ;;
   311                           psect	text61
   312                           	file	"newmain.c"
   313                           	line	25
   314                           	global	__size_of_t1delay
   315  0030                     	__size_of_t1delay	equ	__end_of_t1delay-_t1delay
   316                           	
   317  07D0                     _t1delay:	
   318                           	opt	stack 7
   319                           ; Regs used in _t1delay: [wreg+status,2+btemp+1]
   320                           	line	27
   321                           	
   322  07D0                     l1067:	
   323                           ;newmain.c: 26: int i;
   324                           ;newmain.c: 27: for(i=0;i<42;i++) {
   325  07D0  01F0               	clrf	(t1delay@i)
   326  07D1  01F1               	clrf	(t1delay@i+1)
   327                           	
   328  07D2                     l1069:	
   329  07D2  0871               	movf	(t1delay@i+1),w
   330  07D3  3A80               	xorlw	80h
   331  07D4  00FF               	movwf	btemp+1
   332  07D5  3080               	movlw	(high(02Ah))^80h
   333  07D6  027F               	subwf	btemp+1,w
   334  07D7  1D03               	skipz
   335  07D8  2FDB               	goto	u15
   336  07D9  302A               	movlw	low(02Ah)
   337  07DA  0270               	subwf	(t1delay@i),w
   338  07DB                     u15:
   339                           
   340  07DB  1C03               	skipc
   341  07DC  2FDE               	goto	u11
   342  07DD  2FDF               	goto	u10
   343  07DE                     u11:
   344  07DE  2FE1               	goto	l1073
   345  07DF                     u10:
   346  07DF  2FFF               	goto	l698
   347                           	
   348  07E0                     l1071:	
   349  07E0  2FFF               	goto	l698
   350                           	
   351  07E1                     l693:	
   352                           	line	28
   353                           	
   354  07E1                     l1073:	
   355                           ;newmain.c: 28: TMR1H=TMR1L=0;
   356  07E1  1283               	bcf	status, 5	;RP0=0, select bank0
   357  07E2  1303               	bcf	status, 6	;RP1=0, select bank0
   358  07E3  018E               	clrf	(14)	;volatile
   359  07E4  018F               	clrf	(15)	;volatile
   360                           	line	29
   361                           ;newmain.c: 29: while(!TMR1IF);
   362  07E5  2FE6               	goto	l695
   363                           	
   364  07E6                     l696:	
   365                           	
   366  07E6                     l695:	
   367  07E6  1C0C               	btfss	(96/8),(96)&7
   368  07E7  2FE9               	goto	u21
   369  07E8  2FEA               	goto	u20
   370  07E9                     u21:
   371  07E9  2FE6               	goto	l695
   372  07EA                     u20:
   373                           	
   374  07EA                     l697:	
   375                           	line	30
   376                           ;newmain.c: 30: TMR1IF=0;
   377  07EA  100C               	bcf	(96/8),(96)&7
   378                           	line	27
   379                           	
   380  07EB                     l1075:	
   381  07EB  3001               	movlw	low(01h)
   382  07EC  07F0               	addwf	(t1delay@i),f
   383  07ED  1803               	skipnc
   384  07EE  0AF1               	incf	(t1delay@i+1),f
   385  07EF  3000               	movlw	high(01h)
   386  07F0  07F1               	addwf	(t1delay@i+1),f
   387                           	
   388  07F1                     l1077:	
   389  07F1  0871               	movf	(t1delay@i+1),w
   390  07F2  3A80               	xorlw	80h
   391  07F3  00FF               	movwf	btemp+1
   392  07F4  3080               	movlw	(high(02Ah))^80h
   393  07F5  027F               	subwf	btemp+1,w
   394  07F6  1D03               	skipz
   395  07F7  2FFA               	goto	u35
   396  07F8  302A               	movlw	low(02Ah)
   397  07F9  0270               	subwf	(t1delay@i),w
   398  07FA                     u35:
   399                           
   400  07FA  1C03               	skipc
   401  07FB  2FFD               	goto	u31
   402  07FC  2FFE               	goto	u30
   403  07FD                     u31:
   404  07FD  2FE1               	goto	l1073
   405  07FE                     u30:
   406  07FE  2FFF               	goto	l698
   407                           	
   408  07FF                     l694:	
   409                           	line	32
   410                           	
   411  07FF                     l698:	
   412  07FF  0008               	return
   413                           	opt stack 0
   414                           GLOBAL	__end_of_t1delay
   415  0800                     	__end_of_t1delay:
   416 ;; =============== function _t1delay ends ============
   417                           
   418                           	signat	_t1delay,88
   419                           psect	text62,local,class=CODE,delta=2
   420                           global __ptext62
   421  0000                     __ptext62:
   422                           	global	btemp
   423  007E                     	btemp set 07Eh
   424                           
   425                           	DABS	1,126,2	;btemp
   426                           	global	wtemp0
   427  007E                     	wtemp0 set btemp


HI-TECH Software PICC Macro Assembler V9.81 build 7503 
Symbol Table                                                                                   Mon Sep 14 10:22:08 2020

                  u10 07DF                    u11 07DE                    u20 07EA                    u21 07E9  
                  u30 07FE                    u31 07FD                    u15 07DB                    u35 07FA  
                 l690 07CD                   l693 07E1                   l694 07FF                   l695 07E6  
                 l687 07BA                   l696 07E6                   l688 07CC                   l697 07EA  
                 l689 07CD                   l698 07FF                  l1071 07E0                  l1073 07E1  
                l1075 07EB                  l1067 07D0                  l1077 07F1                  l1069 07D2  
                l1851 07BE                  l1853 07C3                  l1845 07B2                  l1847 07B5  
                l1849 07BA                  _main 07B2                  btemp 007E                  start 0000  
     __end_of_t1delay 0800                 ?_main 0070                 _T1CON 0010                 _TMR1H 000F  
               _TMR1L 000E                 _PORTB 0006                 _TRISB 0086                 status 0003  
               wtemp0 007E          __end_of_main 07D0                ??_main 0072                _TMR1IF 0060  
           ??_t1delay 0070        __pcstackCOMMON 0070            __pmaintext 07B2               _t1delay 07D0  
end_of_initialization 07AE   start_initialization 07AE              ?_t1delay 0070      __size_of_t1delay 0030  
            t1delay@i 0070              __ptext60 0000              __ptext61 07D0              __ptext62 0000  
       __size_of_main 001E  
