
ROM used:   913/8192 (11%)
            913/8192 (11%) including unused fragments

            0.7 Average locations per line
            4.6 Average locations per statement

RAM used:   45/368 (12%) at main() level
            58/368 (16%) worst case

Stack used: 6 worst case (6 in main + 0 for interrupts)
Stack size: 8

Lines Stmts  %   Files
----- ----- ---  -----
  154    99  50  main.c
  671     0   0  D:\Program File\PICC\Devices\16F877A.h
  456   100  50  D:\Program File\PICC\Drivers\lcd.c
----- -----
 1281   199 Total

Page ROM  %  RAM   Vol Diff  Functions:
---- --- --- ---   --- ----  ----------
0     20   2    1             @delay_ms1
 Inline         3   760  4.5  lcd_read_byte
0     49   5    2   262  3.7  lcd_read_nibble
0     44   5    1   399  2.4  lcd_send_nibble
0     92  10    3   415  3.7  lcd_send_byte
0     70   8    6   852  6.2  lcd_init
0     18   2    4   208  6.3  lcd_gotoxy
0     44   5    1   354  4.7  lcd_putc
0     23   3    0   106  1.3  start_signal
 Inline         0   127  2.5  check_response
0     84   9    4   705  7.7  Read_Data
0    116  13    1   341  2.7  MAIN
0      8   1    0             @const680
0     86   9    4             @PSTRINGC7_645
0    185  20    1  1343  6.3  writeDth11
0      5   1    0             @const682
0     21   2    3             @DIV88
0     22   2    2             @PSTRINGR_645
0      8   1    0             @const687
0      6   1    0             @const688
0      8   1    0             @const689
 Inline         0             @cinit1

Program metrics:
    Functions               12
    Statements              199
    Comments                268
    Volume (V)              9292
    Difficulty (D)          50.5
    Effort to implement (E) 469633
    Time to implement (T)   7 hours, 15 minutes
    Est Delivered Bugs (B)  2
    Cyclomatic Complexity   18
    Maintainability (MI)    134

 Segment     Used  Free
-----------  ----  ----
00000-00003     4  0  
00004-007FF   909  1135  
00800-00FFF     0  2048  
01000-017FF     0  2048  
01800-01FFF     0  2048  



