
ROM used:   192/8192 (2%)
            192/8192 (2%) including unused fragments

            0.3 Average locations per line
            5.3 Average locations per statement

RAM used:   15/368 (4%) at main() level
            15/368 (4%) worst case

Stack used: 3 worst case (1 in main + 2 for interrupts)
Stack size: 8

Lines Stmts  %   Files
----- ----- ---  -----
   81    36 100  main.c
  671     0   0  D:\Program File\PICC\Devices\16f877a.h
----- -----
  752    36 Total

Page ROM  %  RAM   Vol Diff  Functions:
---- --- --- ---   --- ----  ----------
0     91  47    0   550  3.3  ngatadc
0      5   3    0    12  0.8  intad
0     47  24    0   212  1.8  MAIN
 Inline         0             @cinit1

Program metrics:
    Functions               3
    Statements              36
    Comments                124
    Volume (V)              937
    Difficulty (D)          6.4
    Effort to implement (E) 5989
    Time to implement (T)   6 minutes
    Est Delivered Bugs (B)  0
    Cyclomatic Complexity   3
    Maintainability (MI)    75

 Segment     Used  Free
-----------  ----  ----
00000-00003     4  0  
00004-00030    45  0  
00031-007FF   143  1856  
00800-00FFF     0  2048  
01000-017FF     0  2048  
01800-01FFF     0  2048  



