

HI-TECH Software PIC LITE Macro Assembler V9.81 build 7503 
                                                                                               Tue Nov 17 20:23:30 2020

HI-TECH Software Omniscient Code Generator (Lite mode) build 7503
     1  0000                     opt subtitle "HI-TECH Software Omniscient Code Generator (Lite mode) build 7503"
     2                           
     3                           opt pagewidth 120
     4                           
     5                           	opt lm
     6                           
     7                           	processor	16F877A
     8                           clrc	macro
     9                           	bcf	3,0
    10  0000                     	endm
    11                           clrz	macro
    12                           	bcf	3,2
    13  0000                     	endm
    14                           setc	macro
    15                           	bsf	3,0
    16  0000                     	endm
    17                           setz	macro
    18                           	bsf	3,2
    19  0000                     	endm
    20                           skipc	macro
    21                           	btfss	3,0
    22  0000                     	endm
    23                           skipz	macro
    24                           	btfss	3,2
    25  0000                     	endm
    26                           skipnc	macro
    27                           	btfsc	3,0
    28  0000                     	endm
    29                           skipnz	macro
    30                           	btfsc	3,2
    31  0000                     	endm
    32  0000                     indf	equ	0
    33  0000                     indf0	equ	0
    34  0002                     pc	equ	2
    35  0002                     pcl	equ	2
    36  0003                     status	equ	3
    37  0004                     fsr	equ	4
    38  0004                     fsr0	equ	4
    39  0001                     c	equ	1
    40  0000                     z	equ	0
    41  000A                     pclath	equ	10
    42                           	FNCALL	_main,_setup
    43                           	FNCALL	_main,_ledoff
    44                           	FNCALL	_main,_led1
    45                           	FNCALL	_main,_led2
    46                           	FNCALL	_main,_led3
    47                           	FNCALL	_led3,_timer2
    48                           	FNCALL	_led2,_timer1
    49                           	FNCALL	_led1,_timer0
    50                           	FNROOT	_main
    51                           	global	_T1CON
    52                           psect	text138,local,class=CODE,delta=2
    53                           global __ptext138
    54  0000                     __ptext138:
    55  0010                     _T1CON	set	16
    56                           	global	_T2CON
    57  0012                     _T2CON	set	18
    58                           	global	_TMR1H
    59  000F                     _TMR1H	set	15
    60                           	global	_TMR1L
    61  000E                     _TMR1L	set	14
    62                           	global	_RB0
    63  0030                     _RB0	set	48
    64                           	global	_RB3
    65  0033                     _RB3	set	51
    66                           	global	_RB6
    67  0036                     _RB6	set	54
    68                           	global	_T0IF
    69  005A                     _T0IF	set	90
    70                           	global	_TMR1IF
    71  0060                     _TMR1IF	set	96
    72                           	global	_TMR2IF
    73  0061                     _TMR2IF	set	97
    74                           	global	_OPTION_REG
    75  0081                     _OPTION_REG	set	129
    76                           	global	_TRISB
    77  0086                     _TRISB	set	134
    78                           	file	"C:\Users\tamin\AppData\Local\Temp\sbeg."
    79                           	line	#
    80                           psect cinit,class=CODE,delta=2
    81                           global start_initialization
    82  0720                     start_initialization:
    83                           
    84                           psect cinit,class=CODE,delta=2
    85                           global end_of_initialization
    86                           
    87                           ;End of C runtime variable initialization code
    88                           
    89  0720                     end_of_initialization:
    90  0720  0183               clrf status
    91  0721  120A  118A  2F75   ljmp _main	;jump to C main() function
    92                           psect	cstackCOMMON,class=COMMON,space=1
    93                           global __pcstackCOMMON
    94  0070                     __pcstackCOMMON:
    95                           	global	?_timer0
    96  0070                     ?_timer0:	; 0 bytes @ 0x0
    97                           	global	?_timer1
    98  0070                     ?_timer1:	; 0 bytes @ 0x0
    99                           	global	?_timer2
   100  0070                     ?_timer2:	; 0 bytes @ 0x0
   101                           	global	?_setup
   102  0070                     ?_setup:	; 0 bytes @ 0x0
   103                           	global	??_setup
   104  0070                     ??_setup:	; 0 bytes @ 0x0
   105                           	global	?_led1
   106  0070                     ?_led1:	; 0 bytes @ 0x0
   107                           	global	?_led2
   108  0070                     ?_led2:	; 0 bytes @ 0x0
   109                           	global	?_led3
   110  0070                     ?_led3:	; 0 bytes @ 0x0
   111                           	global	?_ledoff
   112  0070                     ?_ledoff:	; 0 bytes @ 0x0
   113                           	global	??_ledoff
   114  0070                     ??_ledoff:	; 0 bytes @ 0x0
   115                           	global	?_main
   116  0070                     ?_main:	; 0 bytes @ 0x0
   117                           	global	timer0@a
   118  0070                     timer0@a:	; 2 bytes @ 0x0
   119                           	global	timer1@b
   120  0070                     timer1@b:	; 2 bytes @ 0x0
   121                           	global	timer2@c
   122  0070                     timer2@c:	; 2 bytes @ 0x0
   123  0070                     	ds	2
   124                           	global	??_timer0
   125  0072                     ??_timer0:	; 0 bytes @ 0x2
   126                           	global	??_timer1
   127  0072                     ??_timer1:	; 0 bytes @ 0x2
   128                           	global	??_timer2
   129  0072                     ??_timer2:	; 0 bytes @ 0x2
   130  0072                     	ds	1
   131                           	global	timer0@i
   132  0073                     timer0@i:	; 2 bytes @ 0x3
   133                           	global	timer1@i
   134  0073                     timer1@i:	; 2 bytes @ 0x3
   135                           	global	timer2@i
   136  0073                     timer2@i:	; 2 bytes @ 0x3
   137  0073                     	ds	2
   138                           	global	??_led1
   139  0075                     ??_led1:	; 0 bytes @ 0x5
   140                           	global	??_led2
   141  0075                     ??_led2:	; 0 bytes @ 0x5
   142                           	global	??_led3
   143  0075                     ??_led3:	; 0 bytes @ 0x5
   144                           	global	??_main
   145  0075                     ??_main:	; 0 bytes @ 0x5
   146 ;;Data sizes: Strings 0, constant 0, data 0, bss 0, persistent 0 stack 0
   147 ;;Auto spaces:   Size  Autos    Used
   148 ;; COMMON          14      5       5
   149 ;; BANK0           80      0       0
   150 ;; BANK1           80      0       0
   151 ;; BANK3           96      0       0
   152 ;; BANK2           96      0       0
   153                           
   154 ;;
   155 ;; Pointer list with targets:
   156                           
   157                           
   158                           
   159 ;;
   160 ;; Critical Paths under _main in COMMON
   161 ;;
   162 ;;   _led3->_timer2
   163 ;;   _led2->_timer1
   164 ;;   _led1->_timer0
   165 ;;
   166 ;; Critical Paths under _main in BANK0
   167 ;;
   168 ;;   None.
   169 ;;
   170 ;; Critical Paths under _main in BANK1
   171 ;;
   172 ;;   None.
   173 ;;
   174 ;; Critical Paths under _main in BANK3
   175 ;;
   176 ;;   None.
   177 ;;
   178 ;; Critical Paths under _main in BANK2
   179 ;;
   180 ;;   None.
   181                           
   182 ;;
   183 ;;Main: autosize = 0, tempsize = 0, incstack = 0, save=0
   184 ;;
   185                           
   186 ;;
   187 ;;Call Graph Tables:
   188 ;;
   189 ;; ---------------------------------------------------------------------------------
   190 ;; (Depth) Function   	        Calls       Base Space   Used Autos Params    Refs
   191 ;; ---------------------------------------------------------------------------------
   192 ;; (0) _main                                                 0     0      0      90
   193 ;;                              _setup
   194 ;;                             _ledoff
   195 ;;                               _led1
   196 ;;                               _led2
   197 ;;                               _led3
   198 ;; ---------------------------------------------------------------------------------
   199 ;; (1) _led3                                                 0     0      0      30
   200 ;;                             _timer2
   201 ;; ---------------------------------------------------------------------------------
   202 ;; (1) _led2                                                 0     0      0      30
   203 ;;                             _timer1
   204 ;; ---------------------------------------------------------------------------------
   205 ;; (1) _led1                                                 0     0      0      30
   206 ;;                             _timer0
   207 ;; ---------------------------------------------------------------------------------
   208 ;; (1) _ledoff                                               0     0      0       0
   209 ;; ---------------------------------------------------------------------------------
   210 ;; (1) _setup                                                0     0      0       0
   211 ;; ---------------------------------------------------------------------------------
   212 ;; (2) _timer2                                               5     3      2      30
   213 ;;                                              0 COMMON     5     3      2
   214 ;; ---------------------------------------------------------------------------------
   215 ;; (2) _timer1                                               5     3      2      30
   216 ;;                                              0 COMMON     5     3      2
   217 ;; ---------------------------------------------------------------------------------
   218 ;; (2) _timer0                                               5     3      2      30
   219 ;;                                              0 COMMON     5     3      2
   220 ;; ---------------------------------------------------------------------------------
   221 ;; Estimated maximum stack depth 2
   222 ;; ---------------------------------------------------------------------------------
   223                           
   224 ;; Call Graph Graphs:
   225                           
   226 ;; _main (ROOT)
   227 ;;   _setup
   228 ;;   _ledoff
   229 ;;   _led1
   230 ;;     _timer0
   231 ;;   _led2
   232 ;;     _timer1
   233 ;;   _led3
   234 ;;     _timer2
   235 ;;
   236                           
   237 ;; Address spaces:
   238                           
   239 ;;Name               Size   Autos  Total    Cost      Usage
   240 ;;BITCOMMON            E      0       0       0        0.0%
   241 ;;EEDATA             100      0       0       0        0.0%
   242 ;;NULL                 0      0       0       0        0.0%
   243 ;;CODE                 0      0       0       0        0.0%
   244 ;;COMMON               E      5       5       1       35.7%
   245 ;;BITSFR0              0      0       0       1        0.0%
   246 ;;SFR0                 0      0       0       1        0.0%
   247 ;;BITSFR1              0      0       0       2        0.0%
   248 ;;SFR1                 0      0       0       2        0.0%
   249 ;;STACK                0      0       2       2        0.0%
   250 ;;ABS                  0      0       0       3        0.0%
   251 ;;BITBANK0            50      0       0       4        0.0%
   252 ;;BITSFR3              0      0       0       4        0.0%
   253 ;;SFR3                 0      0       0       4        0.0%
   254 ;;BANK0               50      0       0       5        0.0%
   255 ;;BITSFR2              0      0       0       5        0.0%
   256 ;;SFR2                 0      0       0       5        0.0%
   257 ;;BITBANK1            50      0       0       6        0.0%
   258 ;;BANK1               50      0       0       7        0.0%
   259 ;;BITBANK3            60      0       0       8        0.0%
   260 ;;BANK3               60      0       0       9        0.0%
   261 ;;BITBANK2            60      0       0      10        0.0%
   262 ;;BANK2               60      0       0      11        0.0%
   263 ;;DATA                 0      0       0      12        0.0%
   264                           
   265                           	global	_main
   266                           psect	maintext,global,class=CODE,delta=2
   267                           global __pmaintext
   268  0775                     __pmaintext:
   269                           
   270 ;; *************** function _main *****************
   271 ;; Defined at:
   272 ;;		line 46 in file "newmain.c"
   273 ;; Parameters:    Size  Location     Type
   274 ;;		None
   275 ;; Auto vars:     Size  Location     Type
   276 ;;		None
   277 ;; Return value:  Size  Location     Type
   278 ;;		None               void
   279 ;; Registers used:
   280 ;;		wreg, status,2, status,0, pclath, cstack
   281 ;; Tracked objects:
   282 ;;		On entry : 17F/0
   283 ;;		On exit  : 0/0
   284 ;;		Unchanged: 0/0
   285 ;; Data sizes:     COMMON   BANK0   BANK1   BANK3   BANK2
   286 ;;      Params:         0       0       0       0       0
   287 ;;      Locals:         0       0       0       0       0
   288 ;;      Temps:          0       0       0       0       0
   289 ;;      Totals:         0       0       0       0       0
   290 ;;Total ram usage:        0 bytes
   291 ;; Hardware stack levels required when called:    2
   292 ;; This function calls:
   293 ;;		_setup
   294 ;;		_ledoff
   295 ;;		_led1
   296 ;;		_led2
   297 ;;		_led3
   298 ;; This function is called by:
   299 ;;		Startup code after reset
   300 ;; This function uses a non-reentrant model
   301 ;;
   302                           psect	maintext
   303                           	file	"newmain.c"
   304                           	line	46
   305                           	global	__size_of_main
   306  001E                     	__size_of_main	equ	__end_of_main-_main
   307                           	
   308  0775                     _main:	
   309                           	opt	stack 6
   310                           ; Regs used in _main: [wreg+status,2+status,0+pclath+cstack]
   311                           	line	47
   312                           	
   313  0775                     l1909:	
   314                           ;newmain.c: 47: setup();
   315  0775  120A  118A  271C   	fcall	_setup
              120A  118A         
   316                           	line	48
   317                           ;newmain.c: 48: while (1) {
   318                           	
   319  077A                     l727:	
   320                           	line	49
   321                           ;newmain.c: 49: ledoff();
   322  077A  120A  118A  2724   	fcall	_ledoff
              120A  118A         
   323                           	line	50
   324                           	
   325  077F                     l1911:	
   326                           ;newmain.c: 50: led1();
   327  077F  120A  118A  272A   	fcall	_led1
              120A  118A         
   328                           	line	51
   329                           	
   330  0784                     l1913:	
   331                           ;newmain.c: 51: led2();
   332  0784  120A  118A  2743   	fcall	_led2
              120A  118A         
   333                           	line	52
   334                           	
   335  0789                     l1915:	
   336                           ;newmain.c: 52: led3();
   337  0789  120A  118A  275C   	fcall	_led3
              120A  118A         
   338  078E  2F7A               	goto	l727
   339                           	line	53
   340                           	
   341  078F                     l728:	
   342                           	line	48
   343  078F  2F7A               	goto	l727
   344                           	
   345  0790                     l729:	
   346                           	line	54
   347                           	
   348  0790                     l730:	
   349                           	global	start
   350  0790  120A  118A  2800   	ljmp	start
   351                           	opt stack 0
   352                           GLOBAL	__end_of_main
   353  0793                     	__end_of_main:
   354 ;; =============== function _main ends ============
   355                           
   356                           	signat	_main,88
   357                           	global	_led3
   358                           psect	text139,local,class=CODE,delta=2
   359                           global __ptext139
   360  075C                     __ptext139:
   361                           
   362 ;; *************** function _led3 *****************
   363 ;; Defined at:
   364 ;;		line 34 in file "newmain.c"
   365 ;; Parameters:    Size  Location     Type
   366 ;;		None
   367 ;; Auto vars:     Size  Location     Type
   368 ;;		None
   369 ;; Return value:  Size  Location     Type
   370 ;;		None               void
   371 ;; Registers used:
   372 ;;		wreg, status,2, status,0, pclath, cstack
   373 ;; Tracked objects:
   374 ;;		On entry : 0/0
   375 ;;		On exit  : 0/0
   376 ;;		Unchanged: 0/0
   377 ;; Data sizes:     COMMON   BANK0   BANK1   BANK3   BANK2
   378 ;;      Params:         0       0       0       0       0
   379 ;;      Locals:         0       0       0       0       0
   380 ;;      Temps:          0       0       0       0       0
   381 ;;      Totals:         0       0       0       0       0
   382 ;;Total ram usage:        0 bytes
   383 ;; Hardware stack levels used:    1
   384 ;; Hardware stack levels required when called:    1
   385 ;; This function calls:
   386 ;;		_timer2
   387 ;; This function is called by:
   388 ;;		_main
   389 ;; This function uses a non-reentrant model
   390 ;;
   391                           psect	text139
   392                           	file	"newmain.c"
   393                           	line	34
   394                           	global	__size_of_led3
   395  0019                     	__size_of_led3	equ	__end_of_led3-_led3
   396                           	
   397  075C                     _led3:	
   398                           	opt	stack 6
   399                           ; Regs used in _led3: [wreg+status,2+status,0+pclath+cstack]
   400                           	line	35
   401                           	
   402  075C                     l1903:	
   403                           ;newmain.c: 35: timer2(675);
   404  075C  30A3               	movlw	low(02A3h)
   405  075D  00F0               	movwf	(?_timer2)
   406  075E  3002               	movlw	high(02A3h)
   407  075F  00F1               	movwf	((?_timer2))+1
   408  0760  120A  118A  2793   	fcall	_timer2
              120A  118A         
   409                           	line	36
   410                           	
   411  0765                     l1905:	
   412                           ;newmain.c: 36: RB6 = 1;
   413  0765  1283               	bcf	status, 5	;RP0=0, select bank0
   414  0766  1303               	bcf	status, 6	;RP1=0, select bank0
   415  0767  1706               	bsf	(54/8),(54)&7
   416                           	line	37
   417                           ;newmain.c: 37: timer2(675);
   418  0768  30A3               	movlw	low(02A3h)
   419  0769  00F0               	movwf	(?_timer2)
   420  076A  3002               	movlw	high(02A3h)
   421  076B  00F1               	movwf	((?_timer2))+1
   422  076C  120A  118A  2793   	fcall	_timer2
              120A  118A         
   423                           	line	38
   424                           	
   425  0771                     l1907:	
   426                           ;newmain.c: 38: RB6 = 0;
   427  0771  1283               	bcf	status, 5	;RP0=0, select bank0
   428  0772  1303               	bcf	status, 6	;RP1=0, select bank0
   429  0773  1306               	bcf	(54/8),(54)&7
   430                           	line	39
   431                           	
   432  0774                     l721:	
   433  0774  0008               	return
   434                           	opt stack 0
   435                           GLOBAL	__end_of_led3
   436  0775                     	__end_of_led3:
   437 ;; =============== function _led3 ends ============
   438                           
   439                           	signat	_led3,88
   440                           	global	_led2
   441                           psect	text140,local,class=CODE,delta=2
   442                           global __ptext140
   443  0743                     __ptext140:
   444                           
   445 ;; *************** function _led2 *****************
   446 ;; Defined at:
   447 ;;		line 27 in file "newmain.c"
   448 ;; Parameters:    Size  Location     Type
   449 ;;		None
   450 ;; Auto vars:     Size  Location     Type
   451 ;;		None
   452 ;; Return value:  Size  Location     Type
   453 ;;		None               void
   454 ;; Registers used:
   455 ;;		wreg, status,2, status,0, pclath, cstack
   456 ;; Tracked objects:
   457 ;;		On entry : 0/0
   458 ;;		On exit  : 0/0
   459 ;;		Unchanged: 0/0
   460 ;; Data sizes:     COMMON   BANK0   BANK1   BANK3   BANK2
   461 ;;      Params:         0       0       0       0       0
   462 ;;      Locals:         0       0       0       0       0
   463 ;;      Temps:          0       0       0       0       0
   464 ;;      Totals:         0       0       0       0       0
   465 ;;Total ram usage:        0 bytes
   466 ;; Hardware stack levels used:    1
   467 ;; Hardware stack levels required when called:    1
   468 ;; This function calls:
   469 ;;		_timer1
   470 ;; This function is called by:
   471 ;;		_main
   472 ;; This function uses a non-reentrant model
   473 ;;
   474                           psect	text140
   475                           	file	"newmain.c"
   476                           	line	27
   477                           	global	__size_of_led2
   478  0019                     	__size_of_led2	equ	__end_of_led2-_led2
   479                           	
   480  0743                     _led2:	
   481                           	opt	stack 6
   482                           ; Regs used in _led2: [wreg+status,2+status,0+pclath+cstack]
   483                           	line	28
   484                           	
   485  0743                     l1897:	
   486                           ;newmain.c: 28: timer1(84);
   487  0743  3054               	movlw	low(054h)
   488  0744  00F0               	movwf	(?_timer1)
   489  0745  3000               	movlw	high(054h)
   490  0746  00F1               	movwf	((?_timer1))+1
   491  0747  120A  118A  27DA   	fcall	_timer1
              120A  118A         
   492                           	line	29
   493                           	
   494  074C                     l1899:	
   495                           ;newmain.c: 29: RB3 = 1;
   496  074C  1283               	bcf	status, 5	;RP0=0, select bank0
   497  074D  1303               	bcf	status, 6	;RP1=0, select bank0
   498  074E  1586               	bsf	(51/8),(51)&7
   499                           	line	30
   500                           ;newmain.c: 30: timer1(84);
   501  074F  3054               	movlw	low(054h)
   502  0750  00F0               	movwf	(?_timer1)
   503  0751  3000               	movlw	high(054h)
   504  0752  00F1               	movwf	((?_timer1))+1
   505  0753  120A  118A  27DA   	fcall	_timer1
              120A  118A         
   506                           	line	31
   507                           	
   508  0758                     l1901:	
   509                           ;newmain.c: 31: RB3 = 0;
   510  0758  1283               	bcf	status, 5	;RP0=0, select bank0
   511  0759  1303               	bcf	status, 6	;RP1=0, select bank0
   512  075A  1186               	bcf	(51/8),(51)&7
   513                           	line	32
   514                           	
   515  075B                     l718:	
   516  075B  0008               	return
   517                           	opt stack 0
   518                           GLOBAL	__end_of_led2
   519  075C                     	__end_of_led2:
   520 ;; =============== function _led2 ends ============
   521                           
   522                           	signat	_led2,88
   523                           	global	_led1
   524                           psect	text141,local,class=CODE,delta=2
   525                           global __ptext141
   526  072A                     __ptext141:
   527                           
   528 ;; *************** function _led1 *****************
   529 ;; Defined at:
   530 ;;		line 20 in file "newmain.c"
   531 ;; Parameters:    Size  Location     Type
   532 ;;		None
   533 ;; Auto vars:     Size  Location     Type
   534 ;;		None
   535 ;; Return value:  Size  Location     Type
   536 ;;		None               void
   537 ;; Registers used:
   538 ;;		wreg, status,2, status,0, pclath, cstack
   539 ;; Tracked objects:
   540 ;;		On entry : 0/0
   541 ;;		On exit  : 0/0
   542 ;;		Unchanged: 0/0
   543 ;; Data sizes:     COMMON   BANK0   BANK1   BANK3   BANK2
   544 ;;      Params:         0       0       0       0       0
   545 ;;      Locals:         0       0       0       0       0
   546 ;;      Temps:          0       0       0       0       0
   547 ;;      Totals:         0       0       0       0       0
   548 ;;Total ram usage:        0 bytes
   549 ;; Hardware stack levels used:    1
   550 ;; Hardware stack levels required when called:    1
   551 ;; This function calls:
   552 ;;		_timer0
   553 ;; This function is called by:
   554 ;;		_main
   555 ;; This function uses a non-reentrant model
   556 ;;
   557                           psect	text141
   558                           	file	"newmain.c"
   559                           	line	20
   560                           	global	__size_of_led1
   561  0019                     	__size_of_led1	equ	__end_of_led1-_led1
   562                           	
   563  072A                     _led1:	
   564                           	opt	stack 6
   565                           ; Regs used in _led1: [wreg+status,2+status,0+pclath+cstack]
   566                           	line	21
   567                           	
   568  072A                     l1891:	
   569                           ;newmain.c: 21: timer0(42);
   570  072A  302A               	movlw	low(02Ah)
   571  072B  00F0               	movwf	(?_timer0)
   572  072C  3000               	movlw	high(02Ah)
   573  072D  00F1               	movwf	((?_timer0))+1
   574  072E  120A  118A  27B5   	fcall	_timer0
              120A  118A         
   575                           	line	22
   576                           	
   577  0733                     l1893:	
   578                           ;newmain.c: 22: RB0 = 1;
   579  0733  1283               	bcf	status, 5	;RP0=0, select bank0
   580  0734  1303               	bcf	status, 6	;RP1=0, select bank0
   581  0735  1406               	bsf	(48/8),(48)&7
   582                           	line	23
   583                           ;newmain.c: 23: timer0(42);
   584  0736  302A               	movlw	low(02Ah)
   585  0737  00F0               	movwf	(?_timer0)
   586  0738  3000               	movlw	high(02Ah)
   587  0739  00F1               	movwf	((?_timer0))+1
   588  073A  120A  118A  27B5   	fcall	_timer0
              120A  118A         
   589                           	line	24
   590                           	
   591  073F                     l1895:	
   592                           ;newmain.c: 24: RB0 = 0;
   593  073F  1283               	bcf	status, 5	;RP0=0, select bank0
   594  0740  1303               	bcf	status, 6	;RP1=0, select bank0
   595  0741  1006               	bcf	(48/8),(48)&7
   596                           	line	25
   597                           	
   598  0742                     l715:	
   599  0742  0008               	return
   600                           	opt stack 0
   601                           GLOBAL	__end_of_led1
   602  0743                     	__end_of_led1:
   603 ;; =============== function _led1 ends ============
   604                           
   605                           	signat	_led1,88
   606                           	global	_ledoff
   607                           psect	text142,local,class=CODE,delta=2
   608                           global __ptext142
   609  0724                     __ptext142:
   610                           
   611 ;; *************** function _ledoff *****************
   612 ;; Defined at:
   613 ;;		line 40 in file "newmain.c"
   614 ;; Parameters:    Size  Location     Type
   615 ;;		None
   616 ;; Auto vars:     Size  Location     Type
   617 ;;		None
   618 ;; Return value:  Size  Location     Type
   619 ;;		None               void
   620 ;; Registers used:
   621 ;;		None
   622 ;; Tracked objects:
   623 ;;		On entry : 0/0
   624 ;;		On exit  : 0/0
   625 ;;		Unchanged: 0/0
   626 ;; Data sizes:     COMMON   BANK0   BANK1   BANK3   BANK2
   627 ;;      Params:         0       0       0       0       0
   628 ;;      Locals:         0       0       0       0       0
   629 ;;      Temps:          0       0       0       0       0
   630 ;;      Totals:         0       0       0       0       0
   631 ;;Total ram usage:        0 bytes
   632 ;; Hardware stack levels used:    1
   633 ;; This function calls:
   634 ;;		Nothing
   635 ;; This function is called by:
   636 ;;		_main
   637 ;; This function uses a non-reentrant model
   638 ;;
   639                           psect	text142
   640                           	file	"newmain.c"
   641                           	line	40
   642                           	global	__size_of_ledoff
   643  0006                     	__size_of_ledoff	equ	__end_of_ledoff-_ledoff
   644                           	
   645  0724                     _ledoff:	
   646                           	opt	stack 7
   647                           ; Regs used in _ledoff: []
   648                           	line	41
   649                           	
   650  0724                     l1123:	
   651                           ;newmain.c: 41: RB0=0;
   652  0724  1283               	bcf	status, 5	;RP0=0, select bank0
   653  0725  1303               	bcf	status, 6	;RP1=0, select bank0
   654  0726  1006               	bcf	(48/8),(48)&7
   655                           	line	42
   656                           ;newmain.c: 42: RB3=0;
   657  0727  1186               	bcf	(51/8),(51)&7
   658                           	line	43
   659                           ;newmain.c: 43: RB6=0;
   660  0728  1306               	bcf	(54/8),(54)&7
   661                           	line	44
   662                           	
   663  0729                     l724:	
   664  0729  0008               	return
   665                           	opt stack 0
   666                           GLOBAL	__end_of_ledoff
   667  072A                     	__end_of_ledoff:
   668 ;; =============== function _ledoff ends ============
   669                           
   670                           	signat	_ledoff,88
   671                           	global	_setup
   672                           psect	text143,local,class=CODE,delta=2
   673                           global __ptext143
   674  071C                     __ptext143:
   675                           
   676 ;; *************** function _setup *****************
   677 ;; Defined at:
   678 ;;		line 15 in file "newmain.c"
   679 ;; Parameters:    Size  Location     Type
   680 ;;		None
   681 ;; Auto vars:     Size  Location     Type
   682 ;;		None
   683 ;; Return value:  Size  Location     Type
   684 ;;		None               void
   685 ;; Registers used:
   686 ;;		status,2
   687 ;; Tracked objects:
   688 ;;		On entry : 0/0
   689 ;;		On exit  : 0/0
   690 ;;		Unchanged: 0/0
   691 ;; Data sizes:     COMMON   BANK0   BANK1   BANK3   BANK2
   692 ;;      Params:         0       0       0       0       0
   693 ;;      Locals:         0       0       0       0       0
   694 ;;      Temps:          0       0       0       0       0
   695 ;;      Totals:         0       0       0       0       0
   696 ;;Total ram usage:        0 bytes
   697 ;; Hardware stack levels used:    1
   698 ;; This function calls:
   699 ;;		Nothing
   700 ;; This function is called by:
   701 ;;		_main
   702 ;; This function uses a non-reentrant model
   703 ;;
   704                           psect	text143
   705                           	file	"newmain.c"
   706                           	line	15
   707                           	global	__size_of_setup
   708  0004                     	__size_of_setup	equ	__end_of_setup-_setup
   709                           	
   710  071C                     _setup:	
   711                           	opt	stack 7
   712                           ; Regs used in _setup: [status,2]
   713                           	line	16
   714                           	
   715  071C                     l1121:	
   716                           ;newmain.c: 16: TRISB = 0x00;
   717  071C  1683               	bsf	status, 5	;RP0=1, select bank1
   718  071D  1303               	bcf	status, 6	;RP1=0, select bank1
   719  071E  0186               	clrf	(134)^080h	;volatile
   720                           	line	18
   721                           	
   722  071F                     l712:	
   723  071F  0008               	return
   724                           	opt stack 0
   725                           GLOBAL	__end_of_setup
   726  0720                     	__end_of_setup:
   727 ;; =============== function _setup ends ============
   728                           
   729                           	signat	_setup,88
   730                           	global	_timer2
   731                           psect	text144,local,class=CODE,delta=2
   732                           global __ptext144
   733  0793                     __ptext144:
   734                           
   735 ;; *************** function _timer2 *****************
   736 ;; Defined at:
   737 ;;		line 46 in file "timer.h"
   738 ;; Parameters:    Size  Location     Type
   739 ;;  c               2    0[COMMON] int 
   740 ;; Auto vars:     Size  Location     Type
   741 ;;  i               2    3[COMMON] unsigned int 
   742 ;; Return value:  Size  Location     Type
   743 ;;		None               void
   744 ;; Registers used:
   745 ;;		wreg, status,2, status,0
   746 ;; Tracked objects:
   747 ;;		On entry : 0/0
   748 ;;		On exit  : 0/0
   749 ;;		Unchanged: 0/0
   750 ;; Data sizes:     COMMON   BANK0   BANK1   BANK3   BANK2
   751 ;;      Params:         2       0       0       0       0
   752 ;;      Locals:         2       0       0       0       0
   753 ;;      Temps:          1       0       0       0       0
   754 ;;      Totals:         5       0       0       0       0
   755 ;;Total ram usage:        5 bytes
   756 ;; Hardware stack levels used:    1
   757 ;; This function calls:
   758 ;;		Nothing
   759 ;; This function is called by:
   760 ;;		_led3
   761 ;; This function uses a non-reentrant model
   762 ;;
   763                           psect	text144
   764                           	file	"timer.h"
   765                           	line	46
   766                           	global	__size_of_timer2
   767  0022                     	__size_of_timer2	equ	__end_of_timer2-_timer2
   768                           	
   769  0793                     _timer2:	
   770                           	opt	stack 6
   771                           ; Regs used in _timer2: [wreg+status,2+status,0]
   772                           	line	47
   773                           	
   774  0793                     l1113:	
   775                           ;timer.h: 47: T2CON|=0b01111000;
   776  0793  3078               	movlw	(078h)
   777  0794  00F2               	movwf	(??_timer2+0)+0
   778  0795  0872               	movf	(??_timer2+0)+0,w
   779  0796  1283               	bcf	status, 5	;RP0=0, select bank0
   780  0797  1303               	bcf	status, 6	;RP1=0, select bank0
   781  0798  0492               	iorwf	(18),f	;volatile
   782                           	line	50
   783                           	
   784  0799                     l1115:	
   785                           ;timer.h: 48: unsigned int i;
   786                           ;timer.h: 50: T2CON |= (1 << 2);
   787  0799  1512               	bsf	(18)+(2/8),(2)&7	;volatile
   788                           	line	52
   789                           	
   790  079A                     l1117:	
   791                           ;timer.h: 52: for (i = 0; i < c; i++)
   792  079A  01F3               	clrf	(timer2@i)
   793  079B  01F4               	clrf	(timer2@i+1)
   794  079C  2FA9               	goto	l703
   795                           	line	53
   796                           	
   797  079D                     l704:	
   798                           	line	55
   799                           ;timer.h: 53: {
   800                           ;timer.h: 55: while (!TMR2IF);
   801  079D  2F9E               	goto	l705
   802                           	
   803  079E                     l706:	
   804                           	
   805  079E                     l705:	
   806  079E  1C8C               	btfss	(97/8),(97)&7
   807  079F  2FA1               	goto	u51
   808  07A0  2FA2               	goto	u50
   809  07A1                     u51:
   810  07A1  2F9E               	goto	l705
   811  07A2                     u50:
   812                           	
   813  07A2                     l707:	
   814                           	line	57
   815                           ;timer.h: 57: TMR2IF = 0;
   816  07A2  108C               	bcf	(97/8),(97)&7
   817                           	line	52
   818                           	
   819  07A3                     l1119:	
   820  07A3  3001               	movlw	low(01h)
   821  07A4  07F3               	addwf	(timer2@i),f
   822  07A5  1803               	skipnc
   823  07A6  0AF4               	incf	(timer2@i+1),f
   824  07A7  3000               	movlw	high(01h)
   825  07A8  07F4               	addwf	(timer2@i+1),f
   826                           	
   827  07A9                     l703:	
   828  07A9  0871               	movf	(timer2@c+1),w
   829  07AA  0274               	subwf	(timer2@i+1),w
   830  07AB  1D03               	skipz
   831  07AC  2FAF               	goto	u65
   832  07AD  0870               	movf	(timer2@c),w
   833  07AE  0273               	subwf	(timer2@i),w
   834  07AF                     u65:
   835  07AF  1C03               	skipc
   836  07B0  2FB2               	goto	u61
   837  07B1  2FB3               	goto	u60
   838  07B2                     u61:
   839  07B2  2F9E               	goto	l705
   840  07B3                     u60:
   841  07B3  2FB4               	goto	l709
   842                           	
   843  07B4                     l708:	
   844                           	line	61
   845                           	
   846  07B4                     l709:	
   847  07B4  0008               	return
   848                           	opt stack 0
   849                           GLOBAL	__end_of_timer2
   850  07B5                     	__end_of_timer2:
   851 ;; =============== function _timer2 ends ============
   852                           
   853                           	signat	_timer2,4216
   854                           	global	_timer1
   855                           psect	text145,local,class=CODE,delta=2
   856                           global __ptext145
   857  07DA                     __ptext145:
   858                           
   859 ;; *************** function _timer1 *****************
   860 ;; Defined at:
   861 ;;		line 32 in file "timer.h"
   862 ;; Parameters:    Size  Location     Type
   863 ;;  b               2    0[COMMON] int 
   864 ;; Auto vars:     Size  Location     Type
   865 ;;  i               2    3[COMMON] int 
   866 ;; Return value:  Size  Location     Type
   867 ;;		None               void
   868 ;; Registers used:
   869 ;;		wreg, status,2
   870 ;; Tracked objects:
   871 ;;		On entry : 0/0
   872 ;;		On exit  : 0/0
   873 ;;		Unchanged: 0/0
   874 ;; Data sizes:     COMMON   BANK0   BANK1   BANK3   BANK2
   875 ;;      Params:         2       0       0       0       0
   876 ;;      Locals:         2       0       0       0       0
   877 ;;      Temps:          1       0       0       0       0
   878 ;;      Totals:         5       0       0       0       0
   879 ;;Total ram usage:        5 bytes
   880 ;; Hardware stack levels used:    1
   881 ;; This function calls:
   882 ;;		Nothing
   883 ;; This function is called by:
   884 ;;		_led2
   885 ;; This function uses a non-reentrant model
   886 ;;
   887                           psect	text145
   888                           	file	"timer.h"
   889                           	line	32
   890                           	global	__size_of_timer1
   891  0026                     	__size_of_timer1	equ	__end_of_timer1-_timer1
   892                           	
   893  07DA                     _timer1:	
   894                           	opt	stack 6
   895                           ; Regs used in _timer1: [wreg+status,2]
   896                           	line	33
   897                           	
   898  07DA                     l1105:	
   899                           ;timer.h: 33: T1CON|=0x01;
   900  07DA  1283               	bcf	status, 5	;RP0=0, select bank0
   901  07DB  1303               	bcf	status, 6	;RP1=0, select bank0
   902  07DC  1410               	bsf	(16)+(0/8),(0)&7	;volatile
   903                           	line	34
   904                           	
   905  07DD                     l1107:	
   906                           ;timer.h: 34: for (int i = 0; i < b; i++) {
   907  07DD  01F3               	clrf	(timer1@i)
   908  07DE  01F4               	clrf	(timer1@i+1)
   909  07DF  2FF0               	goto	l694
   910                           	
   911  07E0                     l695:	
   912                           	line	35
   913                           	
   914  07E0                     l1109:	
   915                           ;timer.h: 35: TMR1H = TMR1L = 0;
   916  07E0  1283               	bcf	status, 5	;RP0=0, select bank0
   917  07E1  1303               	bcf	status, 6	;RP1=0, select bank0
   918  07E2  018E               	clrf	(14)	;volatile
   919  07E3  018F               	clrf	(15)	;volatile
   920                           	line	37
   921                           ;timer.h: 37: while (!TMR1IF);
   922  07E4  2FE5               	goto	l696
   923                           	
   924  07E5                     l697:	
   925                           	
   926  07E5                     l696:	
   927  07E5  1C0C               	btfss	(96/8),(96)&7
   928  07E6  2FE8               	goto	u31
   929  07E7  2FE9               	goto	u30
   930  07E8                     u31:
   931  07E8  2FE5               	goto	l696
   932  07E9                     u30:
   933                           	
   934  07E9                     l698:	
   935                           	line	39
   936                           ;timer.h: 39: TMR1IF = 0;
   937  07E9  100C               	bcf	(96/8),(96)&7
   938                           	line	34
   939                           	
   940  07EA                     l1111:	
   941  07EA  3001               	movlw	low(01h)
   942  07EB  07F3               	addwf	(timer1@i),f
   943  07EC  1803               	skipnc
   944  07ED  0AF4               	incf	(timer1@i+1),f
   945  07EE  3000               	movlw	high(01h)
   946  07EF  07F4               	addwf	(timer1@i+1),f
   947                           	
   948  07F0                     l694:	
   949  07F0  0874               	movf	(timer1@i+1),w
   950  07F1  3A80               	xorlw	80h
   951  07F2  00F2               	movwf	(??_timer1+0)+0
   952  07F3  0871               	movf	(timer1@b+1),w
   953  07F4  3A80               	xorlw	80h
   954  07F5  0272               	subwf	(??_timer1+0)+0,w
   955  07F6  1D03               	skipz
   956  07F7  2FFA               	goto	u45
   957  07F8  0870               	movf	(timer1@b),w
   958  07F9  0273               	subwf	(timer1@i),w
   959  07FA                     u45:
   960                           
   961  07FA  1C03               	skipc
   962  07FB  2FFD               	goto	u41
   963  07FC  2FFE               	goto	u40
   964  07FD                     u41:
   965  07FD  2FE0               	goto	l1109
   966  07FE                     u40:
   967  07FE  2FFF               	goto	l700
   968                           	
   969  07FF                     l699:	
   970                           	line	43
   971                           	
   972  07FF                     l700:	
   973  07FF  0008               	return
   974                           	opt stack 0
   975                           GLOBAL	__end_of_timer1
   976  0800                     	__end_of_timer1:
   977 ;; =============== function _timer1 ends ============
   978                           
   979                           	signat	_timer1,4216
   980                           	global	_timer0
   981                           psect	text146,local,class=CODE,delta=2
   982                           global __ptext146
   983  07B5                     __ptext146:
   984                           
   985 ;; *************** function _timer0 *****************
   986 ;; Defined at:
   987 ;;		line 24 in file "timer.h"
   988 ;; Parameters:    Size  Location     Type
   989 ;;  a               2    0[COMMON] int 
   990 ;; Auto vars:     Size  Location     Type
   991 ;;  i               2    3[COMMON] int 
   992 ;; Return value:  Size  Location     Type
   993 ;;		None               void
   994 ;; Registers used:
   995 ;;		wreg, status,2, status,0
   996 ;; Tracked objects:
   997 ;;		On entry : 0/0
   998 ;;		On exit  : 0/0
   999 ;;		Unchanged: 0/0
  1000 ;; Data sizes:     COMMON   BANK0   BANK1   BANK3   BANK2
  1001 ;;      Params:         2       0       0       0       0
  1002 ;;      Locals:         2       0       0       0       0
  1003 ;;      Temps:          1       0       0       0       0
  1004 ;;      Totals:         5       0       0       0       0
  1005 ;;Total ram usage:        5 bytes
  1006 ;; Hardware stack levels used:    1
  1007 ;; This function calls:
  1008 ;;		Nothing
  1009 ;; This function is called by:
  1010 ;;		_led1
  1011 ;; This function uses a non-reentrant model
  1012 ;;
  1013                           psect	text146
  1014                           	file	"timer.h"
  1015                           	line	24
  1016                           	global	__size_of_timer0
  1017  0025                     	__size_of_timer0	equ	__end_of_timer0-_timer0
  1018                           	
  1019  07B5                     _timer0:	
  1020                           	opt	stack 6
  1021                           ; Regs used in _timer0: [wreg+status,2+status,0]
  1022                           	line	25
  1023                           	
  1024  07B5                     l1099:	
  1025                           ;timer.h: 25: OPTION_REG|=0x07;
  1026  07B5  3007               	movlw	(07h)
  1027  07B6  00F2               	movwf	(??_timer0+0)+0
  1028  07B7  0872               	movf	(??_timer0+0)+0,w
  1029  07B8  1683               	bsf	status, 5	;RP0=1, select bank1
  1030  07B9  1303               	bcf	status, 6	;RP1=0, select bank1
  1031  07BA  0481               	iorwf	(129)^080h,f	;volatile
  1032                           	line	26
  1033                           	
  1034  07BB                     l1101:	
  1035                           ;timer.h: 26: for (int i = 0; i < a; i++) {
  1036  07BB  01F3               	clrf	(timer0@i)
  1037  07BC  01F4               	clrf	(timer0@i+1)
  1038  07BD  2FCA               	goto	l685
  1039                           	
  1040  07BE                     l686:	
  1041                           	line	27
  1042                           ;timer.h: 27: while (!T0IF);
  1043  07BE  2FBF               	goto	l687
  1044                           	
  1045  07BF                     l688:	
  1046                           	
  1047  07BF                     l687:	
  1048  07BF  1D0B               	btfss	(90/8),(90)&7
  1049  07C0  2FC2               	goto	u11
  1050  07C1  2FC3               	goto	u10
  1051  07C2                     u11:
  1052  07C2  2FBF               	goto	l687
  1053  07C3                     u10:
  1054                           	
  1055  07C3                     l689:	
  1056                           	line	28
  1057                           ;timer.h: 28: T0IF = 0;
  1058  07C3  110B               	bcf	(90/8),(90)&7
  1059                           	line	26
  1060                           	
  1061  07C4                     l1103:	
  1062  07C4  3001               	movlw	low(01h)
  1063  07C5  07F3               	addwf	(timer0@i),f
  1064  07C6  1803               	skipnc
  1065  07C7  0AF4               	incf	(timer0@i+1),f
  1066  07C8  3000               	movlw	high(01h)
  1067  07C9  07F4               	addwf	(timer0@i+1),f
  1068                           	
  1069  07CA                     l685:	
  1070  07CA  0874               	movf	(timer0@i+1),w
  1071  07CB  3A80               	xorlw	80h
  1072  07CC  00F2               	movwf	(??_timer0+0)+0
  1073  07CD  0871               	movf	(timer0@a+1),w
  1074  07CE  3A80               	xorlw	80h
  1075  07CF  0272               	subwf	(??_timer0+0)+0,w
  1076  07D0  1D03               	skipz
  1077  07D1  2FD4               	goto	u25
  1078  07D2  0870               	movf	(timer0@a),w
  1079  07D3  0273               	subwf	(timer0@i),w
  1080  07D4                     u25:
  1081                           
  1082  07D4  1C03               	skipc
  1083  07D5  2FD7               	goto	u21
  1084  07D6  2FD8               	goto	u20
  1085  07D7                     u21:
  1086  07D7  2FBF               	goto	l687
  1087  07D8                     u20:
  1088  07D8  2FD9               	goto	l691
  1089                           	
  1090  07D9                     l690:	
  1091                           	line	30
  1092                           	
  1093  07D9                     l691:	
  1094  07D9  0008               	return
  1095                           	opt stack 0
  1096                           GLOBAL	__end_of_timer0
  1097  07DA                     	__end_of_timer0:
  1098 ;; =============== function _timer0 ends ============
  1099                           
  1100                           	signat	_timer0,4216
  1101                           psect	text147,local,class=CODE,delta=2
  1102                           global __ptext147
  1103  0000                     __ptext147:
  1104                           	global	btemp
  1105  007E                     	btemp set 07Eh
  1106                           
  1107                           	DABS	1,126,2	;btemp
  1108                           	global	wtemp0
  1109  007E                     	wtemp0 set btemp


HI-TECH Software PICC Macro Assembler V9.81 build 7503 
Symbol Table                                                                                   Tue Nov 17 20:23:30 2020

                  u10 07C3                    u11 07C2                    u20 07D8                    u21 07D7  
                  u30 07E9                    u31 07E8                    u40 07FE                    u25 07D4  
                  u41 07FD                    u50 07A2                    u51 07A1                    u60 07B3  
                  u45 07FA                    u61 07B2                    u65 07AF                   l700 07FF  
                 l703 07A9                   l704 079D                   l712 071F                   l705 079E  
                 l721 0774                   l706 079E                   l730 0790                   l707 07A2  
                 l715 0742                   l708 07B4                   l724 0729                   l709 07B4  
                 l718 075B                   l727 077A                   l728 078F                   l729 0790  
                 l690 07D9                   l691 07D9                   l685 07CA                   l686 07BE  
                 l694 07F0                   l687 07BF                   l695 07E0                   l688 07BF  
                 l696 07E5                   l689 07C3                   l697 07E5                   l698 07E9  
                 l699 07FF                   _RB0 0030                   _RB3 0033                   _RB6 0036  
                l1101 07BB                  l1103 07C4                  l1111 07EA                  l1105 07DA  
                l1113 0793                  l1121 071C                  l1107 07DD                  l1115 0799  
                l1123 0724                  l1109 07E0                  l1117 079A                  l1119 07A3  
                l1099 07B5                  l1901 0758                  l1903 075C                  l1911 077F  
                l1905 0765                  l1913 0784                  l1907 0771                  l1915 0789  
                l1909 0775                  l1891 072A                  l1893 0733                  l1895 073F  
                l1897 0743                  l1899 074C                  _T0IF 005A                  _led1 072A  
                _led2 0743                  _led3 075C                  _main 0775                  btemp 007E  
                start 0000                 ?_led1 0070                 ?_led2 0070                 ?_led3 0070  
               ?_main 0070                 _T1CON 0010                 _T2CON 0012                 _TMR1H 000F  
               _TMR1L 000E                 _TRISB 0086                 _setup 071C                 status 0003  
               wtemp0 007E          __end_of_led1 0743          __end_of_led2 075C          __end_of_led3 0775  
        __end_of_main 0793                ??_led1 0075                ??_led2 0075                ??_led3 0075  
              ??_main 0075                ?_setup 0070                _TMR1IF 0060                _TMR2IF 0061  
              _ledoff 0724                _timer0 07B5                _timer1 07DA                _timer2 0793  
      __pcstackCOMMON 0070         __end_of_setup 0720               ??_setup 0070            __pmaintext 0775  
             ?_ledoff 0070               ?_timer0 0070               ?_timer1 0070               ?_timer2 0070  
     __size_of_ledoff 0006       __size_of_timer0 0025       __size_of_timer1 0026       __size_of_timer2 0022  
end_of_initialization 0720               timer0@a 0070               timer1@b 0070               timer0@i 0073  
             timer2@c 0070               timer1@i 0073               timer2@i 0073        __end_of_ledoff 072A  
      __end_of_timer0 07DA        __end_of_timer1 0800        __end_of_timer2 07B5   start_initialization 0720  
            ??_ledoff 0070              ??_timer0 0072              ??_timer1 0072              ??_timer2 0072  
           __ptext140 0743             __ptext141 072A             __ptext142 0724             __ptext143 071C  
           __ptext144 0793             __ptext145 07DA             __ptext146 07B5             __ptext138 0000  
           __ptext147 0000             __ptext139 075C        __size_of_setup 0004         __size_of_led1 0019  
       __size_of_led2 0019         __size_of_led3 0019         __size_of_main 001E            _OPTION_REG 0081  
