

HI-TECH Software PIC LITE Macro Assembler V9.81 build 7503 
                                                                                               Wed Nov 25 17:12:44 2020

HI-TECH Software Omniscient Code Generator (Lite mode) build 7503
     1  0000                     opt subtitle "HI-TECH Software Omniscient Code Generator (Lite mode) build 7503"
     2                           
     3                           opt pagewidth 120
     4                           
     5                           	opt lm
     6                           
     7                           	processor	16F877A
     8                           clrc	macro
     9                           	bcf	3,0
    10  0000                     	endm
    11                           clrz	macro
    12                           	bcf	3,2
    13  0000                     	endm
    14                           setc	macro
    15                           	bsf	3,0
    16  0000                     	endm
    17                           setz	macro
    18                           	bsf	3,2
    19  0000                     	endm
    20                           skipc	macro
    21                           	btfss	3,0
    22  0000                     	endm
    23                           skipz	macro
    24                           	btfss	3,2
    25  0000                     	endm
    26                           skipnc	macro
    27                           	btfsc	3,0
    28  0000                     	endm
    29                           skipnz	macro
    30                           	btfsc	3,2
    31  0000                     	endm
    32  0000                     indf	equ	0
    33  0000                     indf0	equ	0
    34  0002                     pc	equ	2
    35  0002                     pcl	equ	2
    36  0003                     status	equ	3
    37  0004                     fsr	equ	4
    38  0004                     fsr0	equ	4
    39  0001                     c	equ	1
    40  0000                     z	equ	0
    41  000A                     pclath	equ	10
    42                           # 9 "newmain.c"
    43                           	psect config,class=CONFIG,delta=2 ;#
    44                           # 9 "newmain.c"
    45  2007  FF7A               	dw 0xFFFE & 0xFFFB & 0xFFFF & 0xFFFF & 0xFFFF & 0xFF7F & 0xFFFF & 0xFFFF & 0xFFFF ;#
    46                           	FNCALL	_main,_setup
    47                           	FNCALL	_main,_lcd_init
    48                           	FNCALL	_main,_show
    49                           	FNCALL	_main,_cmd
    50                           	FNCALL	_main,_adc
    51                           	FNCALL	_adc,___lwdiv
    52                           	FNCALL	_adc,_dat
    53                           	FNCALL	_adc,___lwmod
    54                           	FNCALL	_show,_dat
    55                           	FNCALL	_lcd_init,_cmd
    56                           	FNCALL	_dat,_lcd_delay
    57                           	FNCALL	_cmd,_lcd_delay
    58                           	FNROOT	_main
    59                           	global	_ADCON0
    60                           psect	text200,local,class=CODE,delta=2
    61                           global __ptext200
    62  0000                     __ptext200:
    63  001F                     _ADCON0	set	31
    64                           	global	_ADRESH
    65  001E                     _ADRESH	set	30
    66                           	global	_PORTB
    67  0006                     _PORTB	set	6
    68                           	global	_GO_nDONE
    69  00FA                     _GO_nDONE	set	250
    70                           	global	_RC0
    71  0038                     _RC0	set	56
    72                           	global	_RC1
    73  0039                     _RC1	set	57
    74                           	global	_ADCON1
    75  009F                     _ADCON1	set	159
    76                           	global	_ADRESL
    77  009E                     _ADRESL	set	158
    78                           	global	_TRISB
    79  0086                     _TRISB	set	134
    80                           	global	_TRISA0
    81  0428                     _TRISA0	set	1064
    82                           	global	_TRISC0
    83  0438                     _TRISC0	set	1080
    84                           	global	_TRISC1
    85  0439                     _TRISC1	set	1081
    86                           psect	strings,class=STRING,delta=2
    87                           global __pstrings
    88  0003                     __pstrings:
    89                           ;	global	stringdir,stringtab,__stringbase
    90  0003                     stringtab:
    91                           ;	String table - string pointers are 1 byte each
    92  0003                     stringcode:stringdir:
      + 0003                     stringdir:	
    93  0003  3000               movlw high(stringdir)
    94  0004  008A               movwf pclath
    95  0005  0804               movf fsr,w
    96  0006  0A84               incf fsr
    97  0007  0782               	addwf pc
    98  0008                     __stringbase:
    99  0008  3400               	retlw	0
   100                           psect	strings
   101                           	
   102  0009                     STR_1:	
   103  0009  3441               	retlw	65	;'A'
   104  000A  3444               	retlw	68	;'D'
   105  000B  3443               	retlw	67	;'C'
   106  000C  3420               	retlw	32	;' '
   107  000D  343A               	retlw	58	;':'
   108  000E  3420               	retlw	32	;' '
   109  000F  3400               	retlw	0
   110                           psect	strings
   111                           	file	"C:\Users\tamin\AppData\Local\Temp\s7so."
   112                           	line	#
   113                           psect cinit,class=CODE,delta=2
   114                           global start_initialization
   115  05AE                     start_initialization:
   116                           
   117                           psect cinit,class=CODE,delta=2
   118                           global end_of_initialization
   119                           
   120                           ;End of C runtime variable initialization code
   121                           
   122  05AE                     end_of_initialization:
   123  05AE  0183               clrf status
   124  05AF  120A  118A  2E1A   ljmp _main	;jump to C main() function
   125                           psect	cstackCOMMON,class=COMMON,space=1
   126                           global __pcstackCOMMON
   127  0070                     __pcstackCOMMON:
   128                           	global	?_cmd
   129  0070                     ?_cmd:	; 0 bytes @ 0x0
   130                           	global	?_lcd_delay
   131  0070                     ?_lcd_delay:	; 0 bytes @ 0x0
   132                           	global	??_lcd_delay
   133  0070                     ??_lcd_delay:	; 0 bytes @ 0x0
   134                           	global	?_lcd_init
   135  0070                     ?_lcd_init:	; 0 bytes @ 0x0
   136                           	global	?_dat
   137  0070                     ?_dat:	; 0 bytes @ 0x0
   138                           	global	?_show
   139  0070                     ?_show:	; 0 bytes @ 0x0
   140                           	global	?_setup
   141  0070                     ?_setup:	; 0 bytes @ 0x0
   142                           	global	??_setup
   143  0070                     ??_setup:	; 0 bytes @ 0x0
   144                           	global	?_adc
   145  0070                     ?_adc:	; 0 bytes @ 0x0
   146                           	global	?_main
   147  0070                     ?_main:	; 0 bytes @ 0x0
   148                           	global	?___lwdiv
   149  0070                     ?___lwdiv:	; 2 bytes @ 0x0
   150                           	global	lcd_delay@lcd_delay
   151  0070                     lcd_delay@lcd_delay:	; 2 bytes @ 0x0
   152                           	global	___lwdiv@divisor
   153  0070                     ___lwdiv@divisor:	; 2 bytes @ 0x0
   154  0070                     	ds	2
   155                           	global	??_cmd
   156  0072                     ??_cmd:	; 0 bytes @ 0x2
   157                           	global	??_dat
   158  0072                     ??_dat:	; 0 bytes @ 0x2
   159                           	global	___lwdiv@dividend
   160  0072                     ___lwdiv@dividend:	; 2 bytes @ 0x2
   161  0072                     	ds	2
   162                           	global	??___lwdiv
   163  0074                     ??___lwdiv:	; 0 bytes @ 0x4
   164                           	global	cmd@a
   165  0074                     cmd@a:	; 1 bytes @ 0x4
   166                           	global	dat@b
   167  0074                     dat@b:	; 1 bytes @ 0x4
   168  0074                     	ds	1
   169                           	global	??_lcd_init
   170  0075                     ??_lcd_init:	; 0 bytes @ 0x5
   171                           	global	??_show
   172  0075                     ??_show:	; 0 bytes @ 0x5
   173                           	global	___lwdiv@quotient
   174  0075                     ___lwdiv@quotient:	; 2 bytes @ 0x5
   175  0075                     	ds	1
   176                           	global	show@s
   177  0076                     show@s:	; 1 bytes @ 0x6
   178  0076                     	ds	1
   179                           	global	___lwdiv@counter
   180  0077                     ___lwdiv@counter:	; 1 bytes @ 0x7
   181  0077                     	ds	1
   182                           	global	?___lwmod
   183  0078                     ?___lwmod:	; 2 bytes @ 0x8
   184                           	global	___lwmod@divisor
   185  0078                     ___lwmod@divisor:	; 2 bytes @ 0x8
   186  0078                     	ds	2
   187                           	global	___lwmod@dividend
   188  007A                     ___lwmod@dividend:	; 2 bytes @ 0xA
   189  007A                     	ds	2
   190                           	global	??___lwmod
   191  007C                     ??___lwmod:	; 0 bytes @ 0xC
   192  007C                     	ds	1
   193                           	global	___lwmod@counter
   194  007D                     ___lwmod@counter:	; 1 bytes @ 0xD
   195  007D                     	ds	1
   196                           	global	??_main
   197  007E                     ??_main:	; 0 bytes @ 0xE
   198                           psect	cstackBANK0,class=BANK0,space=1
   199                           global __pcstackBANK0
   200  0020                     __pcstackBANK0:
   201                           	global	??_adc
   202  0020                     ??_adc:	; 0 bytes @ 0x0
   203  0020                     	ds	4
   204                           	global	adc@adcval
   205  0024                     adc@adcval:	; 2 bytes @ 0x4
   206  0024                     	ds	2
   207 ;;Data sizes: Strings 7, constant 0, data 0, bss 0, persistent 0 stack 0
   208 ;;Auto spaces:   Size  Autos    Used
   209 ;; COMMON          14     14      14
   210 ;; BANK0           80      6       6
   211 ;; BANK1           80      0       0
   212 ;; BANK3           96      0       0
   213 ;; BANK2           96      0       0
   214                           
   215 ;;
   216 ;; Pointer list with targets:
   217                           
   218 ;; ?___lwmod	unsigned int  size(1) Largest target is 0
   219 ;;
   220 ;; ?___lwdiv	unsigned int  size(1) Largest target is 0
   221 ;;
   222 ;; show@s	PTR unsigned char  size(1) Largest target is 7
   223 ;;		 -> STR_1(CODE[7]), 
   224 ;;
   225                           
   226                           
   227 ;;
   228 ;; Critical Paths under _main in COMMON
   229 ;;
   230 ;;   _adc->___lwmod
   231 ;;   _show->_dat
   232 ;;   _lcd_init->_cmd
   233 ;;   _dat->_lcd_delay
   234 ;;   _cmd->_lcd_delay
   235 ;;   ___lwmod->___lwdiv
   236 ;;
   237 ;; Critical Paths under _main in BANK0
   238 ;;
   239 ;;   _main->_adc
   240 ;;
   241 ;; Critical Paths under _main in BANK1
   242 ;;
   243 ;;   None.
   244 ;;
   245 ;; Critical Paths under _main in BANK3
   246 ;;
   247 ;;   None.
   248 ;;
   249 ;; Critical Paths under _main in BANK2
   250 ;;
   251 ;;   None.
   252                           
   253 ;;
   254 ;;Main: autosize = 0, tempsize = 0, incstack = 0, save=0
   255 ;;
   256                           
   257 ;;
   258 ;;Call Graph Tables:
   259 ;;
   260 ;; ---------------------------------------------------------------------------------
   261 ;; (Depth) Function   	        Calls       Base Space   Used Autos Params    Refs
   262 ;; ---------------------------------------------------------------------------------
   263 ;; (0) _main                                                 0     0      0     838
   264 ;;                              _setup
   265 ;;                           _lcd_init
   266 ;;                               _show
   267 ;;                                _cmd
   268 ;;                                _adc
   269 ;; ---------------------------------------------------------------------------------
   270 ;; (1) _adc                                                  6     6      0     523
   271 ;;                                              0 BANK0      6     6      0
   272 ;;                            ___lwdiv
   273 ;;                                _dat
   274 ;;                            ___lwmod
   275 ;; ---------------------------------------------------------------------------------
   276 ;; (1) _show                                                 2     2      0     135
   277 ;;                                              5 COMMON     2     2      0
   278 ;;                                _dat
   279 ;; ---------------------------------------------------------------------------------
   280 ;; (1) _lcd_init                                             0     0      0      90
   281 ;;                                _cmd
   282 ;; ---------------------------------------------------------------------------------
   283 ;; (2) _dat                                                  3     3      0      90
   284 ;;                                              2 COMMON     3     3      0
   285 ;;                          _lcd_delay
   286 ;; ---------------------------------------------------------------------------------
   287 ;; (1) _cmd                                                  3     3      0      90
   288 ;;                                              2 COMMON     3     3      0
   289 ;;                          _lcd_delay
   290 ;; ---------------------------------------------------------------------------------
   291 ;; (2) ___lwmod                                              6     2      4     159
   292 ;;                                              8 COMMON     6     2      4
   293 ;;                            ___lwdiv (ARG)
   294 ;; ---------------------------------------------------------------------------------
   295 ;; (2) ___lwdiv                                              8     4      4     162
   296 ;;                                              0 COMMON     8     4      4
   297 ;; ---------------------------------------------------------------------------------
   298 ;; (1) _setup                                                0     0      0       0
   299 ;; ---------------------------------------------------------------------------------
   300 ;; (3) _lcd_delay                                            2     2      0      46
   301 ;;                                              0 COMMON     2     2      0
   302 ;; ---------------------------------------------------------------------------------
   303 ;; Estimated maximum stack depth 3
   304 ;; ---------------------------------------------------------------------------------
   305                           
   306 ;; Call Graph Graphs:
   307                           
   308 ;; _main (ROOT)
   309 ;;   _setup
   310 ;;   _lcd_init
   311 ;;     _cmd
   312 ;;       _lcd_delay
   313 ;;   _show
   314 ;;     _dat
   315 ;;       _lcd_delay
   316 ;;   _cmd
   317 ;;     _lcd_delay
   318 ;;   _adc
   319 ;;     ___lwdiv
   320 ;;     _dat
   321 ;;       _lcd_delay
   322 ;;     ___lwmod
   323 ;;       ___lwdiv (ARG)
   324 ;;
   325                           
   326 ;; Address spaces:
   327                           
   328 ;;Name               Size   Autos  Total    Cost      Usage
   329 ;;BITCOMMON            E      0       0       0        0.0%
   330 ;;EEDATA             100      0       0       0        0.0%
   331 ;;NULL                 0      0       0       0        0.0%
   332 ;;CODE                 0      0       0       0        0.0%
   333 ;;COMMON               E      E       E       1      100.0%
   334 ;;BITSFR0              0      0       0       1        0.0%
   335 ;;SFR0                 0      0       0       1        0.0%
   336 ;;BITSFR1              0      0       0       2        0.0%
   337 ;;SFR1                 0      0       0       2        0.0%
   338 ;;STACK                0      0       3       2        0.0%
   339 ;;ABS                  0      0       0       3        0.0%
   340 ;;BITBANK0            50      0       0       4        0.0%
   341 ;;BITSFR3              0      0       0       4        0.0%
   342 ;;SFR3                 0      0       0       4        0.0%
   343 ;;BANK0               50      6       6       5        7.5%
   344 ;;BITSFR2              0      0       0       5        0.0%
   345 ;;SFR2                 0      0       0       5        0.0%
   346 ;;BITBANK1            50      0       0       6        0.0%
   347 ;;BANK1               50      0       0       7        0.0%
   348 ;;BITBANK3            60      0       0       8        0.0%
   349 ;;BANK3               60      0       0       9        0.0%
   350 ;;BITBANK2            60      0       0      10        0.0%
   351 ;;BANK2               60      0       0      11        0.0%
   352 ;;DATA                 0      0       0      12        0.0%
   353                           
   354                           	global	_main
   355                           psect	maintext,global,class=CODE,delta=2
   356                           global __pmaintext
   357  061A                     __pmaintext:
   358                           
   359 ;; *************** function _main *****************
   360 ;; Defined at:
   361 ;;		line 40 in file "newmain.c"
   362 ;; Parameters:    Size  Location     Type
   363 ;;		None
   364 ;; Auto vars:     Size  Location     Type
   365 ;;		None
   366 ;; Return value:  Size  Location     Type
   367 ;;		None               void
   368 ;; Registers used:
   369 ;;		wreg, fsr0l, fsr0h, status,2, status,0, btemp+1, pclath, cstack
   370 ;; Tracked objects:
   371 ;;		On entry : 17F/0
   372 ;;		On exit  : 0/0
   373 ;;		Unchanged: 0/0
   374 ;; Data sizes:     COMMON   BANK0   BANK1   BANK3   BANK2
   375 ;;      Params:         0       0       0       0       0
   376 ;;      Locals:         0       0       0       0       0
   377 ;;      Temps:          0       0       0       0       0
   378 ;;      Totals:         0       0       0       0       0
   379 ;;Total ram usage:        0 bytes
   380 ;; Hardware stack levels required when called:    3
   381 ;; This function calls:
   382 ;;		_setup
   383 ;;		_lcd_init
   384 ;;		_show
   385 ;;		_cmd
   386 ;;		_adc
   387 ;; This function is called by:
   388 ;;		Startup code after reset
   389 ;; This function uses a non-reentrant model
   390 ;;
   391                           psect	maintext
   392                           	file	"newmain.c"
   393                           	line	40
   394                           	global	__size_of_main
   395  0021                     	__size_of_main	equ	__end_of_main-_main
   396                           	
   397  061A                     _main:	
   398                           	opt	stack 5
   399                           ; Regs used in _main: [wreg-fsr0h+status,2+status,0+btemp+1+pclath+cstack]
   400                           	line	41
   401                           	
   402  061A                     l2184:	
   403                           ;newmain.c: 41: setup();
   404  061A  120A  118A  25B2   	fcall	_setup
              120A  118A         
   405                           	line	42
   406                           ;newmain.c: 42: lcd_init();
   407  061F  120A  118A  25DA   	fcall	_lcd_init
              120A  118A         
   408                           	line	44
   409                           	
   410  0624                     l2186:	
   411                           ;newmain.c: 44: show("ADC : ");
   412  0624  3001               	movlw	((STR_1-__stringbase))&0ffh
   413  0625  120A  118A  25F9   	fcall	_show
              120A  118A         
   414  062A  2E2B               	goto	l2188
   415                           	line	46
   416                           ;newmain.c: 46: while (1) {
   417                           	
   418  062B                     l718:	
   419                           	line	49
   420                           	
   421  062B                     l2188:	
   422                           ;newmain.c: 49: cmd(0x8c);
   423  062B  308C               	movlw	(08Ch)
   424  062C  120A  118A  263B   	fcall	_cmd
              120A  118A         
   425                           	line	50
   426                           	
   427  0631                     l2190:	
   428                           ;newmain.c: 50: adc();
   429  0631  120A  118A  2749   	fcall	_adc
              120A  118A         
   430  0636  2E2B               	goto	l2188
   431                           	line	52
   432                           	
   433  0637                     l719:	
   434                           	line	46
   435  0637  2E2B               	goto	l2188
   436                           	
   437  0638                     l720:	
   438                           	line	54
   439                           	
   440  0638                     l721:	
   441                           	global	start
   442  0638  120A  118A  2800   	ljmp	start
   443                           	opt stack 0
   444                           GLOBAL	__end_of_main
   445  063B                     	__end_of_main:
   446 ;; =============== function _main ends ============
   447                           
   448                           	signat	_main,88
   449                           	global	_adc
   450                           psect	text201,local,class=CODE,delta=2
   451                           global __ptext201
   452  0749                     __ptext201:
   453                           
   454 ;; *************** function _adc *****************
   455 ;; Defined at:
   456 ;;		line 16 in file "newmain.c"
   457 ;; Parameters:    Size  Location     Type
   458 ;;		None
   459 ;; Auto vars:     Size  Location     Type
   460 ;;  adcval          2    4[BANK0 ] unsigned int 
   461 ;; Return value:  Size  Location     Type
   462 ;;		None               void
   463 ;; Registers used:
   464 ;;		wreg, status,2, status,0, btemp+1, pclath, cstack
   465 ;; Tracked objects:
   466 ;;		On entry : 0/0
   467 ;;		On exit  : 0/0
   468 ;;		Unchanged: 0/0
   469 ;; Data sizes:     COMMON   BANK0   BANK1   BANK3   BANK2
   470 ;;      Params:         0       0       0       0       0
   471 ;;      Locals:         0       2       0       0       0
   472 ;;      Temps:          0       4       0       0       0
   473 ;;      Totals:         0       6       0       0       0
   474 ;;Total ram usage:        6 bytes
   475 ;; Hardware stack levels used:    1
   476 ;; Hardware stack levels required when called:    2
   477 ;; This function calls:
   478 ;;		___lwdiv
   479 ;;		_dat
   480 ;;		___lwmod
   481 ;; This function is called by:
   482 ;;		_main
   483 ;; This function uses a non-reentrant model
   484 ;;
   485                           psect	text201
   486                           	file	"newmain.c"
   487                           	line	16
   488                           	global	__size_of_adc
   489  00B7                     	__size_of_adc	equ	__end_of_adc-_adc
   490                           	
   491  0749                     _adc:	
   492                           	opt	stack 5
   493                           ; Regs used in _adc: [wreg+status,2+status,0+btemp+1+pclath+cstack]
   494                           	line	20
   495                           	
   496  0749                     l2170:	
   497                           ;newmain.c: 18: unsigned int adcval;
   498                           ;newmain.c: 20: ADCON1 = 0xc0;
   499  0749  30C0               	movlw	(0C0h)
   500  074A  1683               	bsf	status, 5	;RP0=1, select bank1
   501  074B  1303               	bcf	status, 6	;RP1=0, select bank1
   502  074C  009F               	movwf	(159)^080h	;volatile
   503                           	line	22
   504                           ;newmain.c: 22: ADCON0 = 0x85;
   505  074D  3085               	movlw	(085h)
   506  074E  1283               	bcf	status, 5	;RP0=0, select bank0
   507  074F  1303               	bcf	status, 6	;RP1=0, select bank0
   508  0750  009F               	movwf	(31)	;volatile
   509                           	line	24
   510                           ;newmain.c: 24: while (GO_nDONE);
   511  0751  2F52               	goto	l712
   512                           	
   513  0752                     l713:	
   514                           	
   515  0752                     l712:	
   516  0752  191F               	btfsc	(250/8),(250)&7
   517  0753  2F55               	goto	u2381
   518  0754  2F56               	goto	u2380
   519  0755                     u2381:
   520  0755  2F52               	goto	l712
   521  0756                     u2380:
   522  0756  2F57               	goto	l2172
   523                           	
   524  0757                     l714:	
   525                           	line	26
   526                           	
   527  0757                     l2172:	
   528                           ;newmain.c: 26: adcval = ((ADRESH << 8) | (ADRESL));
   529  0757  1683               	bsf	status, 5	;RP0=1, select bank1
   530  0758  1303               	bcf	status, 6	;RP1=0, select bank1
   531  0759  081E               	movf	(158)^080h,w	;volatile
   532  075A  1283               	bcf	status, 5	;RP0=0, select bank0
   533  075B  1303               	bcf	status, 6	;RP1=0, select bank0
   534  075C  00A0               	movwf	(??_adc+0)+0
   535  075D  01A1               	clrf	(??_adc+0)+0+1
   536  075E  081E               	movf	(30),w	;volatile
   537  075F  00A2               	movwf	(??_adc+2)+0
   538  0760  01A3               	clrf	(??_adc+2)+0+1
   539  0761  0822               	movf	(??_adc+2)+0,w
   540  0762  00A3               	movwf	(??_adc+2)+1
   541  0763  01A2               	clrf	(??_adc+2)+0
   542  0764  0820               	movf	0+(??_adc+0)+0,w
   543  0765  0422               	iorwf	0+(??_adc+2)+0,w
   544  0766  00A4               	movwf	(adc@adcval)
   545  0767  0821               	movf	1+(??_adc+0)+0,w
   546  0768  0423               	iorwf	1+(??_adc+2)+0,w
   547  0769  00A5               	movwf	1+(adc@adcval)
   548                           	line	28
   549                           	
   550  076A                     l2174:	
   551                           ;newmain.c: 28: adcval = (adcval / 3) - 1;
   552  076A  3003               	movlw	low(03h)
   553  076B  00F0               	movwf	(?___lwdiv)
   554  076C  3000               	movlw	high(03h)
   555  076D  00F1               	movwf	((?___lwdiv))+1
   556  076E  0825               	movf	(adc@adcval+1),w
   557  076F  01F3               	clrf	1+(?___lwdiv)+02h
   558  0770  07F3               	addwf	1+(?___lwdiv)+02h
   559  0771  0824               	movf	(adc@adcval),w
   560  0772  01F2               	clrf	0+(?___lwdiv)+02h
   561  0773  07F2               	addwf	0+(?___lwdiv)+02h
   562                           
   563  0774  120A  118A  26FB   	fcall	___lwdiv
              120A  118A         
   564  0779  0870               	movf	(0+(?___lwdiv)),w
   565  077A  3EFF               	addlw	low(0FFFFh)
   566  077B  1283               	bcf	status, 5	;RP0=0, select bank0
   567  077C  1303               	bcf	status, 6	;RP1=0, select bank0
   568  077D  00A4               	movwf	(adc@adcval)
   569  077E  0871               	movf	(1+(?___lwdiv)),w
   570  077F  1803               	skipnc
   571  0780  3E01               	addlw	1
   572  0781  3EFF               	addlw	high(0FFFFh)
   573  0782  00A5               	movwf	1+(adc@adcval)
   574                           	line	30
   575                           	
   576  0783                     l2176:	
   577                           ;newmain.c: 30: dat((adcval / 1000) + 48);
   578  0783  30E8               	movlw	low(03E8h)
   579  0784  00F0               	movwf	(?___lwdiv)
   580  0785  3003               	movlw	high(03E8h)
   581  0786  00F1               	movwf	((?___lwdiv))+1
   582  0787  0825               	movf	(adc@adcval+1),w
   583  0788  01F3               	clrf	1+(?___lwdiv)+02h
   584  0789  07F3               	addwf	1+(?___lwdiv)+02h
   585  078A  0824               	movf	(adc@adcval),w
   586  078B  01F2               	clrf	0+(?___lwdiv)+02h
   587  078C  07F2               	addwf	0+(?___lwdiv)+02h
   588                           
   589  078D  120A  118A  26FB   	fcall	___lwdiv
              120A  118A         
   590  0792  0870               	movf	(0+(?___lwdiv)),w
   591  0793  3E30               	addlw	030h
   592  0794  120A  118A  2679   	fcall	_dat
              120A  118A         
   593                           	line	32
   594                           	
   595  0799                     l2178:	
   596                           ;newmain.c: 32: dat(((adcval / 100) % 10) + 48);
   597  0799  300A               	movlw	low(0Ah)
   598  079A  00F8               	movwf	(?___lwmod)
   599  079B  3000               	movlw	high(0Ah)
   600  079C  00F9               	movwf	((?___lwmod))+1
   601  079D  3064               	movlw	low(064h)
   602  079E  00F0               	movwf	(?___lwdiv)
   603  079F  3000               	movlw	high(064h)
   604  07A0  00F1               	movwf	((?___lwdiv))+1
   605  07A1  1283               	bcf	status, 5	;RP0=0, select bank0
   606  07A2  1303               	bcf	status, 6	;RP1=0, select bank0
   607  07A3  0825               	movf	(adc@adcval+1),w
   608  07A4  01F3               	clrf	1+(?___lwdiv)+02h
   609  07A5  07F3               	addwf	1+(?___lwdiv)+02h
   610  07A6  0824               	movf	(adc@adcval),w
   611  07A7  01F2               	clrf	0+(?___lwdiv)+02h
   612  07A8  07F2               	addwf	0+(?___lwdiv)+02h
   613                           
   614  07A9  120A  118A  26FB   	fcall	___lwdiv
              120A  118A         
   615  07AE  0871               	movf	(1+(?___lwdiv)),w
   616  07AF  01FB               	clrf	1+(?___lwmod)+02h
   617  07B0  07FB               	addwf	1+(?___lwmod)+02h
   618  07B1  0870               	movf	(0+(?___lwdiv)),w
   619  07B2  01FA               	clrf	0+(?___lwmod)+02h
   620  07B3  07FA               	addwf	0+(?___lwmod)+02h
   621                           
   622  07B4  120A  118A  26B7   	fcall	___lwmod
              120A  118A         
   623  07B9  0878               	movf	(0+(?___lwmod)),w
   624  07BA  3E30               	addlw	030h
   625  07BB  120A  118A  2679   	fcall	_dat
              120A  118A         
   626                           	line	34
   627                           	
   628  07C0                     l2180:	
   629                           ;newmain.c: 34: dat(((adcval / 10) % 10) + 48);
   630  07C0  300A               	movlw	low(0Ah)
   631  07C1  00F8               	movwf	(?___lwmod)
   632  07C2  3000               	movlw	high(0Ah)
   633  07C3  00F9               	movwf	((?___lwmod))+1
   634  07C4  300A               	movlw	low(0Ah)
   635  07C5  00F0               	movwf	(?___lwdiv)
   636  07C6  3000               	movlw	high(0Ah)
   637  07C7  00F1               	movwf	((?___lwdiv))+1
   638  07C8  1283               	bcf	status, 5	;RP0=0, select bank0
   639  07C9  1303               	bcf	status, 6	;RP1=0, select bank0
   640  07CA  0825               	movf	(adc@adcval+1),w
   641  07CB  01F3               	clrf	1+(?___lwdiv)+02h
   642  07CC  07F3               	addwf	1+(?___lwdiv)+02h
   643  07CD  0824               	movf	(adc@adcval),w
   644  07CE  01F2               	clrf	0+(?___lwdiv)+02h
   645  07CF  07F2               	addwf	0+(?___lwdiv)+02h
   646                           
   647  07D0  120A  118A  26FB   	fcall	___lwdiv
              120A  118A         
   648  07D5  0871               	movf	(1+(?___lwdiv)),w
   649  07D6  01FB               	clrf	1+(?___lwmod)+02h
   650  07D7  07FB               	addwf	1+(?___lwmod)+02h
   651  07D8  0870               	movf	(0+(?___lwdiv)),w
   652  07D9  01FA               	clrf	0+(?___lwmod)+02h
   653  07DA  07FA               	addwf	0+(?___lwmod)+02h
   654                           
   655  07DB  120A  118A  26B7   	fcall	___lwmod
              120A  118A         
   656  07E0  0878               	movf	(0+(?___lwmod)),w
   657  07E1  3E30               	addlw	030h
   658  07E2  120A  118A  2679   	fcall	_dat
              120A  118A         
   659                           	line	36
   660                           	
   661  07E7                     l2182:	
   662                           ;newmain.c: 36: dat((adcval % 10) + 48);
   663  07E7  300A               	movlw	low(0Ah)
   664  07E8  00F8               	movwf	(?___lwmod)
   665  07E9  3000               	movlw	high(0Ah)
   666  07EA  00F9               	movwf	((?___lwmod))+1
   667  07EB  1283               	bcf	status, 5	;RP0=0, select bank0
   668  07EC  1303               	bcf	status, 6	;RP1=0, select bank0
   669  07ED  0825               	movf	(adc@adcval+1),w
   670  07EE  01FB               	clrf	1+(?___lwmod)+02h
   671  07EF  07FB               	addwf	1+(?___lwmod)+02h
   672  07F0  0824               	movf	(adc@adcval),w
   673  07F1  01FA               	clrf	0+(?___lwmod)+02h
   674  07F2  07FA               	addwf	0+(?___lwmod)+02h
   675                           
   676  07F3  120A  118A  26B7   	fcall	___lwmod
              120A  118A         
   677  07F8  0878               	movf	(0+(?___lwmod)),w
   678  07F9  3E30               	addlw	030h
   679  07FA  120A  118A  2679   	fcall	_dat
              120A  118A         
   680                           	line	38
   681                           	
   682  07FF                     l715:	
   683  07FF  0008               	return
   684                           	opt stack 0
   685                           GLOBAL	__end_of_adc
   686  0800                     	__end_of_adc:
   687 ;; =============== function _adc ends ============
   688                           
   689                           	signat	_adc,88
   690                           	global	_show
   691                           psect	text202,local,class=CODE,delta=2
   692                           global __ptext202
   693  05F9                     __ptext202:
   694                           
   695 ;; *************** function _show *****************
   696 ;; Defined at:
   697 ;;		line 114 in file "lcd4.h"
   698 ;; Parameters:    Size  Location     Type
   699 ;;  s               1    wreg     PTR unsigned char 
   700 ;;		 -> STR_1(7), 
   701 ;; Auto vars:     Size  Location     Type
   702 ;;  s               1    6[COMMON] PTR unsigned char 
   703 ;;		 -> STR_1(7), 
   704 ;; Return value:  Size  Location     Type
   705 ;;		None               void
   706 ;; Registers used:
   707 ;;		wreg, fsr0l, fsr0h, status,2, status,0, pclath, cstack
   708 ;; Tracked objects:
   709 ;;		On entry : 0/0
   710 ;;		On exit  : 0/0
   711 ;;		Unchanged: 0/0
   712 ;; Data sizes:     COMMON   BANK0   BANK1   BANK3   BANK2
   713 ;;      Params:         0       0       0       0       0
   714 ;;      Locals:         1       0       0       0       0
   715 ;;      Temps:          1       0       0       0       0
   716 ;;      Totals:         2       0       0       0       0
   717 ;;Total ram usage:        2 bytes
   718 ;; Hardware stack levels used:    1
   719 ;; Hardware stack levels required when called:    2
   720 ;; This function calls:
   721 ;;		_dat
   722 ;; This function is called by:
   723 ;;		_main
   724 ;; This function uses a non-reentrant model
   725 ;;
   726                           psect	text202
   727                           	file	"lcd4.h"
   728                           	line	114
   729                           	global	__size_of_show
   730  0021                     	__size_of_show	equ	__end_of_show-_show
   731                           	
   732  05F9                     _show:	
   733                           	opt	stack 5
   734                           ; Regs used in _show: [wreg-fsr0h+status,2+status,0+pclath+cstack]
   735                           ;show@s stored from wreg
   736  05F9  00F6               	movwf	(show@s)
   737                           	line	116
   738                           	
   739  05FA                     l2162:	
   740                           ;lcd4.h: 116: while (*s) {
   741  05FA  2E0C               	goto	l2168
   742                           	
   743  05FB                     l699:	
   744                           	line	118
   745                           	
   746  05FB                     l2164:	
   747                           ;lcd4.h: 118: dat(*s++);
   748  05FB  0876               	movf	(show@s),w
   749  05FC  0084               	movwf	fsr0
   750  05FD  120A  118A  2003   	fcall	stringdir
              120A  118A         
   751  0602  120A  118A  2679   	fcall	_dat
              120A  118A         
   752                           	
   753  0607                     l2166:	
   754  0607  3001               	movlw	(01h)
   755  0608  00F5               	movwf	(??_show+0)+0
   756  0609  0875               	movf	(??_show+0)+0,w
   757  060A  07F6               	addwf	(show@s),f
   758  060B  2E0C               	goto	l2168
   759                           	line	120
   760                           	
   761  060C                     l698:	
   762                           	line	116
   763                           	
   764  060C                     l2168:	
   765  060C  0876               	movf	(show@s),w
   766  060D  0084               	movwf	fsr0
   767  060E  120A  118A  2003   	fcall	stringdir
              120A  118A         
   768  0613  3800               	iorlw	0
   769  0614  1D03               	skipz
   770  0615  2E17               	goto	u2371
   771  0616  2E18               	goto	u2370
   772  0617                     u2371:
   773  0617  2DFB               	goto	l2164
   774  0618                     u2370:
   775  0618  2E19               	goto	l701
   776                           	
   777  0619                     l700:	
   778                           	line	122
   779                           	
   780  0619                     l701:	
   781  0619  0008               	return
   782                           	opt stack 0
   783                           GLOBAL	__end_of_show
   784  061A                     	__end_of_show:
   785 ;; =============== function _show ends ============
   786                           
   787                           	signat	_show,4216
   788                           	global	_lcd_init
   789                           psect	text203,local,class=CODE,delta=2
   790                           global __ptext203
   791  05DA                     __ptext203:
   792                           
   793 ;; *************** function _lcd_init *****************
   794 ;; Defined at:
   795 ;;		line 38 in file "lcd4.h"
   796 ;; Parameters:    Size  Location     Type
   797 ;;		None
   798 ;; Auto vars:     Size  Location     Type
   799 ;;		None
   800 ;; Return value:  Size  Location     Type
   801 ;;		None               void
   802 ;; Registers used:
   803 ;;		wreg, status,2, status,0, pclath, cstack
   804 ;; Tracked objects:
   805 ;;		On entry : 0/0
   806 ;;		On exit  : 0/0
   807 ;;		Unchanged: 0/0
   808 ;; Data sizes:     COMMON   BANK0   BANK1   BANK3   BANK2
   809 ;;      Params:         0       0       0       0       0
   810 ;;      Locals:         0       0       0       0       0
   811 ;;      Temps:          0       0       0       0       0
   812 ;;      Totals:         0       0       0       0       0
   813 ;;Total ram usage:        0 bytes
   814 ;; Hardware stack levels used:    1
   815 ;; Hardware stack levels required when called:    2
   816 ;; This function calls:
   817 ;;		_cmd
   818 ;; This function is called by:
   819 ;;		_main
   820 ;; This function uses a non-reentrant model
   821 ;;
   822                           psect	text203
   823                           	file	"lcd4.h"
   824                           	line	38
   825                           	global	__size_of_lcd_init
   826  001F                     	__size_of_lcd_init	equ	__end_of_lcd_init-_lcd_init
   827                           	
   828  05DA                     _lcd_init:	
   829                           	opt	stack 5
   830                           ; Regs used in _lcd_init: [wreg+status,2+status,0+pclath+cstack]
   831                           	line	40
   832                           	
   833  05DA                     l2160:	
   834                           ;lcd4.h: 40: cmd(0x02);
   835  05DA  3002               	movlw	(02h)
   836  05DB  120A  118A  263B   	fcall	_cmd
              120A  118A         
   837                           	line	42
   838                           ;lcd4.h: 42: cmd(0x28);
   839  05E0  3028               	movlw	(028h)
   840  05E1  120A  118A  263B   	fcall	_cmd
              120A  118A         
   841                           	line	44
   842                           ;lcd4.h: 44: cmd(0x0e);
   843  05E6  300E               	movlw	(0Eh)
   844  05E7  120A  118A  263B   	fcall	_cmd
              120A  118A         
   845                           	line	46
   846                           ;lcd4.h: 46: cmd(0x06);
   847  05EC  3006               	movlw	(06h)
   848  05ED  120A  118A  263B   	fcall	_cmd
              120A  118A         
   849                           	line	48
   850                           ;lcd4.h: 48: cmd(0x80);
   851  05F2  3080               	movlw	(080h)
   852  05F3  120A  118A  263B   	fcall	_cmd
              120A  118A         
   853                           	line	50
   854                           	
   855  05F8                     l689:	
   856  05F8  0008               	return
   857                           	opt stack 0
   858                           GLOBAL	__end_of_lcd_init
   859  05F9                     	__end_of_lcd_init:
   860 ;; =============== function _lcd_init ends ============
   861                           
   862                           	signat	_lcd_init,88
   863                           	global	_dat
   864                           psect	text204,local,class=CODE,delta=2
   865                           global __ptext204
   866  0679                     __ptext204:
   867                           
   868 ;; *************** function _dat *****************
   869 ;; Defined at:
   870 ;;		line 83 in file "lcd4.h"
   871 ;; Parameters:    Size  Location     Type
   872 ;;  b               1    wreg     unsigned char 
   873 ;; Auto vars:     Size  Location     Type
   874 ;;  b               1    4[COMMON] unsigned char 
   875 ;; Return value:  Size  Location     Type
   876 ;;		None               void
   877 ;; Registers used:
   878 ;;		wreg, status,2, status,0, pclath, cstack
   879 ;; Tracked objects:
   880 ;;		On entry : 0/0
   881 ;;		On exit  : 0/0
   882 ;;		Unchanged: 0/0
   883 ;; Data sizes:     COMMON   BANK0   BANK1   BANK3   BANK2
   884 ;;      Params:         0       0       0       0       0
   885 ;;      Locals:         1       0       0       0       0
   886 ;;      Temps:          2       0       0       0       0
   887 ;;      Totals:         3       0       0       0       0
   888 ;;Total ram usage:        3 bytes
   889 ;; Hardware stack levels used:    1
   890 ;; Hardware stack levels required when called:    1
   891 ;; This function calls:
   892 ;;		_lcd_delay
   893 ;; This function is called by:
   894 ;;		_show
   895 ;;		_adc
   896 ;; This function uses a non-reentrant model
   897 ;;
   898                           psect	text204
   899                           	file	"lcd4.h"
   900                           	line	83
   901                           	global	__size_of_dat
   902  003E                     	__size_of_dat	equ	__end_of_dat-_dat
   903                           	
   904  0679                     _dat:	
   905                           	opt	stack 5
   906                           ; Regs used in _dat: [wreg+status,2+status,0+pclath+cstack]
   907                           ;dat@b stored from wreg
   908                           	line	85
   909  0679  00F4               	movwf	(dat@b)
   910                           	
   911  067A                     l2140:	
   912                           ;lcd4.h: 85: RC0 = 1;
   913  067A  1283               	bcf	status, 5	;RP0=0, select bank0
   914  067B  1303               	bcf	status, 6	;RP1=0, select bank0
   915  067C  1407               	bsf	(56/8),(56)&7
   916                           	line	87
   917                           	
   918  067D                     l2142:	
   919                           ;lcd4.h: 87: PORTB &= 0x0F;
   920  067D  300F               	movlw	(0Fh)
   921  067E  00F2               	movwf	(??_dat+0)+0
   922  067F  0872               	movf	(??_dat+0)+0,w
   923  0680  0586               	andwf	(6),f	;volatile
   924                           	line	89
   925                           ;lcd4.h: 89: PORTB |= (b & 0xf0);
   926  0681  0874               	movf	(dat@b),w
   927  0682  39F0               	andlw	0F0h
   928  0683  00F2               	movwf	(??_dat+0)+0
   929  0684  0872               	movf	(??_dat+0)+0,w
   930  0685  0486               	iorwf	(6),f	;volatile
   931                           	line	91
   932                           	
   933  0686                     l2144:	
   934                           ;lcd4.h: 91: RC1 = 1;
   935  0686  1487               	bsf	(57/8),(57)&7
   936                           	line	93
   937                           	
   938  0687                     l2146:	
   939                           ;lcd4.h: 93: lcd_delay();
   940  0687  120A  118A  25BC   	fcall	_lcd_delay
              120A  118A         
   941                           	line	95
   942                           	
   943  068C                     l2148:	
   944                           ;lcd4.h: 95: RC1 = 0;
   945  068C  1283               	bcf	status, 5	;RP0=0, select bank0
   946  068D  1303               	bcf	status, 6	;RP1=0, select bank0
   947  068E  1087               	bcf	(57/8),(57)&7
   948                           	line	97
   949                           	
   950  068F                     l2150:	
   951                           ;lcd4.h: 97: lcd_delay();
   952  068F  120A  118A  25BC   	fcall	_lcd_delay
              120A  118A         
   953                           	line	99
   954                           ;lcd4.h: 99: PORTB &= 0x0f;
   955  0694  300F               	movlw	(0Fh)
   956  0695  00F2               	movwf	(??_dat+0)+0
   957  0696  0872               	movf	(??_dat+0)+0,w
   958  0697  1283               	bcf	status, 5	;RP0=0, select bank0
   959  0698  1303               	bcf	status, 6	;RP1=0, select bank0
   960  0699  0586               	andwf	(6),f	;volatile
   961                           	line	101
   962                           ;lcd4.h: 101: PORTB |= (b << 4 & 0xf0);
   963  069A  0874               	movf	(dat@b),w
   964  069B  00F2               	movwf	(??_dat+0)+0
   965  069C  3003               	movlw	(04h)-1
   966  069D                     u2365:
   967  069D  1003               	clrc
   968  069E  0DF2               	rlf	(??_dat+0)+0,f
   969  069F  3EFF               	addlw	-1
   970  06A0  1D03               	skipz
   971  06A1  2E9D               	goto	u2365
   972  06A2  1003               	clrc
   973  06A3  0D72               	rlf	(??_dat+0)+0,w
   974  06A4  39F0               	andlw	0F0h
   975  06A5  00F3               	movwf	(??_dat+1)+0
   976  06A6  0873               	movf	(??_dat+1)+0,w
   977  06A7  0486               	iorwf	(6),f	;volatile
   978                           	line	103
   979                           	
   980  06A8                     l2152:	
   981                           ;lcd4.h: 103: RC1 = 1;
   982  06A8  1487               	bsf	(57/8),(57)&7
   983                           	line	105
   984                           	
   985  06A9                     l2154:	
   986                           ;lcd4.h: 105: lcd_delay();
   987  06A9  120A  118A  25BC   	fcall	_lcd_delay
              120A  118A         
   988                           	line	107
   989                           	
   990  06AE                     l2156:	
   991                           ;lcd4.h: 107: RC1 = 0;
   992  06AE  1283               	bcf	status, 5	;RP0=0, select bank0
   993  06AF  1303               	bcf	status, 6	;RP1=0, select bank0
   994  06B0  1087               	bcf	(57/8),(57)&7
   995                           	line	109
   996                           	
   997  06B1                     l2158:	
   998                           ;lcd4.h: 109: lcd_delay();
   999  06B1  120A  118A  25BC   	fcall	_lcd_delay
              120A  118A         
  1000                           	line	111
  1001                           	
  1002  06B6                     l695:	
  1003  06B6  0008               	return
  1004                           	opt stack 0
  1005                           GLOBAL	__end_of_dat
  1006  06B7                     	__end_of_dat:
  1007 ;; =============== function _dat ends ============
  1008                           
  1009                           	signat	_dat,4216
  1010                           	global	_cmd
  1011                           psect	text205,local,class=CODE,delta=2
  1012                           global __ptext205
  1013  063B                     __ptext205:
  1014                           
  1015 ;; *************** function _cmd *****************
  1016 ;; Defined at:
  1017 ;;		line 53 in file "lcd4.h"
  1018 ;; Parameters:    Size  Location     Type
  1019 ;;  a               1    wreg     unsigned char 
  1020 ;; Auto vars:     Size  Location     Type
  1021 ;;  a               1    4[COMMON] unsigned char 
  1022 ;; Return value:  Size  Location     Type
  1023 ;;		None               void
  1024 ;; Registers used:
  1025 ;;		wreg, status,2, status,0, pclath, cstack
  1026 ;; Tracked objects:
  1027 ;;		On entry : 0/0
  1028 ;;		On exit  : 0/0
  1029 ;;		Unchanged: 0/0
  1030 ;; Data sizes:     COMMON   BANK0   BANK1   BANK3   BANK2
  1031 ;;      Params:         0       0       0       0       0
  1032 ;;      Locals:         1       0       0       0       0
  1033 ;;      Temps:          2       0       0       0       0
  1034 ;;      Totals:         3       0       0       0       0
  1035 ;;Total ram usage:        3 bytes
  1036 ;; Hardware stack levels used:    1
  1037 ;; Hardware stack levels required when called:    1
  1038 ;; This function calls:
  1039 ;;		_lcd_delay
  1040 ;; This function is called by:
  1041 ;;		_lcd_init
  1042 ;;		_main
  1043 ;; This function uses a non-reentrant model
  1044 ;;
  1045                           psect	text205
  1046                           	file	"lcd4.h"
  1047                           	line	53
  1048                           	global	__size_of_cmd
  1049  003E                     	__size_of_cmd	equ	__end_of_cmd-_cmd
  1050                           	
  1051  063B                     _cmd:	
  1052                           	opt	stack 6
  1053                           ; Regs used in _cmd: [wreg+status,2+status,0+pclath+cstack]
  1054                           ;cmd@a stored from wreg
  1055                           	line	55
  1056  063B  00F4               	movwf	(cmd@a)
  1057                           	
  1058  063C                     l2120:	
  1059                           ;lcd4.h: 55: RC0 = 0;
  1060  063C  1283               	bcf	status, 5	;RP0=0, select bank0
  1061  063D  1303               	bcf	status, 6	;RP1=0, select bank0
  1062  063E  1007               	bcf	(56/8),(56)&7
  1063                           	line	57
  1064                           	
  1065  063F                     l2122:	
  1066                           ;lcd4.h: 57: PORTB &= 0x0F;
  1067  063F  300F               	movlw	(0Fh)
  1068  0640  00F2               	movwf	(??_cmd+0)+0
  1069  0641  0872               	movf	(??_cmd+0)+0,w
  1070  0642  0586               	andwf	(6),f	;volatile
  1071                           	line	59
  1072                           ;lcd4.h: 59: PORTB |= (a & 0xf0);
  1073  0643  0874               	movf	(cmd@a),w
  1074  0644  39F0               	andlw	0F0h
  1075  0645  00F2               	movwf	(??_cmd+0)+0
  1076  0646  0872               	movf	(??_cmd+0)+0,w
  1077  0647  0486               	iorwf	(6),f	;volatile
  1078                           	line	61
  1079                           	
  1080  0648                     l2124:	
  1081                           ;lcd4.h: 61: RC1 = 1;
  1082  0648  1487               	bsf	(57/8),(57)&7
  1083                           	line	63
  1084                           	
  1085  0649                     l2126:	
  1086                           ;lcd4.h: 63: lcd_delay();
  1087  0649  120A  118A  25BC   	fcall	_lcd_delay
              120A  118A         
  1088                           	line	65
  1089                           	
  1090  064E                     l2128:	
  1091                           ;lcd4.h: 65: RC1 = 0;
  1092  064E  1283               	bcf	status, 5	;RP0=0, select bank0
  1093  064F  1303               	bcf	status, 6	;RP1=0, select bank0
  1094  0650  1087               	bcf	(57/8),(57)&7
  1095                           	line	66
  1096                           	
  1097  0651                     l2130:	
  1098                           ;lcd4.h: 66: lcd_delay();
  1099  0651  120A  118A  25BC   	fcall	_lcd_delay
              120A  118A         
  1100                           	line	68
  1101                           ;lcd4.h: 68: PORTB &= 0x0f;
  1102  0656  300F               	movlw	(0Fh)
  1103  0657  00F2               	movwf	(??_cmd+0)+0
  1104  0658  0872               	movf	(??_cmd+0)+0,w
  1105  0659  1283               	bcf	status, 5	;RP0=0, select bank0
  1106  065A  1303               	bcf	status, 6	;RP1=0, select bank0
  1107  065B  0586               	andwf	(6),f	;volatile
  1108                           	line	70
  1109                           ;lcd4.h: 70: PORTB |= (a << 4 & 0xf0);
  1110  065C  0874               	movf	(cmd@a),w
  1111  065D  00F2               	movwf	(??_cmd+0)+0
  1112  065E  3003               	movlw	(04h)-1
  1113  065F                     u2355:
  1114  065F  1003               	clrc
  1115  0660  0DF2               	rlf	(??_cmd+0)+0,f
  1116  0661  3EFF               	addlw	-1
  1117  0662  1D03               	skipz
  1118  0663  2E5F               	goto	u2355
  1119  0664  1003               	clrc
  1120  0665  0D72               	rlf	(??_cmd+0)+0,w
  1121  0666  39F0               	andlw	0F0h
  1122  0667  00F3               	movwf	(??_cmd+1)+0
  1123  0668  0873               	movf	(??_cmd+1)+0,w
  1124  0669  0486               	iorwf	(6),f	;volatile
  1125                           	line	72
  1126                           	
  1127  066A                     l2132:	
  1128                           ;lcd4.h: 72: RC1 = 1;
  1129  066A  1487               	bsf	(57/8),(57)&7
  1130                           	line	74
  1131                           	
  1132  066B                     l2134:	
  1133                           ;lcd4.h: 74: lcd_delay();
  1134  066B  120A  118A  25BC   	fcall	_lcd_delay
              120A  118A         
  1135                           	line	76
  1136                           	
  1137  0670                     l2136:	
  1138                           ;lcd4.h: 76: RC1 = 0;
  1139  0670  1283               	bcf	status, 5	;RP0=0, select bank0
  1140  0671  1303               	bcf	status, 6	;RP1=0, select bank0
  1141  0672  1087               	bcf	(57/8),(57)&7
  1142                           	line	78
  1143                           	
  1144  0673                     l2138:	
  1145                           ;lcd4.h: 78: lcd_delay();
  1146  0673  120A  118A  25BC   	fcall	_lcd_delay
              120A  118A         
  1147                           	line	80
  1148                           	
  1149  0678                     l692:	
  1150  0678  0008               	return
  1151                           	opt stack 0
  1152                           GLOBAL	__end_of_cmd
  1153  0679                     	__end_of_cmd:
  1154 ;; =============== function _cmd ends ============
  1155                           
  1156                           	signat	_cmd,4216
  1157                           	global	___lwmod
  1158                           psect	text206,local,class=CODE,delta=2
  1159                           global __ptext206
  1160  06B7                     __ptext206:
  1161                           
  1162 ;; *************** function ___lwmod *****************
  1163 ;; Defined at:
  1164 ;;		line 5 in file "C:\Program Files (x86)\HI-TECH Software\PICC\9.81\sources\lwmod.c"
  1165 ;; Parameters:    Size  Location     Type
  1166 ;;  divisor         2    8[COMMON] unsigned int 
  1167 ;;  dividend        2   10[COMMON] unsigned int 
  1168 ;; Auto vars:     Size  Location     Type
  1169 ;;  counter         1   13[COMMON] unsigned char 
  1170 ;; Return value:  Size  Location     Type
  1171 ;;                  2    8[COMMON] unsigned int 
  1172 ;; Registers used:
  1173 ;;		wreg, status,2, status,0
  1174 ;; Tracked objects:
  1175 ;;		On entry : 0/0
  1176 ;;		On exit  : 0/0
  1177 ;;		Unchanged: 0/0
  1178 ;; Data sizes:     COMMON   BANK0   BANK1   BANK3   BANK2
  1179 ;;      Params:         4       0       0       0       0
  1180 ;;      Locals:         1       0       0       0       0
  1181 ;;      Temps:          1       0       0       0       0
  1182 ;;      Totals:         6       0       0       0       0
  1183 ;;Total ram usage:        6 bytes
  1184 ;; Hardware stack levels used:    1
  1185 ;; This function calls:
  1186 ;;		Nothing
  1187 ;; This function is called by:
  1188 ;;		_adc
  1189 ;; This function uses a non-reentrant model
  1190 ;;
  1191                           psect	text206
  1192                           	file	"C:\Program Files (x86)\HI-TECH Software\PICC\9.81\sources\lwmod.c"
  1193                           	line	5
  1194                           	global	__size_of___lwmod
  1195  0044                     	__size_of___lwmod	equ	__end_of___lwmod-___lwmod
  1196                           	
  1197  06B7                     ___lwmod:	
  1198                           	opt	stack 6
  1199                           ; Regs used in ___lwmod: [wreg+status,2+status,0]
  1200                           	line	8
  1201                           	
  1202  06B7                     l2098:	
  1203  06B7  0879               	movf	(___lwmod@divisor+1),w
  1204  06B8  0478               	iorwf	(___lwmod@divisor),w
  1205  06B9  1903               	skipnz
  1206  06BA  2EBC               	goto	u2291
  1207  06BB  2EBD               	goto	u2290
  1208  06BC                     u2291:
  1209  06BC  2EF3               	goto	l2116
  1210  06BD                     u2290:
  1211                           	line	9
  1212                           	
  1213  06BD                     l2100:	
  1214  06BD  01FD               	clrf	(___lwmod@counter)
  1215  06BE  1403               	bsf	status,0
  1216  06BF  0DFD               	rlf	(___lwmod@counter),f
  1217                           	line	10
  1218  06C0  2ECD               	goto	l2106
  1219                           	
  1220  06C1                     l748:	
  1221                           	line	11
  1222                           	
  1223  06C1                     l2102:	
  1224  06C1  3001               	movlw	01h
  1225                           	
  1226  06C2                     u2305:
  1227  06C2  1003               	clrc
  1228  06C3  0DF8               	rlf	(___lwmod@divisor),f
  1229  06C4  0DF9               	rlf	(___lwmod@divisor+1),f
  1230  06C5  3EFF               	addlw	-1
  1231  06C6  1D03               	skipz
  1232  06C7  2EC2               	goto	u2305
  1233                           	line	12
  1234                           	
  1235  06C8                     l2104:	
  1236  06C8  3001               	movlw	(01h)
  1237  06C9  00FC               	movwf	(??___lwmod+0)+0
  1238  06CA  087C               	movf	(??___lwmod+0)+0,w
  1239  06CB  07FD               	addwf	(___lwmod@counter),f
  1240  06CC  2ECD               	goto	l2106
  1241                           	line	13
  1242                           	
  1243  06CD                     l747:	
  1244                           	line	10
  1245                           	
  1246  06CD                     l2106:	
  1247  06CD  1FF9               	btfss	(___lwmod@divisor+1),(15)&7
  1248  06CE  2ED0               	goto	u2311
  1249  06CF  2ED1               	goto	u2310
  1250  06D0                     u2311:
  1251  06D0  2EC1               	goto	l2102
  1252  06D1                     u2310:
  1253  06D1  2ED3               	goto	l2108
  1254                           	
  1255  06D2                     l749:	
  1256  06D2  2ED3               	goto	l2108
  1257                           	line	14
  1258                           	
  1259  06D3                     l750:	
  1260                           	line	15
  1261                           	
  1262  06D3                     l2108:	
  1263  06D3  0879               	movf	(___lwmod@divisor+1),w
  1264  06D4  027B               	subwf	(___lwmod@dividend+1),w
  1265  06D5  1D03               	skipz
  1266  06D6  2ED9               	goto	u2325
  1267  06D7  0878               	movf	(___lwmod@divisor),w
  1268  06D8  027A               	subwf	(___lwmod@dividend),w
  1269  06D9                     u2325:
  1270  06D9  1C03               	skipc
  1271  06DA  2EDC               	goto	u2321
  1272  06DB  2EDD               	goto	u2320
  1273  06DC                     u2321:
  1274  06DC  2EE4               	goto	l2112
  1275  06DD                     u2320:
  1276                           	line	16
  1277                           	
  1278  06DD                     l2110:	
  1279  06DD  0878               	movf	(___lwmod@divisor),w
  1280  06DE  02FA               	subwf	(___lwmod@dividend),f
  1281  06DF  0879               	movf	(___lwmod@divisor+1),w
  1282  06E0  1C03               	skipc
  1283  06E1  03FB               	decf	(___lwmod@dividend+1),f
  1284  06E2  02FB               	subwf	(___lwmod@dividend+1),f
  1285  06E3  2EE4               	goto	l2112
  1286                           	
  1287  06E4                     l751:	
  1288                           	line	17
  1289                           	
  1290  06E4                     l2112:	
  1291  06E4  3001               	movlw	01h
  1292                           	
  1293  06E5                     u2335:
  1294  06E5  1003               	clrc
  1295  06E6  0CF9               	rrf	(___lwmod@divisor+1),f
  1296  06E7  0CF8               	rrf	(___lwmod@divisor),f
  1297  06E8  3EFF               	addlw	-1
  1298  06E9  1D03               	skipz
  1299  06EA  2EE5               	goto	u2335
  1300                           	line	18
  1301                           	
  1302  06EB                     l2114:	
  1303  06EB  3001               	movlw	low(01h)
  1304  06EC  02FD               	subwf	(___lwmod@counter),f
  1305  06ED  1D03               	btfss	status,2
  1306  06EE  2EF0               	goto	u2341
  1307  06EF  2EF1               	goto	u2340
  1308  06F0                     u2341:
  1309  06F0  2ED3               	goto	l2108
  1310  06F1                     u2340:
  1311  06F1  2EF3               	goto	l2116
  1312                           	
  1313  06F2                     l752:	
  1314  06F2  2EF3               	goto	l2116
  1315                           	line	19
  1316                           	
  1317  06F3                     l746:	
  1318                           	line	20
  1319                           	
  1320  06F3                     l2116:	
  1321  06F3  087B               	movf	(___lwmod@dividend+1),w
  1322  06F4  01F9               	clrf	(?___lwmod+1)
  1323  06F5  07F9               	addwf	(?___lwmod+1)
  1324  06F6  087A               	movf	(___lwmod@dividend),w
  1325  06F7  01F8               	clrf	(?___lwmod)
  1326  06F8  07F8               	addwf	(?___lwmod)
  1327                           
  1328  06F9  2EFA               	goto	l753
  1329                           	
  1330  06FA                     l2118:	
  1331                           	line	21
  1332                           	
  1333  06FA                     l753:	
  1334  06FA  0008               	return
  1335                           	opt stack 0
  1336                           GLOBAL	__end_of___lwmod
  1337  06FB                     	__end_of___lwmod:
  1338 ;; =============== function ___lwmod ends ============
  1339                           
  1340                           	signat	___lwmod,8314
  1341                           	global	___lwdiv
  1342                           psect	text207,local,class=CODE,delta=2
  1343                           global __ptext207
  1344  06FB                     __ptext207:
  1345                           
  1346 ;; *************** function ___lwdiv *****************
  1347 ;; Defined at:
  1348 ;;		line 5 in file "C:\Program Files (x86)\HI-TECH Software\PICC\9.81\sources\lwdiv.c"
  1349 ;; Parameters:    Size  Location     Type
  1350 ;;  divisor         2    0[COMMON] unsigned int 
  1351 ;;  dividend        2    2[COMMON] unsigned int 
  1352 ;; Auto vars:     Size  Location     Type
  1353 ;;  quotient        2    5[COMMON] unsigned int 
  1354 ;;  counter         1    7[COMMON] unsigned char 
  1355 ;; Return value:  Size  Location     Type
  1356 ;;                  2    0[COMMON] unsigned int 
  1357 ;; Registers used:
  1358 ;;		wreg, status,2, status,0
  1359 ;; Tracked objects:
  1360 ;;		On entry : 0/0
  1361 ;;		On exit  : 0/0
  1362 ;;		Unchanged: 0/0
  1363 ;; Data sizes:     COMMON   BANK0   BANK1   BANK3   BANK2
  1364 ;;      Params:         4       0       0       0       0
  1365 ;;      Locals:         3       0       0       0       0
  1366 ;;      Temps:          1       0       0       0       0
  1367 ;;      Totals:         8       0       0       0       0
  1368 ;;Total ram usage:        8 bytes
  1369 ;; Hardware stack levels used:    1
  1370 ;; This function calls:
  1371 ;;		Nothing
  1372 ;; This function is called by:
  1373 ;;		_adc
  1374 ;; This function uses a non-reentrant model
  1375 ;;
  1376                           psect	text207
  1377                           	file	"C:\Program Files (x86)\HI-TECH Software\PICC\9.81\sources\lwdiv.c"
  1378                           	line	5
  1379                           	global	__size_of___lwdiv
  1380  004E                     	__size_of___lwdiv	equ	__end_of___lwdiv-___lwdiv
  1381                           	
  1382  06FB                     ___lwdiv:	
  1383                           	opt	stack 6
  1384                           ; Regs used in ___lwdiv: [wreg+status,2+status,0]
  1385                           	line	9
  1386                           	
  1387  06FB                     l2072:	
  1388  06FB  01F5               	clrf	(___lwdiv@quotient)
  1389  06FC  01F6               	clrf	(___lwdiv@quotient+1)
  1390                           	line	10
  1391                           	
  1392  06FD                     l2074:	
  1393  06FD  0871               	movf	(___lwdiv@divisor+1),w
  1394  06FE  0470               	iorwf	(___lwdiv@divisor),w
  1395  06FF  1903               	skipnz
  1396  0700  2F02               	goto	u2221
  1397  0701  2F03               	goto	u2220
  1398  0702                     u2221:
  1399  0702  2F41               	goto	l2094
  1400  0703                     u2220:
  1401                           	line	11
  1402                           	
  1403  0703                     l2076:	
  1404  0703  01F7               	clrf	(___lwdiv@counter)
  1405  0704  1403               	bsf	status,0
  1406  0705  0DF7               	rlf	(___lwdiv@counter),f
  1407                           	line	12
  1408  0706  2F13               	goto	l2082
  1409                           	
  1410  0707                     l738:	
  1411                           	line	13
  1412                           	
  1413  0707                     l2078:	
  1414  0707  3001               	movlw	01h
  1415                           	
  1416  0708                     u2235:
  1417  0708  1003               	clrc
  1418  0709  0DF0               	rlf	(___lwdiv@divisor),f
  1419  070A  0DF1               	rlf	(___lwdiv@divisor+1),f
  1420  070B  3EFF               	addlw	-1
  1421  070C  1D03               	skipz
  1422  070D  2F08               	goto	u2235
  1423                           	line	14
  1424                           	
  1425  070E                     l2080:	
  1426  070E  3001               	movlw	(01h)
  1427  070F  00F4               	movwf	(??___lwdiv+0)+0
  1428  0710  0874               	movf	(??___lwdiv+0)+0,w
  1429  0711  07F7               	addwf	(___lwdiv@counter),f
  1430  0712  2F13               	goto	l2082
  1431                           	line	15
  1432                           	
  1433  0713                     l737:	
  1434                           	line	12
  1435                           	
  1436  0713                     l2082:	
  1437  0713  1FF1               	btfss	(___lwdiv@divisor+1),(15)&7
  1438  0714  2F16               	goto	u2241
  1439  0715  2F17               	goto	u2240
  1440  0716                     u2241:
  1441  0716  2F07               	goto	l2078
  1442  0717                     u2240:
  1443  0717  2F19               	goto	l2084
  1444                           	
  1445  0718                     l739:	
  1446  0718  2F19               	goto	l2084
  1447                           	line	16
  1448                           	
  1449  0719                     l740:	
  1450                           	line	17
  1451                           	
  1452  0719                     l2084:	
  1453  0719  3001               	movlw	01h
  1454                           	
  1455  071A                     u2255:
  1456  071A  1003               	clrc
  1457  071B  0DF5               	rlf	(___lwdiv@quotient),f
  1458  071C  0DF6               	rlf	(___lwdiv@quotient+1),f
  1459  071D  3EFF               	addlw	-1
  1460  071E  1D03               	skipz
  1461  071F  2F1A               	goto	u2255
  1462                           	line	18
  1463  0720  0871               	movf	(___lwdiv@divisor+1),w
  1464  0721  0273               	subwf	(___lwdiv@dividend+1),w
  1465  0722  1D03               	skipz
  1466  0723  2F26               	goto	u2265
  1467  0724  0870               	movf	(___lwdiv@divisor),w
  1468  0725  0272               	subwf	(___lwdiv@dividend),w
  1469  0726                     u2265:
  1470  0726  1C03               	skipc
  1471  0727  2F29               	goto	u2261
  1472  0728  2F2A               	goto	u2260
  1473  0729                     u2261:
  1474  0729  2F32               	goto	l2090
  1475  072A                     u2260:
  1476                           	line	19
  1477                           	
  1478  072A                     l2086:	
  1479  072A  0870               	movf	(___lwdiv@divisor),w
  1480  072B  02F2               	subwf	(___lwdiv@dividend),f
  1481  072C  0871               	movf	(___lwdiv@divisor+1),w
  1482  072D  1C03               	skipc
  1483  072E  03F3               	decf	(___lwdiv@dividend+1),f
  1484  072F  02F3               	subwf	(___lwdiv@dividend+1),f
  1485                           	line	20
  1486                           	
  1487  0730                     l2088:	
  1488  0730  1475               	bsf	(___lwdiv@quotient)+(0/8),(0)&7
  1489  0731  2F32               	goto	l2090
  1490                           	line	21
  1491                           	
  1492  0732                     l741:	
  1493                           	line	22
  1494                           	
  1495  0732                     l2090:	
  1496  0732  3001               	movlw	01h
  1497                           	
  1498  0733                     u2275:
  1499  0733  1003               	clrc
  1500  0734  0CF1               	rrf	(___lwdiv@divisor+1),f
  1501  0735  0CF0               	rrf	(___lwdiv@divisor),f
  1502  0736  3EFF               	addlw	-1
  1503  0737  1D03               	skipz
  1504  0738  2F33               	goto	u2275
  1505                           	line	23
  1506                           	
  1507  0739                     l2092:	
  1508  0739  3001               	movlw	low(01h)
  1509  073A  02F7               	subwf	(___lwdiv@counter),f
  1510  073B  1D03               	btfss	status,2
  1511  073C  2F3E               	goto	u2281
  1512  073D  2F3F               	goto	u2280
  1513  073E                     u2281:
  1514  073E  2F19               	goto	l2084
  1515  073F                     u2280:
  1516  073F  2F41               	goto	l2094
  1517                           	
  1518  0740                     l742:	
  1519  0740  2F41               	goto	l2094
  1520                           	line	24
  1521                           	
  1522  0741                     l736:	
  1523                           	line	25
  1524                           	
  1525  0741                     l2094:	
  1526  0741  0876               	movf	(___lwdiv@quotient+1),w
  1527  0742  01F1               	clrf	(?___lwdiv+1)
  1528  0743  07F1               	addwf	(?___lwdiv+1)
  1529  0744  0875               	movf	(___lwdiv@quotient),w
  1530  0745  01F0               	clrf	(?___lwdiv)
  1531  0746  07F0               	addwf	(?___lwdiv)
  1532                           
  1533  0747  2F48               	goto	l743
  1534                           	
  1535  0748                     l2096:	
  1536                           	line	26
  1537                           	
  1538  0748                     l743:	
  1539  0748  0008               	return
  1540                           	opt stack 0
  1541                           GLOBAL	__end_of___lwdiv
  1542  0749                     	__end_of___lwdiv:
  1543 ;; =============== function ___lwdiv ends ============
  1544                           
  1545                           	signat	___lwdiv,8314
  1546                           	global	_setup
  1547                           psect	text208,local,class=CODE,delta=2
  1548                           global __ptext208
  1549  05B2                     __ptext208:
  1550                           
  1551 ;; *************** function _setup *****************
  1552 ;; Defined at:
  1553 ;;		line 11 in file "newmain.c"
  1554 ;; Parameters:    Size  Location     Type
  1555 ;;		None
  1556 ;; Auto vars:     Size  Location     Type
  1557 ;;		None
  1558 ;; Return value:  Size  Location     Type
  1559 ;;		None               void
  1560 ;; Registers used:
  1561 ;;		wreg
  1562 ;; Tracked objects:
  1563 ;;		On entry : 0/0
  1564 ;;		On exit  : 0/0
  1565 ;;		Unchanged: 0/0
  1566 ;; Data sizes:     COMMON   BANK0   BANK1   BANK3   BANK2
  1567 ;;      Params:         0       0       0       0       0
  1568 ;;      Locals:         0       0       0       0       0
  1569 ;;      Temps:          0       0       0       0       0
  1570 ;;      Totals:         0       0       0       0       0
  1571 ;;Total ram usage:        0 bytes
  1572 ;; Hardware stack levels used:    1
  1573 ;; This function calls:
  1574 ;;		Nothing
  1575 ;; This function is called by:
  1576 ;;		_main
  1577 ;; This function uses a non-reentrant model
  1578 ;;
  1579                           psect	text208
  1580                           	file	"newmain.c"
  1581                           	line	11
  1582                           	global	__size_of_setup
  1583  000A                     	__size_of_setup	equ	__end_of_setup-_setup
  1584                           	
  1585  05B2                     _setup:	
  1586                           	opt	stack 7
  1587                           ; Regs used in _setup: [wreg]
  1588                           	line	12
  1589                           	
  1590  05B2                     l1200:	
  1591                           ;newmain.c: 12: TRISB = TRISC0 = TRISC1 = 0;
  1592  05B2  1683               	bsf	status, 5	;RP0=1, select bank1
  1593  05B3  1303               	bcf	status, 6	;RP1=0, select bank1
  1594  05B4  1087               	bcf	(1081/8)^080h,(1081)&7
  1595  05B5  1007               	bcf	(1080/8)^080h,(1080)&7
  1596  05B6  3000               	movlw	0
  1597  05B7  1807               	btfsc	(1080/8)^080h,(1080)&7
  1598  05B8  3001               	movlw	1
  1599  05B9  0086               	movwf	(134)^080h	;volatile
  1600                           	line	13
  1601                           	
  1602  05BA                     l1202:	
  1603                           ;newmain.c: 13: TRISA0 = 1;
  1604  05BA  1405               	bsf	(1064/8)^080h,(1064)&7
  1605                           	line	14
  1606                           	
  1607  05BB                     l709:	
  1608  05BB  0008               	return
  1609                           	opt stack 0
  1610                           GLOBAL	__end_of_setup
  1611  05BC                     	__end_of_setup:
  1612 ;; =============== function _setup ends ============
  1613                           
  1614                           	signat	_setup,88
  1615                           	global	_lcd_delay
  1616                           psect	text209,local,class=CODE,delta=2
  1617                           global __ptext209
  1618  05BC                     __ptext209:
  1619                           
  1620 ;; *************** function _lcd_delay *****************
  1621 ;; Defined at:
  1622 ;;		line 125 in file "lcd4.h"
  1623 ;; Parameters:    Size  Location     Type
  1624 ;;		None
  1625 ;; Auto vars:     Size  Location     Type
  1626 ;;  lcd_delay       2    0[COMMON] unsigned int 
  1627 ;; Return value:  Size  Location     Type
  1628 ;;		None               void
  1629 ;; Registers used:
  1630 ;;		wreg, status,2
  1631 ;; Tracked objects:
  1632 ;;		On entry : 0/0
  1633 ;;		On exit  : 0/0
  1634 ;;		Unchanged: 0/0
  1635 ;; Data sizes:     COMMON   BANK0   BANK1   BANK3   BANK2
  1636 ;;      Params:         0       0       0       0       0
  1637 ;;      Locals:         2       0       0       0       0
  1638 ;;      Temps:          0       0       0       0       0
  1639 ;;      Totals:         2       0       0       0       0
  1640 ;;Total ram usage:        2 bytes
  1641 ;; Hardware stack levels used:    1
  1642 ;; This function calls:
  1643 ;;		Nothing
  1644 ;; This function is called by:
  1645 ;;		_cmd
  1646 ;;		_dat
  1647 ;; This function uses a non-reentrant model
  1648 ;;
  1649                           psect	text209
  1650                           	file	"lcd4.h"
  1651                           	line	125
  1652                           	global	__size_of_lcd_delay
  1653  001E                     	__size_of_lcd_delay	equ	__end_of_lcd_delay-_lcd_delay
  1654                           	
  1655  05BC                     _lcd_delay:	
  1656                           	opt	stack 5
  1657                           ; Regs used in _lcd_delay: [wreg+status,2]
  1658                           	line	129
  1659                           	
  1660  05BC                     l2064:	
  1661                           ;lcd4.h: 127: unsigned int lcd_delay;
  1662                           ;lcd4.h: 129: for (lcd_delay = 0; lcd_delay <= 1000; lcd_delay++);
  1663  05BC  01F0               	clrf	(lcd_delay@lcd_delay)
  1664  05BD  01F1               	clrf	(lcd_delay@lcd_delay+1)
  1665                           	
  1666  05BE                     l2066:	
  1667  05BE  3003               	movlw	high(03E9h)
  1668  05BF  0271               	subwf	(lcd_delay@lcd_delay+1),w
  1669  05C0  30E9               	movlw	low(03E9h)
  1670  05C1  1903               	skipnz
  1671  05C2  0270               	subwf	(lcd_delay@lcd_delay),w
  1672  05C3  1C03               	skipc
  1673  05C4  2DC6               	goto	u2201
  1674  05C5  2DC7               	goto	u2200
  1675  05C6                     u2201:
  1676  05C6  2DC9               	goto	l2070
  1677  05C7                     u2200:
  1678  05C7  2DD9               	goto	l706
  1679                           	
  1680  05C8                     l2068:	
  1681  05C8  2DD9               	goto	l706
  1682                           	
  1683  05C9                     l704:	
  1684                           	
  1685  05C9                     l2070:	
  1686  05C9  3001               	movlw	low(01h)
  1687  05CA  07F0               	addwf	(lcd_delay@lcd_delay),f
  1688  05CB  1803               	skipnc
  1689  05CC  0AF1               	incf	(lcd_delay@lcd_delay+1),f
  1690  05CD  3000               	movlw	high(01h)
  1691  05CE  07F1               	addwf	(lcd_delay@lcd_delay+1),f
  1692  05CF  3003               	movlw	high(03E9h)
  1693  05D0  0271               	subwf	(lcd_delay@lcd_delay+1),w
  1694  05D1  30E9               	movlw	low(03E9h)
  1695  05D2  1903               	skipnz
  1696  05D3  0270               	subwf	(lcd_delay@lcd_delay),w
  1697  05D4  1C03               	skipc
  1698  05D5  2DD7               	goto	u2211
  1699  05D6  2DD8               	goto	u2210
  1700  05D7                     u2211:
  1701  05D7  2DC9               	goto	l2070
  1702  05D8                     u2210:
  1703  05D8  2DD9               	goto	l706
  1704                           	
  1705  05D9                     l705:	
  1706                           	line	131
  1707                           	
  1708  05D9                     l706:	
  1709  05D9  0008               	return
  1710                           	opt stack 0
  1711                           GLOBAL	__end_of_lcd_delay
  1712  05DA                     	__end_of_lcd_delay:
  1713 ;; =============== function _lcd_delay ends ============
  1714                           
  1715                           	signat	_lcd_delay,88
  1716                           psect	text210,local,class=CODE,delta=2
  1717                           global __ptext210
  1718  0000                     __ptext210:
  1719                           	global	btemp
  1720  007E                     	btemp set 07Eh
  1721                           
  1722                           	DABS	1,126,2	;btemp
  1723                           	global	wtemp0
  1724  007E                     	wtemp0 set btemp


HI-TECH Software PICC Macro Assembler V9.81 build 7503 
Symbol Table                                                                                   Wed Nov 25 17:12:44 2020

                   pc 0002                    fsr 0004                   l700 0619                   l701 0619  
                 l704 05C9                   l712 0752                   l720 0638                   l705 05D9  
                 l713 0752                   l721 0638                   l706 05D9                   l714 0757  
                 l715 07FF                   l740 0719                   l709 05BB                   l741 0732  
                 l742 0740                   l750 06D3                   l718 062B                   l743 0748  
                 l751 06E4                   l719 0637                   l736 0741                   l752 06F2  
                 l737 0713                   l753 06FA                   l738 0707                   l746 06F3  
                 l739 0718                   l747 06CD                   l748 06C1                   l692 0678  
                 l749 06D2                   l695 06B6                   l689 05F8                   l698 060C  
                 l699 05FB                   _RC0 0038                   _RC1 0039                   _adc 0749  
                 _dat 0679                   _cmd 063B                   fsr0 0004                  ?_adc 0070  
                l1200 05B2                  l1202 05BA                  l2100 06BD                  l2110 06DD  
                l2102 06C1                  l2112 06E4                  l2104 06C8                  l2120 063C  
                l2114 06EB                  l2106 06CD                  l2130 0651                  l2122 063F  
                l2108 06D3                  l2116 06F3                  l2132 066A                  l2124 0648  
                l2140 067A                  l2070 05C9                  l2118 06FA                  l2134 066B  
                l2126 0649                  l2150 068F                  l2142 067D                  ?_dat 0070  
                l2064 05BC                  l2080 070E                  l2072 06FB                  l2136 0670  
                l2128 064E                  l2152 06A8                  l2144 0686                  l2160 05DA  
                l2066 05BE                  l2090 0732                  l2082 0713                  l2074 06FD  
                l2138 0673                  l2154 06A9                  l2146 0687                  l2162 05FA  
                l2170 0749                  ?_cmd 0070                  l2068 05C8                  l2092 0739  
                l2084 0719                  l2076 0703                  l2156 06AE                  l2148 068C  
                l2164 05FB                  l2180 07C0                  l2172 0757                  l2086 072A  
                l2078 0707                  l2094 0741                  l2158 06B1                  l2166 0607  
                l2182 07E7                  l2174 076A                  l2190 0631                  l2096 0748  
                l2088 0730                  l2168 060C                  l2176 0783                  l2184 061A  
                l2098 06B7                  l2178 0799                  l2186 0624                  l2188 062B  
                STR_1 0009                  u2200 05C7                  u2201 05C6                  u2210 05D8  
                u2211 05D7                  u2220 0703                  u2221 0702                  u2310 06D1  
                u2311 06D0                  u2240 0717                  u2320 06DD                  u2241 0716  
                u2321 06DC                  u2305 06C2                  u2235 0708                  u2260 072A  
                u2340 06F1                  u2261 0729                  u2341 06F0                  u2325 06D9  
                u2255 071A                  u2335 06E5                  u2280 073F                  u2281 073E  
                u2265 0726                  u2290 06BD                  u2370 0618                  u2275 0733  
                u2291 06BC                  u2355 065F                  u2371 0617                  u2380 0756  
                u2365 069D                  u2381 0755                  dat@b 0074                  cmd@a 0074  
                _main 061A                  _show 05F9                  btemp 007E                  start 0000  
               ??_adc 0020                 ??_dat 0072                 ??_cmd 0072                 ?_main 0070  
               ?_show 0070       __end_of___lwdiv 0749       __end_of___lwmod 06FB                 _PORTB 0006  
               _TRISB 0086                 _setup 05B2                 pclath 000A                 show@s 0076  
               status 0003                 wtemp0 007E          __end_of_main 063B          __end_of_show 061A  
  lcd_delay@lcd_delay 0070                ??_main 007E                ??_show 0075                _ADCON0 001F  
              _ADCON1 009F                _ADRESH 001E                _ADRESL 009E                ?_setup 0070  
              _TRISA0 0428                _TRISC0 0438                _TRISC1 0439      __end_of_lcd_init 05F9  
           ??___lwdiv 0074             ??___lwmod 007C        __pcstackCOMMON 0070         __end_of_setup 05BC  
  __size_of_lcd_delay 001E               ??_setup 0070            __pmaintext 061A             ?_lcd_init 0070  
   __end_of_lcd_delay 05DA               ___lwdiv 06FB               ___lwmod 06B7          __size_of_adc 00B7  
        __size_of_dat 003E          __size_of_cmd 003E            ??_lcd_init 0075  end_of_initialization 05AE  
 start_initialization 05AE           __end_of_adc 0800           __end_of_dat 06B7           __end_of_cmd 0679  
           adc@adcval 0024         __pcstackBANK0 0020     __size_of_lcd_init 001F      ___lwdiv@dividend 0072  
           __ptext200 0000             __ptext201 0749             __ptext210 0000             __ptext202 05F9  
           __ptext203 05DA             __ptext204 0679             __ptext205 063B             __ptext206 06B7  
           __ptext207 06FB             __ptext208 05B2             __ptext209 05BC              ?___lwdiv 0070  
            ?___lwmod 0078             _lcd_delay 05BC             __pstrings 0003      ___lwdiv@quotient 0075  
      __size_of_setup 000A              _GO_nDONE 00FA            ?_lcd_delay 0070           __stringbase 0008  
    __size_of___lwdiv 004E      __size_of___lwmod 0044       ___lwdiv@divisor 0070       ___lwdiv@counter 0077  
            _lcd_init 05DA         __size_of_main 0021         __size_of_show 0021           ??_lcd_delay 0070  
    ___lwmod@dividend 007A             stringcode 0003       ___lwmod@divisor 0078       ___lwmod@counter 007D  
            stringdir 0003              stringtab 0003  
