

HI-TECH Software PIC LITE Macro Assembler V9.81 build 7503 
                                                                                               Mon Sep 14 10:06:43 2020

HI-TECH Software Omniscient Code Generator (Lite mode) build 7503
     1  0000                     opt subtitle "HI-TECH Software Omniscient Code Generator (Lite mode) build 7503"
     2                           
     3                           opt pagewidth 120
     4                           
     5                           	opt lm
     6                           
     7                           	processor	16F877A
     8                           clrc	macro
     9                           	bcf	3,0
    10  0000                     	endm
    11                           clrz	macro
    12                           	bcf	3,2
    13  0000                     	endm
    14                           setc	macro
    15                           	bsf	3,0
    16  0000                     	endm
    17                           setz	macro
    18                           	bsf	3,2
    19  0000                     	endm
    20                           skipc	macro
    21                           	btfss	3,0
    22  0000                     	endm
    23                           skipz	macro
    24                           	btfss	3,2
    25  0000                     	endm
    26                           skipnc	macro
    27                           	btfsc	3,0
    28  0000                     	endm
    29                           skipnz	macro
    30                           	btfsc	3,2
    31  0000                     	endm
    32  0000                     indf	equ	0
    33  0000                     indf0	equ	0
    34  0002                     pc	equ	2
    35  0002                     pcl	equ	2
    36  0003                     status	equ	3
    37  0004                     fsr	equ	4
    38  0004                     fsr0	equ	4
    39  0001                     c	equ	1
    40  0000                     z	equ	0
    41  000A                     pclath	equ	10
    42                           	FNCALL	_main,_t0delay
    43                           	FNROOT	_main
    44                           	global	_PORTB
    45                           psect	maintext,global,class=CODE,delta=2
    46                           global __pmaintext
    47  07B8                     __pmaintext:
    48  0006                     _PORTB	set	6
    49                           	global	_T0IF
    50  005A                     _T0IF	set	90
    51                           	global	_OPTION_REG
    52  0081                     _OPTION_REG	set	129
    53                           	global	_TRISB
    54  0086                     _TRISB	set	134
    55                           	file	"C:\Users\BinhNGO\AppData\Local\Temp\s7ig."
    56                           	line	#
    57                           psect cinit,class=CODE,delta=2
    58                           global start_initialization
    59  07B4                     start_initialization:
    60                           
    61                           psect cinit,class=CODE,delta=2
    62                           global end_of_initialization
    63                           
    64                           ;End of C runtime variable initialization code
    65                           
    66  07B4                     end_of_initialization:
    67  07B4  0183               clrf status
    68  07B5  120A  118A  2FB8   ljmp _main	;jump to C main() function
    69                           psect	cstackCOMMON,class=COMMON,space=1
    70                           global __pcstackCOMMON
    71  0070                     __pcstackCOMMON:
    72                           	global	?_t0delay
    73  0070                     ?_t0delay:	; 0 bytes @ 0x0
    74                           	global	??_t0delay
    75  0070                     ??_t0delay:	; 0 bytes @ 0x0
    76                           	global	?_main
    77  0070                     ?_main:	; 0 bytes @ 0x0
    78                           	global	t0delay@i
    79  0070                     t0delay@i:	; 2 bytes @ 0x0
    80  0070                     	ds	2
    81                           	global	??_main
    82  0072                     ??_main:	; 0 bytes @ 0x2
    83 ;;Data sizes: Strings 0, constant 0, data 0, bss 0, persistent 0 stack 0
    84 ;;Auto spaces:   Size  Autos    Used
    85 ;; COMMON          14      2       2
    86 ;; BANK0           80      0       0
    87 ;; BANK1           80      0       0
    88 ;; BANK3           96      0       0
    89 ;; BANK2           96      0       0
    90                           
    91 ;;
    92 ;; Pointer list with targets:
    93                           
    94                           
    95                           
    96 ;;
    97 ;; Critical Paths under _main in COMMON
    98 ;;
    99 ;;   _main->_t0delay
   100 ;;
   101 ;; Critical Paths under _main in BANK0
   102 ;;
   103 ;;   None.
   104 ;;
   105 ;; Critical Paths under _main in BANK1
   106 ;;
   107 ;;   None.
   108 ;;
   109 ;; Critical Paths under _main in BANK3
   110 ;;
   111 ;;   None.
   112 ;;
   113 ;; Critical Paths under _main in BANK2
   114 ;;
   115 ;;   None.
   116                           
   117 ;;
   118 ;;Main: autosize = 0, tempsize = 0, incstack = 0, save=0
   119 ;;
   120                           
   121 ;;
   122 ;;Call Graph Tables:
   123 ;;
   124 ;; ---------------------------------------------------------------------------------
   125 ;; (Depth) Function   	        Calls       Base Space   Used Autos Params    Refs
   126 ;; ---------------------------------------------------------------------------------
   127 ;; (0) _main                                                 0     0      0      30
   128 ;;                            _t0delay
   129 ;; ---------------------------------------------------------------------------------
   130 ;; (1) _t0delay                                              2     2      0      30
   131 ;;                                              0 COMMON     2     2      0
   132 ;; ---------------------------------------------------------------------------------
   133 ;; Estimated maximum stack depth 1
   134 ;; ---------------------------------------------------------------------------------
   135                           
   136 ;; Call Graph Graphs:
   137                           
   138 ;; _main (ROOT)
   139 ;;   _t0delay
   140 ;;
   141                           
   142 ;; Address spaces:
   143                           
   144 ;;Name               Size   Autos  Total    Cost      Usage
   145 ;;BITCOMMON            E      0       0       0        0.0%
   146 ;;EEDATA             100      0       0       0        0.0%
   147 ;;NULL                 0      0       0       0        0.0%
   148 ;;CODE                 0      0       0       0        0.0%
   149 ;;COMMON               E      2       2       1       14.3%
   150 ;;BITSFR0              0      0       0       1        0.0%
   151 ;;SFR0                 0      0       0       1        0.0%
   152 ;;BITSFR1              0      0       0       2        0.0%
   153 ;;SFR1                 0      0       0       2        0.0%
   154 ;;STACK                0      0       1       2        0.0%
   155 ;;ABS                  0      0       0       3        0.0%
   156 ;;BITBANK0            50      0       0       4        0.0%
   157 ;;BITSFR3              0      0       0       4        0.0%
   158 ;;SFR3                 0      0       0       4        0.0%
   159 ;;BANK0               50      0       0       5        0.0%
   160 ;;BITSFR2              0      0       0       5        0.0%
   161 ;;SFR2                 0      0       0       5        0.0%
   162 ;;BITBANK1            50      0       0       6        0.0%
   163 ;;BANK1               50      0       0       7        0.0%
   164 ;;BITBANK3            60      0       0       8        0.0%
   165 ;;BANK3               60      0       0       9        0.0%
   166 ;;BITBANK2            60      0       0      10        0.0%
   167 ;;BANK2               60      0       0      11        0.0%
   168 ;;DATA                 0      0       0      12        0.0%
   169                           
   170                           	global	_main
   171                           psect	maintext
   172                           
   173 ;; *************** function _main *****************
   174 ;; Defined at:
   175 ;;		line 13 in file "newmain.c"
   176 ;; Parameters:    Size  Location     Type
   177 ;;		None
   178 ;; Auto vars:     Size  Location     Type
   179 ;;		None
   180 ;; Return value:  Size  Location     Type
   181 ;;		None               void
   182 ;; Registers used:
   183 ;;		wreg, status,2, status,0, btemp+1, pclath, cstack
   184 ;; Tracked objects:
   185 ;;		On entry : 17F/0
   186 ;;		On exit  : 0/0
   187 ;;		Unchanged: 0/0
   188 ;; Data sizes:     COMMON   BANK0   BANK1   BANK3   BANK2
   189 ;;      Params:         0       0       0       0       0
   190 ;;      Locals:         0       0       0       0       0
   191 ;;      Temps:          0       0       0       0       0
   192 ;;      Totals:         0       0       0       0       0
   193 ;;Total ram usage:        0 bytes
   194 ;; Hardware stack levels required when called:    1
   195 ;; This function calls:
   196 ;;		_t0delay
   197 ;; This function is called by:
   198 ;;		Startup code after reset
   199 ;; This function uses a non-reentrant model
   200 ;;
   201                           psect	maintext
   202                           	file	"newmain.c"
   203                           	line	13
   204                           	global	__size_of_main
   205  001C                     	__size_of_main	equ	__end_of_main-_main
   206                           	
   207  07B8                     _main:	
   208                           	opt	stack 7
   209                           ; Regs used in _main: [wreg+status,2+status,0+btemp+1+pclath+cstack]
   210                           	line	14
   211                           	
   212  07B8                     l1843:	
   213                           ;newmain.c: 14: TRISB=0;
   214  07B8  1683               	bsf	status, 5	;RP0=1, select bank1
   215  07B9  1303               	bcf	status, 6	;RP1=0, select bank1
   216  07BA  0186               	clrf	(134)^080h	;volatile
   217                           	line	15
   218                           	
   219  07BB                     l1845:	
   220                           ;newmain.c: 15: OPTION_REG=0x07;
   221  07BB  3007               	movlw	(07h)
   222  07BC  0081               	movwf	(129)^080h	;volatile
   223  07BD  2FBE               	goto	l1847
   224                           	line	17
   225                           ;newmain.c: 17: while(1) {
   226                           	
   227  07BE                     l687:	
   228                           	line	18
   229                           	
   230  07BE                     l1847:	
   231                           ;newmain.c: 18: PORTB=0xff;
   232  07BE  30FF               	movlw	(0FFh)
   233  07BF  1283               	bcf	status, 5	;RP0=0, select bank0
   234  07C0  1303               	bcf	status, 6	;RP1=0, select bank0
   235  07C1  0086               	movwf	(6)	;volatile
   236                           	line	19
   237                           	
   238  07C2                     l1849:	
   239                           ;newmain.c: 19: t0delay();
   240  07C2  120A  118A  27D4   	fcall	_t0delay
              120A  118A         
   241                           	line	20
   242                           	
   243  07C7                     l1851:	
   244                           ;newmain.c: 20: PORTB=0x00;
   245  07C7  1283               	bcf	status, 5	;RP0=0, select bank0
   246  07C8  1303               	bcf	status, 6	;RP1=0, select bank0
   247  07C9  0186               	clrf	(6)	;volatile
   248                           	line	21
   249                           ;newmain.c: 21: t0delay();
   250  07CA  120A  118A  27D4   	fcall	_t0delay
              120A  118A         
   251  07CF  2FBE               	goto	l1847
   252                           	line	22
   253                           	
   254  07D0                     l688:	
   255                           	line	17
   256  07D0  2FBE               	goto	l1847
   257                           	
   258  07D1                     l689:	
   259                           	line	23
   260                           	
   261  07D1                     l690:	
   262                           	global	start
   263  07D1  120A  118A  2800   	ljmp	start
   264                           	opt stack 0
   265                           GLOBAL	__end_of_main
   266  07D4                     	__end_of_main:
   267 ;; =============== function _main ends ============
   268                           
   269                           	signat	_main,88
   270                           	global	_t0delay
   271                           psect	text55,local,class=CODE,delta=2
   272                           global __ptext55
   273  07D4                     __ptext55:
   274                           
   275 ;; *************** function _t0delay *****************
   276 ;; Defined at:
   277 ;;		line 26 in file "newmain.c"
   278 ;; Parameters:    Size  Location     Type
   279 ;;		None
   280 ;; Auto vars:     Size  Location     Type
   281 ;;  i               2    0[COMMON] int 
   282 ;; Return value:  Size  Location     Type
   283 ;;		None               void
   284 ;; Registers used:
   285 ;;		wreg, status,2, btemp+1
   286 ;; Tracked objects:
   287 ;;		On entry : 0/0
   288 ;;		On exit  : 0/0
   289 ;;		Unchanged: 0/0
   290 ;; Data sizes:     COMMON   BANK0   BANK1   BANK3   BANK2
   291 ;;      Params:         0       0       0       0       0
   292 ;;      Locals:         2       0       0       0       0
   293 ;;      Temps:          0       0       0       0       0
   294 ;;      Totals:         2       0       0       0       0
   295 ;;Total ram usage:        2 bytes
   296 ;; Hardware stack levels used:    1
   297 ;; This function calls:
   298 ;;		Nothing
   299 ;; This function is called by:
   300 ;;		_main
   301 ;; This function uses a non-reentrant model
   302 ;;
   303                           psect	text55
   304                           	file	"newmain.c"
   305                           	line	26
   306                           	global	__size_of_t0delay
   307  002C                     	__size_of_t0delay	equ	__end_of_t0delay-_t0delay
   308                           	
   309  07D4                     _t0delay:	
   310                           	opt	stack 7
   311                           ; Regs used in _t0delay: [wreg+status,2+btemp+1]
   312                           	line	28
   313                           	
   314  07D4                     l1067:	
   315                           ;newmain.c: 27: int i;
   316                           ;newmain.c: 28: for(i=0;i<42;i++) {
   317  07D4  01F0               	clrf	(t0delay@i)
   318  07D5  01F1               	clrf	(t0delay@i+1)
   319                           	
   320  07D6                     l1069:	
   321  07D6  0871               	movf	(t0delay@i+1),w
   322  07D7  3A80               	xorlw	80h
   323  07D8  00FF               	movwf	btemp+1
   324  07D9  3080               	movlw	(high(02Ah))^80h
   325  07DA  027F               	subwf	btemp+1,w
   326  07DB  1D03               	skipz
   327  07DC  2FDF               	goto	u15
   328  07DD  302A               	movlw	low(02Ah)
   329  07DE  0270               	subwf	(t0delay@i),w
   330  07DF                     u15:
   331                           
   332  07DF  1C03               	skipc
   333  07E0  2FE2               	goto	u11
   334  07E1  2FE3               	goto	u10
   335  07E2                     u11:
   336  07E2  2FE6               	goto	l695
   337  07E3                     u10:
   338  07E3  2FFF               	goto	l698
   339                           	
   340  07E4                     l1071:	
   341  07E4  2FFF               	goto	l698
   342                           	
   343  07E5                     l693:	
   344                           	line	29
   345                           ;newmain.c: 29: while(!T0IF);
   346  07E5  2FE6               	goto	l695
   347                           	
   348  07E6                     l696:	
   349                           	
   350  07E6                     l695:	
   351  07E6  1D0B               	btfss	(90/8),(90)&7
   352  07E7  2FE9               	goto	u21
   353  07E8  2FEA               	goto	u20
   354  07E9                     u21:
   355  07E9  2FE6               	goto	l695
   356  07EA                     u20:
   357                           	
   358  07EA                     l697:	
   359                           	line	30
   360                           ;newmain.c: 30: T0IF=0;
   361  07EA  110B               	bcf	(90/8),(90)&7
   362                           	line	28
   363                           	
   364  07EB                     l1073:	
   365  07EB  3001               	movlw	low(01h)
   366  07EC  07F0               	addwf	(t0delay@i),f
   367  07ED  1803               	skipnc
   368  07EE  0AF1               	incf	(t0delay@i+1),f
   369  07EF  3000               	movlw	high(01h)
   370  07F0  07F1               	addwf	(t0delay@i+1),f
   371                           	
   372  07F1                     l1075:	
   373  07F1  0871               	movf	(t0delay@i+1),w
   374  07F2  3A80               	xorlw	80h
   375  07F3  00FF               	movwf	btemp+1
   376  07F4  3080               	movlw	(high(02Ah))^80h
   377  07F5  027F               	subwf	btemp+1,w
   378  07F6  1D03               	skipz
   379  07F7  2FFA               	goto	u35
   380  07F8  302A               	movlw	low(02Ah)
   381  07F9  0270               	subwf	(t0delay@i),w
   382  07FA                     u35:
   383                           
   384  07FA  1C03               	skipc
   385  07FB  2FFD               	goto	u31
   386  07FC  2FFE               	goto	u30
   387  07FD                     u31:
   388  07FD  2FE6               	goto	l695
   389  07FE                     u30:
   390  07FE  2FFF               	goto	l698
   391                           	
   392  07FF                     l694:	
   393                           	line	32
   394                           	
   395  07FF                     l698:	
   396  07FF  0008               	return
   397                           	opt stack 0
   398                           GLOBAL	__end_of_t0delay
   399  0800                     	__end_of_t0delay:
   400 ;; =============== function _t0delay ends ============
   401                           
   402                           	signat	_t0delay,88
   403                           psect	text56,local,class=CODE,delta=2
   404                           global __ptext56
   405  0000                     __ptext56:
   406                           	global	btemp
   407  007E                     	btemp set 07Eh
   408                           
   409                           	DABS	1,126,2	;btemp
   410                           	global	wtemp0
   411  007E                     	wtemp0 set btemp


HI-TECH Software PICC Macro Assembler V9.81 build 7503 
Symbol Table                                                                                   Mon Sep 14 10:06:43 2020

                  u10 07E3                    u11 07E2                    u20 07EA                    u21 07E9  
                  u30 07FE                    u31 07FD                    u15 07DF                    u35 07FA  
                 l690 07D1                   l693 07E5                   l694 07FF                   l695 07E6  
                 l687 07BE                   l696 07E6                   l688 07D0                   l697 07EA  
                 l689 07D1                   l698 07FF                  l1071 07E4                  l1073 07EB  
                l1075 07F1                  l1067 07D4                  l1069 07D6                  l1851 07C7  
                l1843 07B8                  l1845 07BB                  l1847 07BE                  l1849 07C2  
                _T0IF 005A                  _main 07B8                  btemp 007E                  start 0000  
     __end_of_t0delay 0800                 ?_main 0070                 _PORTB 0006                 _TRISB 0086  
               status 0003                 wtemp0 007E          __end_of_main 07D4                ??_main 0072  
           ??_t0delay 0070        __pcstackCOMMON 0070            __pmaintext 07B8               _t0delay 07D4  
end_of_initialization 07B4   start_initialization 07B4              ?_t0delay 0070              t0delay@i 0070  
    __size_of_t0delay 002C              __ptext55 07D4              __ptext56 0000         __size_of_main 001C  
          _OPTION_REG 0081  
